C:\Users\kartang\Documents\GitHub\Aspnet\ApplicationInsights-aspnet5\test\Microsoft.ApplicationInsights.AspNet.Tests\ExceptionTrackingMiddlewareTest.cs(16,10): DNX,Version=v4.5.1 error CS0246: The type or namespace name 'Fact' could not be found (are you missing a using directive or an assembly reference?) [C:\Users\kartang\Documents\GitHub\Aspnet\ApplicationInsights-aspnet5\test\Microsoft.ApplicationInsights.AspNet.Tests\Microsoft.ApplicationInsights.AspNet.Tests.xproj]
C:\Users\kartang\Documents\GitHub\Aspnet\ApplicationInsights-aspnet5\test\Microsoft.ApplicationInsights.AspNet.Tests\ExceptionTrackingMiddlewareTest.cs(27,10): DNX,Version=v4.5.1 error CS0246: The type or namespace name 'Fact' could not be found (are you missing a using directive or an assembly reference?) [C:\Users\kartang\Documents\GitHub\Aspnet\ApplicationInsights-aspnet5\test\Microsoft.ApplicationInsights.AspNet.Tests\Microsoft.ApplicationInsights.AspNet.Tests.xproj]
C:\Users\kartang\Documents\GitHub\Aspnet\ApplicationInsights-aspnet5\test\Microsoft.ApplicationInsights.AspNet.Tests\Extensions\ApplicationInsightsExtensionsTests.cs(35,14): DNX,Version=v4.5.1 error CS0246: The type or namespace name 'Theory' could not be found (are you missing a using directive or an assembly reference?) [C:\Users\kartang\Documents\GitHub\Aspnet\ApplicationInsights-aspnet5\test\Microsoft.ApplicationInsights.AspNet.Tests\Microsoft.ApplicationInsights.AspNet.Tests.xproj]
C:\Users\kartang\Documents\GitHub\Aspnet\ApplicationInsights-aspnet5\test\Microsoft.ApplicationInsights.AspNet.Tests\Extensions\ApplicationInsightsExtensionsTests.cs(36,14): DNX,Version=v4.5.1 error CS0246: The type or namespace name 'InlineData' could not be found (are you missing a using directive or an assembly reference?) [C:\Users\kartang\Documents\GitHub\Aspnet\ApplicationInsights-aspnet5\test\Microsoft.ApplicationInsights.AspNet.Tests\Microsoft.ApplicationInsights.AspNet.Tests.xproj]
C:\Users\kartang\Documents\GitHub\Aspnet\ApplicationInsights-aspnet5\test\Microsoft.ApplicationInsights.AspNet.Tests\Extensions\ApplicationInsightsExtensionsTests.cs(37,14): DNX,Version=v4.5.1 error CS0246: The type or namespace name 'InlineData' could not be found (are you missing a using directive or an assembly reference?) [C:\Users\kartang\Documents\GitHub\Aspnet\ApplicationInsights-aspnet5\test\Microsoft.ApplicationInsights.AspNet.Tests\Microsoft.ApplicationInsights.AspNet.Tests.xproj]
C:\Users\kartang\Documents\GitHub\Aspnet\ApplicationInsights-aspnet5\test\Microsoft.ApplicationInsights.AspNet.Tests\Extensions\ApplicationInsightsExtensionsTests.cs(38,14): DNX,Version=v4.5.1 error CS0246: The type or namespace name 'InlineData' could not be found (are you missing a using directive or an assembly reference?) [C:\Users\kartang\Documents\GitHub\Aspnet\ApplicationInsights-aspnet5\test\Microsoft.ApplicationInsights.AspNet.Tests\Microsoft.ApplicationInsights.AspNet.Tests.xproj]
C:\Users\kartang\Documents\GitHub\Aspnet\ApplicationInsights-aspnet5\test\Microsoft.ApplicationInsights.AspNet.Tests\Extensions\ApplicationInsightsExtensionsTests.cs(39,14): DNX,Version=v4.5.1 error CS0246: The type or namespace name 'InlineData' could not be found (are you missing a using directive or an assembly reference?) [C:\Users\kartang\Documents\GitHub\Aspnet\ApplicationInsights-aspnet5\test\Microsoft.ApplicationInsights.AspNet.Tests\Microsoft.ApplicationInsights.AspNet.Tests.xproj]
C:\Users\kartang\Documents\GitHub\Aspnet\ApplicationInsights-aspnet5\test\Microsoft.ApplicationInsights.AspNet.Tests\Extensions\ApplicationInsightsExtensionsTests.cs(40,14): DNX,Version=v4.5.1 error CS0246: The type or namespace name 'InlineData' could not be found (are you missing a using directive or an assembly reference?) [C:\Users\kartang\Documents\GitHub\Aspnet\ApplicationInsights-aspnet5\test\Microsoft.ApplicationInsights.AspNet.Tests\Microsoft.ApplicationInsights.AspNet.Tests.xproj]
C:\Users\kartang\Documents\GitHub\Aspnet\ApplicationInsights-aspnet5\test\Microsoft.ApplicationInsights.AspNet.Tests\Extensions\ApplicationInsightsExtensionsTests.cs(41,14): DNX,Version=v4.5.1 error CS0246: The type or namespace name 'InlineData' could not be found (are you missing a using directive or an assembly reference?) [C:\Users\kartang\Documents\GitHub\Aspnet\ApplicationInsights-aspnet5\test\Microsoft.ApplicationInsights.AspNet.Tests\Microsoft.ApplicationInsights.AspNet.Tests.xproj]
C:\Users\kartang\Documents\GitHub\Aspnet\ApplicationInsights-aspnet5\test\Microsoft.ApplicationInsights.AspNet.Tests\Extensions\ApplicationInsightsExtensionsTests.cs(42,14): DNX,Version=v4.5.1 error CS0246: The type or namespace name 'InlineData' could not be found (are you missing a using directive or an assembly reference?) [C:\Users\kartang\Documents\GitHub\Aspnet\ApplicationInsights-aspnet5\test\Microsoft.ApplicationInsights.AspNet.Tests\Microsoft.ApplicationInsights.AspNet.Tests.xproj]
C:\Users\kartang\Documents\GitHub\Aspnet\ApplicationInsights-aspnet5\test\Microsoft.ApplicationInsights.AspNet.Tests\Extensions\ApplicationInsightsExtensionsTests.cs(43,14): DNX,Version=v4.5.1 error CS0246: The type or namespace name 'InlineData' could not be found (are you missing a using directive or an assembly reference?) [C:\Users\kartang\Documents\GitHub\Aspnet\ApplicationInsights-aspnet5\test\Microsoft.ApplicationInsights.AspNet.Tests\Microsoft.ApplicationInsights.AspNet.Tests.xproj]
C:\Users\kartang\Documents\GitHub\Aspnet\ApplicationInsights-aspnet5\test\Microsoft.ApplicationInsights.AspNet.Tests\Extensions\ApplicationInsightsExtensionsTests.cs(44,14): DNX,Version=v4.5.1 error CS0246: The type or namespace name 'InlineData' could not be found (are you missing a using directive or an assembly reference?) [C:\Users\kartang\Documents\GitHub\Aspnet\ApplicationInsights-aspnet5\test\Microsoft.ApplicationInsights.AspNet.Tests\Microsoft.ApplicationInsights.AspNet.Tests.xproj]
C:\Users\kartang\Documents\GitHub\Aspnet\ApplicationInsights-aspnet5\test\Microsoft.ApplicationInsights.AspNet.Tests\Extensions\ApplicationInsightsExtensionsTests.cs(55,14): DNX,Version=v4.5.1 error CS0246: The type or namespace name 'Fact' could not be found (are you missing a using directive or an assembly reference?) [C:\Users\kartang\Documents\GitHub\Aspnet\ApplicationInsights-aspnet5\test\Microsoft.ApplicationInsights.AspNet.Tests\Microsoft.ApplicationInsights.AspNet.Tests.xproj]
C:\Users\kartang\Documents\GitHub\Aspnet\ApplicationInsights-aspnet5\test\Microsoft.ApplicationInsights.AspNet.Tests\Extensions\ApplicationInsightsExtensionsTests.cs(66,14): DNX,Version=v4.5.1 error CS0246: The type or namespace name 'Fact' could not be found (are you missing a using directive or an assembly reference?) [C:\Users\kartang\Documents\GitHub\Aspnet\ApplicationInsights-aspnet5\test\Microsoft.ApplicationInsights.AspNet.Tests\Microsoft.ApplicationInsights.AspNet.Tests.xproj]
C:\Users\kartang\Documents\GitHub\Aspnet\ApplicationInsights-aspnet5\test\Microsoft.ApplicationInsights.AspNet.Tests\Extensions\ApplicationInsightsExtensionsTests.cs(78,14): DNX,Version=v4.5.1 error CS0246: The type or namespace name 'Fact' could not be found (are you missing a using directive or an assembly reference?) [C:\Users\kartang\Documents\GitHub\Aspnet\ApplicationInsights-aspnet5\test\Microsoft.ApplicationInsights.AspNet.Tests\Microsoft.ApplicationInsights.AspNet.Tests.xproj]
C:\Users\kartang\Documents\GitHub\Aspnet\ApplicationInsights-aspnet5\test\Microsoft.ApplicationInsights.AspNet.Tests\Extensions\ApplicationInsightsExtensionsTests.cs(91,14): DNX,Version=v4.5.1 error CS0246: The type or namespace name 'Fact' could not be found (are you missing a using directive or an assembly reference?) [C:\Users\kartang\Documents\GitHub\Aspnet\ApplicationInsights-aspnet5\test\Microsoft.ApplicationInsights.AspNet.Tests\Microsoft.ApplicationInsights.AspNet.Tests.xproj]
C:\Users\kartang\Documents\GitHub\Aspnet\ApplicationInsights-aspnet5\test\Microsoft.ApplicationInsights.AspNet.Tests\Extensions\ApplicationInsightsExtensionsTests.cs(104,14): DNX,Version=v4.5.1 error CS0246: The type or namespace name 'Fact' could not be found (are you missing a using directive or an assembly reference?) [C:\Users\kartang\Documents\GitHub\Aspnet\ApplicationInsights-aspnet5\test\Microsoft.ApplicationInsights.AspNet.Tests\Microsoft.ApplicationInsights.AspNet.Tests.xproj]
C:\Users\kartang\Documents\GitHub\Aspnet\ApplicationInsights-aspnet5\test\Microsoft.ApplicationInsights.AspNet.Tests\Extensions\ApplicationInsightsExtensionsTests.cs(117,14): DNX,Version=v4.5.1 error CS0246: The type or namespace name 'Fact' could not be found (are you missing a using directive or an assembly reference?) [C:\Users\kartang\Documents\GitHub\Aspnet\ApplicationInsights-aspnet5\test\Microsoft.ApplicationInsights.AspNet.Tests\Microsoft.ApplicationInsights.AspNet.Tests.xproj]
C:\Users\kartang\Documents\GitHub\Aspnet\ApplicationInsights-aspnet5\test\Microsoft.ApplicationInsights.AspNet.Tests\Extensions\ApplicationInsightsExtensionsTests.cs(138,14): DNX,Version=v4.5.1 error CS0246: The type or namespace name 'Fact' could not be found (are you missing a using directive or an assembly reference?) [C:\Users\kartang\Documents\GitHub\Aspnet\ApplicationInsights-aspnet5\test\Microsoft.ApplicationInsights.AspNet.Tests\Microsoft.ApplicationInsights.AspNet.Tests.xproj]
C:\Users\kartang\Documents\GitHub\Aspnet\ApplicationInsights-aspnet5\test\Microsoft.ApplicationInsights.AspNet.Tests\Extensions\ApplicationInsightsExtensionsTests.cs(158,14): DNX,Version=v4.5.1 error CS0246: The type or namespace name 'Fact' could not be found (are you missing a using directive or an assembly reference?) [C:\Users\kartang\Documents\GitHub\Aspnet\ApplicationInsights-aspnet5\test\Microsoft.ApplicationInsights.AspNet.Tests\Microsoft.ApplicationInsights.AspNet.Tests.xproj]
C:\Users\kartang\Documents\GitHub\Aspnet\ApplicationInsights-aspnet5\test\Microsoft.ApplicationInsights.AspNet.Tests\Extensions\ApplicationInsightsExtensionsTests.cs(178,14): DNX,Version=v4.5.1 error CS0246: The type or namespace name 'Fact' could not be found (are you missing a using directive or an assembly reference?) [C:\Users\kartang\Documents\GitHub\Aspnet\ApplicationInsights-aspnet5\test\Microsoft.ApplicationInsights.AspNet.Tests\Microsoft.ApplicationInsights.AspNet.Tests.xproj]
C:\Users\kartang\Documents\GitHub\Aspnet\ApplicationInsights-aspnet5\test\Microsoft.ApplicationInsights.AspNet.Tests\Extensions\ApplicationInsightsExtensionsTests.cs(192,14): DNX,Version=v4.5.1 error CS0246: The type or namespace name 'Fact' could not be found (are you missing a using directive or an assembly reference?) [C:\Users\kartang\Documents\GitHub\Aspnet\ApplicationInsights-aspnet5\test\Microsoft.ApplicationInsights.AspNet.Tests\Microsoft.ApplicationInsights.AspNet.Tests.xproj]
C:\Users\kartang\Documents\GitHub\Aspnet\ApplicationInsights-aspnet5\test\Microsoft.ApplicationInsights.AspNet.Tests\Extensions\ApplicationInsightsExtensionsTests.cs(206,14): DNX,Version=v4.5.1 error CS0246: The type or namespace name 'Fact' could not be found (are you missing a using directive or an assembly reference?) [C:\Users\kartang\Documents\GitHub\Aspnet\ApplicationInsights-aspnet5\test\Microsoft.ApplicationInsights.AspNet.Tests\Microsoft.ApplicationInsights.AspNet.Tests.xproj]
C:\Users\kartang\Documents\GitHub\Aspnet\ApplicationInsights-aspnet5\test\Microsoft.ApplicationInsights.AspNet.Tests\Extensions\ApplicationInsightsExtensionsTests.cs(218,14): DNX,Version=v4.5.1 error CS0246: The type or namespace name 'Fact' could not be found (are you missing a using directive or an assembly reference?) [C:\Users\kartang\Documents\GitHub\Aspnet\ApplicationInsights-aspnet5\test\Microsoft.ApplicationInsights.AspNet.Tests\Microsoft.ApplicationInsights.AspNet.Tests.xproj]
C:\Users\kartang\Documents\GitHub\Aspnet\ApplicationInsights-aspnet5\test\Microsoft.ApplicationInsights.AspNet.Tests\Extensions\ApplicationInsightsExtensionsTests.cs(242,14): DNX,Version=v4.5.1 error CS0246: The type or namespace name 'Fact' could not be found (are you missing a using directive or an assembly reference?) [C:\Users\kartang\Documents\GitHub\Aspnet\ApplicationInsights-aspnet5\test\Microsoft.ApplicationInsights.AspNet.Tests\Microsoft.ApplicationInsights.AspNet.Tests.xproj]
C:\Users\kartang\Documents\GitHub\Aspnet\ApplicationInsights-aspnet5\test\Microsoft.ApplicationInsights.AspNet.Tests\Extensions\ApplicationInsightsExtensionsTests.cs(265,14): DNX,Version=v4.5.1 error CS0246: The type or namespace name 'Fact' could not be found (are you missing a using directive or an assembly reference?) [C:\Users\kartang\Documents\GitHub\Aspnet\ApplicationInsights-aspnet5\test\Microsoft.ApplicationInsights.AspNet.Tests\Microsoft.ApplicationInsights.AspNet.Tests.xproj]
C:\Users\kartang\Documents\GitHub\Aspnet\ApplicationInsights-aspnet5\test\Microsoft.ApplicationInsights.AspNet.Tests\Extensions\ApplicationInsightsExtensionsTests.cs(278,14): DNX,Version=v4.5.1 error CS0246: The type or namespace name 'Fact' could not be found (are you missing a using directive or an assembly reference?) [C:\Users\kartang\Documents\GitHub\Aspnet\ApplicationInsights-aspnet5\test\Microsoft.ApplicationInsights.AspNet.Tests\Microsoft.ApplicationInsights.AspNet.Tests.xproj]
C:\Users\kartang\Documents\GitHub\Aspnet\ApplicationInsights-aspnet5\test\Microsoft.ApplicationInsights.AspNet.Tests\Extensions\ApplicationInsightsExtensionsTests.cs(290,14): DNX,Version=v4.5.1 error CS0246: The type or namespace name 'Fact' could not be found (are you missing a using directive or an assembly reference?) [C:\Users\kartang\Documents\GitHub\Aspnet\ApplicationInsights-aspnet5\test\Microsoft.ApplicationInsights.AspNet.Tests\Microsoft.ApplicationInsights.AspNet.Tests.xproj]
C:\Users\kartang\Documents\GitHub\Aspnet\ApplicationInsights-aspnet5\test\Microsoft.ApplicationInsights.AspNet.Tests\JavaScript\ApplicationInsightsJavaScriptTest.cs(9,10): DNX,Version=v4.5.1 error CS0246: The type or namespace name 'Fact' could not be found (are you missing a using directive or an assembly reference?) [C:\Users\kartang\Documents\GitHub\Aspnet\ApplicationInsights-aspnet5\test\Microsoft.ApplicationInsights.AspNet.Tests\Microsoft.ApplicationInsights.AspNet.Tests.xproj]
C:\Users\kartang\Documents\GitHub\Aspnet\ApplicationInsights-aspnet5\test\Microsoft.ApplicationInsights.AspNet.Tests\JavaScript\ApplicationInsightsJavaScriptTest.cs(17,10): DNX,Version=v4.5.1 error CS0246: The type or namespace name 'Fact' could not be found (are you missing a using directive or an assembly reference?) [C:\Users\kartang\Documents\GitHub\Aspnet\ApplicationInsights-aspnet5\test\Microsoft.ApplicationInsights.AspNet.Tests\Microsoft.ApplicationInsights.AspNet.Tests.xproj]
C:\Users\kartang\Documents\GitHub\Aspnet\ApplicationInsights-aspnet5\test\Microsoft.ApplicationInsights.AspNet.Tests\JavaScript\ApplicationInsightsJavaScriptTest.cs(26,10): DNX,Version=v4.5.1 error CS0246: The type or namespace name 'Fact' could not be found (are you missing a using directive or an assembly reference?) [C:\Users\kartang\Documents\GitHub\Aspnet\ApplicationInsights-aspnet5\test\Microsoft.ApplicationInsights.AspNet.Tests\Microsoft.ApplicationInsights.AspNet.Tests.xproj]
C:\Users\kartang\Documents\GitHub\Aspnet\ApplicationInsights-aspnet5\test\Microsoft.ApplicationInsights.AspNet.Tests\RequestTrackingMiddlewareTest.cs(39,10): DNX,Version=v4.5.1 error CS0246: The type or namespace name 'Fact' could not be found (are you missing a using directive or an assembly reference?) [C:\Users\kartang\Documents\GitHub\Aspnet\ApplicationInsights-aspnet5\test\Microsoft.ApplicationInsights.AspNet.Tests\Microsoft.ApplicationInsights.AspNet.Tests.xproj]
C:\Users\kartang\Documents\GitHub\Aspnet\ApplicationInsights-aspnet5\test\Microsoft.ApplicationInsights.AspNet.Tests\RequestTrackingMiddlewareTest.cs(52,10): DNX,Version=v4.5.1 error CS0246: The type or namespace name 'Fact' could not be found (are you missing a using directive or an assembly reference?) [C:\Users\kartang\Documents\GitHub\Aspnet\ApplicationInsights-aspnet5\test\Microsoft.ApplicationInsights.AspNet.Tests\Microsoft.ApplicationInsights.AspNet.Tests.xproj]
C:\Users\kartang\Documents\GitHub\Aspnet\ApplicationInsights-aspnet5\test\Microsoft.ApplicationInsights.AspNet.Tests\RequestTrackingMiddlewareTest.cs(71,10): DNX,Version=v4.5.1 error CS0246: The type or namespace name 'Fact' could not be found (are you missing a using directive or an assembly reference?) [C:\Users\kartang\Documents\GitHub\Aspnet\ApplicationInsights-aspnet5\test\Microsoft.ApplicationInsights.AspNet.Tests\Microsoft.ApplicationInsights.AspNet.Tests.xproj]
C:\Users\kartang\Documents\GitHub\Aspnet\ApplicationInsights-aspnet5\test\Microsoft.ApplicationInsights.AspNet.Tests\Extensions\HttpRequestExtensionsTest.cs(16,10): DNX,Version=v4.5.1 error CS0246: The type or namespace name 'Fact' could not be found (are you missing a using directive or an assembly reference?) [C:\Users\kartang\Documents\GitHub\Aspnet\ApplicationInsights-aspnet5\test\Microsoft.ApplicationInsights.AspNet.Tests\Microsoft.ApplicationInsights.AspNet.Tests.xproj]
C:\Users\kartang\Documents\GitHub\Aspnet\ApplicationInsights-aspnet5\test\Microsoft.ApplicationInsights.AspNet.Tests\Extensions\HttpRequestExtensionsTest.cs(27,10): DNX,Version=v4.5.1 error CS0246: The type or namespace name 'Fact' could not be found (are you missing a using directive or an assembly reference?) [C:\Users\kartang\Documents\GitHub\Aspnet\ApplicationInsights-aspnet5\test\Microsoft.ApplicationInsights.AspNet.Tests\Microsoft.ApplicationInsights.AspNet.Tests.xproj]
C:\Users\kartang\Documents\GitHub\Aspnet\ApplicationInsights-aspnet5\test\Microsoft.ApplicationInsights.AspNet.Tests\Extensions\HttpRequestExtensionsTest.cs(42,10): DNX,Version=v4.5.1 error CS0246: The type or namespace name 'Fact' could not be found (are you missing a using directive or an assembly reference?) [C:\Users\kartang\Documents\GitHub\Aspnet\ApplicationInsights-aspnet5\test\Microsoft.ApplicationInsights.AspNet.Tests\Microsoft.ApplicationInsights.AspNet.Tests.xproj]
C:\Users\kartang\Documents\GitHub\Aspnet\ApplicationInsights-aspnet5\test\Microsoft.ApplicationInsights.AspNet.Tests\Extensions\HttpRequestExtensionsTest.cs(58,10): DNX,Version=v4.5.1 error CS0246: The type or namespace name 'Fact' could not be found (are you missing a using directive or an assembly reference?) [C:\Users\kartang\Documents\GitHub\Aspnet\ApplicationInsights-aspnet5\test\Microsoft.ApplicationInsights.AspNet.Tests\Microsoft.ApplicationInsights.AspNet.Tests.xproj]
C:\Users\kartang\Documents\GitHub\Aspnet\ApplicationInsights-aspnet5\test\Microsoft.ApplicationInsights.AspNet.Tests\Extensions\HttpRequestExtensionsTest.cs(73,10): DNX,Version=v4.5.1 error CS0246: The type or namespace name 'Fact' could not be found (are you missing a using directive or an assembly reference?) [C:\Users\kartang\Documents\GitHub\Aspnet\ApplicationInsights-aspnet5\test\Microsoft.ApplicationInsights.AspNet.Tests\Microsoft.ApplicationInsights.AspNet.Tests.xproj]
C:\Users\kartang\Documents\GitHub\Aspnet\ApplicationInsights-aspnet5\test\Microsoft.ApplicationInsights.AspNet.Tests\Extensions\HttpRequestExtensionsTest.cs(89,10): DNX,Version=v4.5.1 error CS0246: The type or namespace name 'Fact' could not be found (are you missing a using directive or an assembly reference?) [C:\Users\kartang\Documents\GitHub\Aspnet\ApplicationInsights-aspnet5\test\Microsoft.ApplicationInsights.AspNet.Tests\Microsoft.ApplicationInsights.AspNet.Tests.xproj]
C:\Users\kartang\Documents\GitHub\Aspnet\ApplicationInsights-aspnet5\test\Microsoft.ApplicationInsights.AspNet.Tests\TelemetryInitializers\ClientIpHeaderTelemetryInitializerTests.cs(13,10): DNX,Version=v4.5.1 error CS0246: The type or namespace name 'Fact' could not be found (are you missing a using directive or an assembly reference?) [C:\Users\kartang\Documents\GitHub\Aspnet\ApplicationInsights-aspnet5\test\Microsoft.ApplicationInsights.AspNet.Tests\Microsoft.ApplicationInsights.AspNet.Tests.xproj]
C:\Users\kartang\Documents\GitHub\Aspnet\ApplicationInsights-aspnet5\test\Microsoft.ApplicationInsights.AspNet.Tests\TelemetryInitializers\ClientIpHeaderTelemetryInitializerTests.cs(19,10): DNX,Version=v4.5.1 error CS0246: The type or namespace name 'Fact' could not be found (are you missing a using directive or an assembly reference?) [C:\Users\kartang\Documents\GitHub\Aspnet\ApplicationInsights-aspnet5\test\Microsoft.ApplicationInsights.AspNet.Tests\Microsoft.ApplicationInsights.AspNet.Tests.xproj]
C:\Users\kartang\Documents\GitHub\Aspnet\ApplicationInsights-aspnet5\test\Microsoft.ApplicationInsights.AspNet.Tests\TelemetryInitializers\ClientIpHeaderTelemetryInitializerTests.cs(29,10): DNX,Version=v4.5.1 error CS0246: The type or namespace name 'Fact' could not be found (are you missing a using directive or an assembly reference?) [C:\Users\kartang\Documents\GitHub\Aspnet\ApplicationInsights-aspnet5\test\Microsoft.ApplicationInsights.AspNet.Tests\Microsoft.ApplicationInsights.AspNet.Tests.xproj]
C:\Users\kartang\Documents\GitHub\Aspnet\ApplicationInsights-aspnet5\test\Microsoft.ApplicationInsights.AspNet.Tests\TelemetryInitializers\ClientIpHeaderTelemetryInitializerTests.cs(39,10): DNX,Version=v4.5.1 error CS0246: The type or namespace name 'Fact' could not be found (are you missing a using directive or an assembly reference?) [C:\Users\kartang\Documents\GitHub\Aspnet\ApplicationInsights-aspnet5\test\Microsoft.ApplicationInsights.AspNet.Tests\Microsoft.ApplicationInsights.AspNet.Tests.xproj]
C:\Users\kartang\Documents\GitHub\Aspnet\ApplicationInsights-aspnet5\test\Microsoft.ApplicationInsights.AspNet.Tests\TelemetryInitializers\ClientIpHeaderTelemetryInitializerTests.cs(53,10): DNX,Version=v4.5.1 error CS0246: The type or namespace name 'Fact' could not be found (are you missing a using directive or an assembly reference?) [C:\Users\kartang\Documents\GitHub\Aspnet\ApplicationInsights-aspnet5\test\Microsoft.ApplicationInsights.AspNet.Tests\Microsoft.ApplicationInsights.AspNet.Tests.xproj]
C:\Users\kartang\Documents\GitHub\Aspnet\ApplicationInsights-aspnet5\test\Microsoft.ApplicationInsights.AspNet.Tests\TelemetryInitializers\ClientIpHeaderTelemetryInitializerTests.cs(69,10): DNX,Version=v4.5.1 error CS0246: The type or namespace name 'Fact' could not be found (are you missing a using directive or an assembly reference?) [C:\Users\kartang\Documents\GitHub\Aspnet\ApplicationInsights-aspnet5\test\Microsoft.ApplicationInsights.AspNet.Tests\Microsoft.ApplicationInsights.AspNet.Tests.xproj]
C:\Users\kartang\Documents\GitHub\Aspnet\ApplicationInsights-aspnet5\test\Microsoft.ApplicationInsights.AspNet.Tests\TelemetryInitializers\OperationIdTelemetryInitializerTest.cs(13,10): DNX,Version=v4.5.1 error CS0246: The type or namespace name 'Fact' could not be found (are you missing a using directive or an assembly reference?) [C:\Users\kartang\Documents\GitHub\Aspnet\ApplicationInsights-aspnet5\test\Microsoft.ApplicationInsights.AspNet.Tests\Microsoft.ApplicationInsights.AspNet.Tests.xproj]
C:\Users\kartang\Documents\GitHub\Aspnet\ApplicationInsights-aspnet5\test\Microsoft.ApplicationInsights.AspNet.Tests\TelemetryInitializers\OperationIdTelemetryInitializerTest.cs(19,10): DNX,Version=v4.5.1 error CS0246: The type or namespace name 'Fact' could not be found (are you missing a using directive or an assembly reference?) [C:\Users\kartang\Documents\GitHub\Aspnet\ApplicationInsights-aspnet5\test\Microsoft.ApplicationInsights.AspNet.Tests\Microsoft.ApplicationInsights.AspNet.Tests.xproj]
C:\Users\kartang\Documents\GitHub\Aspnet\ApplicationInsights-aspnet5\test\Microsoft.ApplicationInsights.AspNet.Tests\TelemetryInitializers\OperationIdTelemetryInitializerTest.cs(29,10): DNX,Version=v4.5.1 error CS0246: The type or namespace name 'Fact' could not be found (are you missing a using directive or an assembly reference?) [C:\Users\kartang\Documents\GitHub\Aspnet\ApplicationInsights-aspnet5\test\Microsoft.ApplicationInsights.AspNet.Tests\Microsoft.ApplicationInsights.AspNet.Tests.xproj]
C:\Users\kartang\Documents\GitHub\Aspnet\ApplicationInsights-aspnet5\test\Microsoft.ApplicationInsights.AspNet.Tests\TelemetryInitializers\OperationIdTelemetryInitializerTest.cs(39,10): DNX,Version=v4.5.1 error CS0246: The type or namespace name 'Fact' could not be found (are you missing a using directive or an assembly reference?) [C:\Users\kartang\Documents\GitHub\Aspnet\ApplicationInsights-aspnet5\test\Microsoft.ApplicationInsights.AspNet.Tests\Microsoft.ApplicationInsights.AspNet.Tests.xproj]
C:\Users\kartang\Documents\GitHub\Aspnet\ApplicationInsights-aspnet5\test\Microsoft.ApplicationInsights.AspNet.Tests\TelemetryInitializers\OperationIdTelemetryInitializerTest.cs(53,10): DNX,Version=v4.5.1 error CS0246: The type or namespace name 'Fact' could not be found (are you missing a using directive or an assembly reference?) [C:\Users\kartang\Documents\GitHub\Aspnet\ApplicationInsights-aspnet5\test\Microsoft.ApplicationInsights.AspNet.Tests\Microsoft.ApplicationInsights.AspNet.Tests.xproj]
C:\Users\kartang\Documents\GitHub\Aspnet\ApplicationInsights-aspnet5\test\Microsoft.ApplicationInsights.AspNet.Tests\TelemetryInitializers\OperationNameTelemetryInitializerTests.cs(19,10): DNX,Version=v4.5.1 error CS0246: The type or namespace name 'Fact' could not be found (are you missing a using directive or an assembly reference?) [C:\Users\kartang\Documents\GitHub\Aspnet\ApplicationInsights-aspnet5\test\Microsoft.ApplicationInsights.AspNet.Tests\Microsoft.ApplicationInsights.AspNet.Tests.xproj]
C:\Users\kartang\Documents\GitHub\Aspnet\ApplicationInsights-aspnet5\test\Microsoft.ApplicationInsights.AspNet.Tests\TelemetryInitializers\OperationNameTelemetryInitializerTests.cs(28,10): DNX,Version=v4.5.1 error CS0246: The type or namespace name 'Fact' could not be found (are you missing a using directive or an assembly reference?) [C:\Users\kartang\Documents\GitHub\Aspnet\ApplicationInsights-aspnet5\test\Microsoft.ApplicationInsights.AspNet.Tests\Microsoft.ApplicationInsights.AspNet.Tests.xproj]
C:\Users\kartang\Documents\GitHub\Aspnet\ApplicationInsights-aspnet5\test\Microsoft.ApplicationInsights.AspNet.Tests\TelemetryInitializers\OperationNameTelemetryInitializerTests.cs(38,10): DNX,Version=v4.5.1 error CS0246: The type or namespace name 'Fact' could not be found (are you missing a using directive or an assembly reference?) [C:\Users\kartang\Documents\GitHub\Aspnet\ApplicationInsights-aspnet5\test\Microsoft.ApplicationInsights.AspNet.Tests\Microsoft.ApplicationInsights.AspNet.Tests.xproj]
C:\Users\kartang\Documents\GitHub\Aspnet\ApplicationInsights-aspnet5\test\Microsoft.ApplicationInsights.AspNet.Tests\TelemetryInitializers\OperationNameTelemetryInitializerTests.cs(48,10): DNX,Version=v4.5.1 error CS0246: The type or namespace name 'Fact' could not be found (are you missing a using directive or an assembly reference?) [C:\Users\kartang\Documents\GitHub\Aspnet\ApplicationInsights-aspnet5\test\Microsoft.ApplicationInsights.AspNet.Tests\Microsoft.ApplicationInsights.AspNet.Tests.xproj]
C:\Users\kartang\Documents\GitHub\Aspnet\ApplicationInsights-aspnet5\test\Microsoft.ApplicationInsights.AspNet.Tests\TelemetryInitializers\OperationNameTelemetryInitializerTests.cs(62,10): DNX,Version=v4.5.1 error CS0246: The type or namespace name 'Fact' could not be found (are you missing a using directive or an assembly reference?) [C:\Users\kartang\Documents\GitHub\Aspnet\ApplicationInsights-aspnet5\test\Microsoft.ApplicationInsights.AspNet.Tests\Microsoft.ApplicationInsights.AspNet.Tests.xproj]
C:\Users\kartang\Documents\GitHub\Aspnet\ApplicationInsights-aspnet5\test\Microsoft.ApplicationInsights.AspNet.Tests\TelemetryInitializers\OperationNameTelemetryInitializerTests.cs(75,10): DNX,Version=v4.5.1 error CS0246: The type or namespace name 'Fact' could not be found (are you missing a using directive or an assembly reference?) [C:\Users\kartang\Documents\GitHub\Aspnet\ApplicationInsights-aspnet5\test\Microsoft.ApplicationInsights.AspNet.Tests\Microsoft.ApplicationInsights.AspNet.Tests.xproj]
C:\Users\kartang\Documents\GitHub\Aspnet\ApplicationInsights-aspnet5\test\Microsoft.ApplicationInsights.AspNet.Tests\TelemetryInitializers\OperationNameTelemetryInitializerTests.cs(88,10): DNX,Version=v4.5.1 error CS0246: The type or namespace name 'Fact' could not be found (are you missing a using directive or an assembly reference?) [C:\Users\kartang\Documents\GitHub\Aspnet\ApplicationInsights-aspnet5\test\Microsoft.ApplicationInsights.AspNet.Tests\Microsoft.ApplicationInsights.AspNet.Tests.xproj]
C:\Users\kartang\Documents\GitHub\Aspnet\ApplicationInsights-aspnet5\test\Microsoft.ApplicationInsights.AspNet.Tests\TelemetryInitializers\OperationNameTelemetryInitializerTests.cs(108,10): DNX,Version=v4.5.1 error CS0246: The type or namespace name 'Fact' could not be found (are you missing a using directive or an assembly reference?) [C:\Users\kartang\Documents\GitHub\Aspnet\ApplicationInsights-aspnet5\test\Microsoft.ApplicationInsights.AspNet.Tests\Microsoft.ApplicationInsights.AspNet.Tests.xproj]
C:\Users\kartang\Documents\GitHub\Aspnet\ApplicationInsights-aspnet5\test\Microsoft.ApplicationInsights.AspNet.Tests\TelemetryInitializers\OperationNameTelemetryInitializerTests.cs(129,10): DNX,Version=v4.5.1 error CS0246: The type or namespace name 'Fact' could not be found (are you missing a using directive or an assembly reference?) [C:\Users\kartang\Documents\GitHub\Aspnet\ApplicationInsights-aspnet5\test\Microsoft.ApplicationInsights.AspNet.Tests\Microsoft.ApplicationInsights.AspNet.Tests.xproj]
C:\Users\kartang\Documents\GitHub\Aspnet\ApplicationInsights-aspnet5\test\Microsoft.ApplicationInsights.AspNet.Tests\TelemetryInitializers\OperationNameTelemetryInitializerTests.cs(151,10): DNX,Version=v4.5.1 error CS0246: The type or namespace name 'Fact' could not be found (are you missing a using directive or an assembly reference?) [C:\Users\kartang\Documents\GitHub\Aspnet\ApplicationInsights-aspnet5\test\Microsoft.ApplicationInsights.AspNet.Tests\Microsoft.ApplicationInsights.AspNet.Tests.xproj]
C:\Users\kartang\Documents\GitHub\Aspnet\ApplicationInsights-aspnet5\test\Microsoft.ApplicationInsights.AspNet.Tests\TelemetryInitializers\OperationNameTelemetryInitializerTests.cs(175,10): DNX,Version=v4.5.1 error CS0246: The type or namespace name 'Fact' could not be found (are you missing a using directive or an assembly reference?) [C:\Users\kartang\Documents\GitHub\Aspnet\ApplicationInsights-aspnet5\test\Microsoft.ApplicationInsights.AspNet.Tests\Microsoft.ApplicationInsights.AspNet.Tests.xproj]
C:\Users\kartang\Documents\GitHub\Aspnet\ApplicationInsights-aspnet5\test\Microsoft.ApplicationInsights.AspNet.Tests\TelemetryInitializers\OperationNameTelemetryInitializerTests.cs(196,10): DNX,Version=v4.5.1 error CS0246: The type or namespace name 'Fact' could not be found (are you missing a using directive or an assembly reference?) [C:\Users\kartang\Documents\GitHub\Aspnet\ApplicationInsights-aspnet5\test\Microsoft.ApplicationInsights.AspNet.Tests\Microsoft.ApplicationInsights.AspNet.Tests.xproj]
C:\Users\kartang\Documents\GitHub\Aspnet\ApplicationInsights-aspnet5\test\Microsoft.ApplicationInsights.AspNet.Tests\TelemetryInitializers\WebSessionTelemetryInitializerTests.cs(14,10): DNX,Version=v4.5.1 error CS0246: The type or namespace name 'Fact' could not be found (are you missing a using directive or an assembly reference?) [C:\Users\kartang\Documents\GitHub\Aspnet\ApplicationInsights-aspnet5\test\Microsoft.ApplicationInsights.AspNet.Tests\Microsoft.ApplicationInsights.AspNet.Tests.xproj]
C:\Users\kartang\Documents\GitHub\Aspnet\ApplicationInsights-aspnet5\test\Microsoft.ApplicationInsights.AspNet.Tests\TelemetryInitializers\WebSessionTelemetryInitializerTests.cs(20,10): DNX,Version=v4.5.1 error CS0246: The type or namespace name 'Fact' could not be found (are you missing a using directive or an assembly reference?) [C:\Users\kartang\Documents\GitHub\Aspnet\ApplicationInsights-aspnet5\test\Microsoft.ApplicationInsights.AspNet.Tests\Microsoft.ApplicationInsights.AspNet.Tests.xproj]
C:\Users\kartang\Documents\GitHub\Aspnet\ApplicationInsights-aspnet5\test\Microsoft.ApplicationInsights.AspNet.Tests\TelemetryInitializers\UserAgentTelemetryInitializerTests.cs(15,10): DNX,Version=v4.5.1 error CS0246: The type or namespace name 'Fact' could not be found (are you missing a using directive or an assembly reference?) [C:\Users\kartang\Documents\GitHub\Aspnet\ApplicationInsights-aspnet5\test\Microsoft.ApplicationInsights.AspNet.Tests\Microsoft.ApplicationInsights.AspNet.Tests.xproj]
C:\Users\kartang\Documents\GitHub\Aspnet\ApplicationInsights-aspnet5\test\Microsoft.ApplicationInsights.AspNet.Tests\TelemetryInitializers\WebSessionTelemetryInitializerTests.cs(30,10): DNX,Version=v4.5.1 error CS0246: The type or namespace name 'Fact' could not be found (are you missing a using directive or an assembly reference?) [C:\Users\kartang\Documents\GitHub\Aspnet\ApplicationInsights-aspnet5\test\Microsoft.ApplicationInsights.AspNet.Tests\Microsoft.ApplicationInsights.AspNet.Tests.xproj]
C:\Users\kartang\Documents\GitHub\Aspnet\ApplicationInsights-aspnet5\test\Microsoft.ApplicationInsights.AspNet.Tests\TelemetryInitializers\UserAgentTelemetryInitializerTests.cs(21,10): DNX,Version=v4.5.1 error CS0246: The type or namespace name 'Fact' could not be found (are you missing a using directive or an assembly reference?) [C:\Users\kartang\Documents\GitHub\Aspnet\ApplicationInsights-aspnet5\test\Microsoft.ApplicationInsights.AspNet.Tests\Microsoft.ApplicationInsights.AspNet.Tests.xproj]
C:\Users\kartang\Documents\GitHub\Aspnet\ApplicationInsights-aspnet5\test\Microsoft.ApplicationInsights.AspNet.Tests\TelemetryInitializers\WebSessionTelemetryInitializerTests.cs(40,10): DNX,Version=v4.5.1 error CS0246: The type or namespace name 'Fact' could not be found (are you missing a using directive or an assembly reference?) [C:\Users\kartang\Documents\GitHub\Aspnet\ApplicationInsights-aspnet5\test\Microsoft.ApplicationInsights.AspNet.Tests\Microsoft.ApplicationInsights.AspNet.Tests.xproj]
C:\Users\kartang\Documents\GitHub\Aspnet\ApplicationInsights-aspnet5\test\Microsoft.ApplicationInsights.AspNet.Tests\TelemetryInitializers\WebSessionTelemetryInitializerTests.cs(53,10): DNX,Version=v4.5.1 error CS0246: The type or namespace name 'Fact' could not be found (are you missing a using directive or an assembly reference?) [C:\Users\kartang\Documents\GitHub\Aspnet\ApplicationInsights-aspnet5\test\Microsoft.ApplicationInsights.AspNet.Tests\Microsoft.ApplicationInsights.AspNet.Tests.xproj]
C:\Users\kartang\Documents\GitHub\Aspnet\ApplicationInsights-aspnet5\test\Microsoft.ApplicationInsights.AspNet.Tests\TelemetryInitializers\UserAgentTelemetryInitializerTests.cs(31,10): DNX,Version=v4.5.1 error CS0246: The type or namespace name 'Fact' could not be found (are you missing a using directive or an assembly reference?) [C:\Users\kartang\Documents\GitHub\Aspnet\ApplicationInsights-aspnet5\test\Microsoft.ApplicationInsights.AspNet.Tests\Microsoft.ApplicationInsights.AspNet.Tests.xproj]
C:\Users\kartang\Documents\GitHub\Aspnet\ApplicationInsights-aspnet5\test\Microsoft.ApplicationInsights.AspNet.Tests\TelemetryInitializers\UserAgentTelemetryInitializerTests.cs(41,10): DNX,Version=v4.5.1 error CS0246: The type or namespace name 'Fact' could not be found (are you missing a using directive or an assembly reference?) [C:\Users\kartang\Documents\GitHub\Aspnet\ApplicationInsights-aspnet5\test\Microsoft.ApplicationInsights.AspNet.Tests\Microsoft.ApplicationInsights.AspNet.Tests.xproj]
C:\Users\kartang\Documents\GitHub\Aspnet\ApplicationInsights-aspnet5\test\Microsoft.ApplicationInsights.AspNet.Tests\TelemetryInitializers\UserAgentTelemetryInitializerTests.cs(54,10): DNX,Version=v4.5.1 error CS0246: The type or namespace name 'Fact' could not be found (are you missing a using directive or an assembly reference?) [C:\Users\kartang\Documents\GitHub\Aspnet\ApplicationInsights-aspnet5\test\Microsoft.ApplicationInsights.AspNet.Tests\Microsoft.ApplicationInsights.AspNet.Tests.xproj]
C:\Users\kartang\Documents\GitHub\Aspnet\ApplicationInsights-aspnet5\test\Microsoft.ApplicationInsights.AspNet.Tests\TelemetryInitializers\WebUserTelemetryInitializerTests.cs(14,10): DNX,Version=v4.5.1 error CS0246: The type or namespace name 'Fact' could not be found (are you missing a using directive or an assembly reference?) [C:\Users\kartang\Documents\GitHub\Aspnet\ApplicationInsights-aspnet5\test\Microsoft.ApplicationInsights.AspNet.Tests\Microsoft.ApplicationInsights.AspNet.Tests.xproj]
C:\Users\kartang\Documents\GitHub\Aspnet\ApplicationInsights-aspnet5\test\Microsoft.ApplicationInsights.AspNet.Tests\TelemetryInitializers\WebUserTelemetryInitializerTests.cs(20,10): DNX,Version=v4.5.1 error CS0246: The type or namespace name 'Fact' could not be found (are you missing a using directive or an assembly reference?) [C:\Users\kartang\Documents\GitHub\Aspnet\ApplicationInsights-aspnet5\test\Microsoft.ApplicationInsights.AspNet.Tests\Microsoft.ApplicationInsights.AspNet.Tests.xproj]
C:\Users\kartang\Documents\GitHub\Aspnet\ApplicationInsights-aspnet5\test\Microsoft.ApplicationInsights.AspNet.Tests\TelemetryInitializers\WebUserTelemetryInitializerTests.cs(30,10): DNX,Version=v4.5.1 error CS0246: The type or namespace name 'Fact' could not be found (are you missing a using directive or an assembly reference?) [C:\Users\kartang\Documents\GitHub\Aspnet\ApplicationInsights-aspnet5\test\Microsoft.ApplicationInsights.AspNet.Tests\Microsoft.ApplicationInsights.AspNet.Tests.xproj]
C:\Users\kartang\Documents\GitHub\Aspnet\ApplicationInsights-aspnet5\test\Microsoft.ApplicationInsights.AspNet.Tests\TelemetryInitializers\WebUserTelemetryInitializerTests.cs(40,10): DNX,Version=v4.5.1 error CS0246: The type or namespace name 'Fact' could not be found (are you missing a using directive or an assembly reference?) [C:\Users\kartang\Documents\GitHub\Aspnet\ApplicationInsights-aspnet5\test\Microsoft.ApplicationInsights.AspNet.Tests\Microsoft.ApplicationInsights.AspNet.Tests.xproj]
C:\Users\kartang\Documents\GitHub\Aspnet\ApplicationInsights-aspnet5\test\Microsoft.ApplicationInsights.AspNet.Tests\TelemetryInitializers\WebUserTelemetryInitializerTests.cs(54,10): DNX,Version=v4.5.1 error CS0246: The type or namespace name 'Fact' could not be found (are you missing a using directive or an assembly reference?) [C:\Users\kartang\Documents\GitHub\Aspnet\ApplicationInsights-aspnet5\test\Microsoft.ApplicationInsights.AspNet.Tests\Microsoft.ApplicationInsights.AspNet.Tests.xproj]
C:\Users\kartang\Documents\GitHub\Aspnet\ApplicationInsights-aspnet5\test\Microsoft.ApplicationInsights.AspNet.Tests\TelemetryInitializers\WebUserTelemetryInitializerTests.cs(68,10): DNX,Version=v4.5.1 error CS0246: The type or namespace name 'Fact' could not be found (are you missing a using directive or an assembly reference?) [C:\Users\kartang\Documents\GitHub\Aspnet\ApplicationInsights-aspnet5\test\Microsoft.ApplicationInsights.AspNet.Tests\Microsoft.ApplicationInsights.AspNet.Tests.xproj]
C:\Users\kartang\Documents\GitHub\Aspnet\ApplicationInsights-aspnet5\test\Microsoft.ApplicationInsights.AspNet.Tests\TelemetryInitializers\WebUserTelemetryInitializerTests.cs(81,10): DNX,Version=v4.5.1 error CS0246: The type or namespace name 'Fact' could not be found (are you missing a using directive or an assembly reference?) [C:\Users\kartang\Documents\GitHub\Aspnet\ApplicationInsights-aspnet5\test\Microsoft.ApplicationInsights.AspNet.Tests\Microsoft.ApplicationInsights.AspNet.Tests.xproj]
C:\Users\kartang\Documents\GitHub\Aspnet\ApplicationInsights-aspnet5\test\Microsoft.ApplicationInsights.AspNet.Tests\TelemetryInitializers\DomainNameRoleInstanceTelemetryInitializerTests.cs(17,10): DNX,Version=v4.5.1 error CS0246: The type or namespace name 'Fact' could not be found (are you missing a using directive or an assembly reference?) [C:\Users\kartang\Documents\GitHub\Aspnet\ApplicationInsights-aspnet5\test\Microsoft.ApplicationInsights.AspNet.Tests\Microsoft.ApplicationInsights.AspNet.Tests.xproj]
C:\Users\kartang\Documents\GitHub\Aspnet\ApplicationInsights-aspnet5\test\Microsoft.ApplicationInsights.AspNet.Tests\TelemetryInitializers\DomainNameRoleInstanceTelemetryInitializerTests.cs(26,10): DNX,Version=v4.5.1 error CS0246: The type or namespace name 'Fact' could not be found (are you missing a using directive or an assembly reference?) [C:\Users\kartang\Documents\GitHub\Aspnet\ApplicationInsights-aspnet5\test\Microsoft.ApplicationInsights.AspNet.Tests\Microsoft.ApplicationInsights.AspNet.Tests.xproj]
C:\Users\kartang\Documents\GitHub\Aspnet\ApplicationInsights-aspnet5\test\Microsoft.ApplicationInsights.AspNet.Tests\TelemetryInitializers\DomainNameRoleInstanceTelemetryInitializerTests.cs(36,10): DNX,Version=v4.5.1 error CS0246: The type or namespace name 'Fact' could not be found (are you missing a using directive or an assembly reference?) [C:\Users\kartang\Documents\GitHub\Aspnet\ApplicationInsights-aspnet5\test\Microsoft.ApplicationInsights.AspNet.Tests\Microsoft.ApplicationInsights.AspNet.Tests.xproj]
C:\Users\kartang\Documents\GitHub\Aspnet\ApplicationInsights-aspnet5\test\Microsoft.ApplicationInsights.AspNet.Tests\TelemetryInitializers\DomainNameRoleInstanceTelemetryInitializerTests.cs(46,10): DNX,Version=v4.5.1 error CS0246: The type or namespace name 'Fact' could not be found (are you missing a using directive or an assembly reference?) [C:\Users\kartang\Documents\GitHub\Aspnet\ApplicationInsights-aspnet5\test\Microsoft.ApplicationInsights.AspNet.Tests\Microsoft.ApplicationInsights.AspNet.Tests.xproj]
C:\Users\kartang\Documents\GitHub\Aspnet\ApplicationInsights-aspnet5\test\Microsoft.ApplicationInsights.AspNet.Tests\TelemetryInitializers\DomainNameRoleInstanceTelemetryInitializerTests.cs(67,10): DNX,Version=v4.5.1 error CS0246: The type or namespace name 'Fact' could not be found (are you missing a using directive or an assembly reference?) [C:\Users\kartang\Documents\GitHub\Aspnet\ApplicationInsights-aspnet5\test\Microsoft.ApplicationInsights.AspNet.Tests\Microsoft.ApplicationInsights.AspNet.Tests.xproj]
C:\Users\kartang\Documents\GitHub\Aspnet\ApplicationInsights-aspnet5\test\Microsoft.ApplicationInsights.AspNet.Tests\JavaScript\ApplicationInsightsJavaScriptTest.cs(14,13): DNX,Version=v4.5.1 error CS0103: The name 'Assert' does not exist in the current context [C:\Users\kartang\Documents\GitHub\Aspnet\ApplicationInsights-aspnet5\test\Microsoft.ApplicationInsights.AspNet.Tests\Microsoft.ApplicationInsights.AspNet.Tests.xproj]
C:\Users\kartang\Documents\GitHub\Aspnet\ApplicationInsights-aspnet5\test\Microsoft.ApplicationInsights.AspNet.Tests\JavaScript\ApplicationInsightsJavaScriptTest.cs(22,13): DNX,Version=v4.5.1 error CS0103: The name 'Assert' does not exist in the current context [C:\Users\kartang\Documents\GitHub\Aspnet\ApplicationInsights-aspnet5\test\Microsoft.ApplicationInsights.AspNet.Tests\Microsoft.ApplicationInsights.AspNet.Tests.xproj]
C:\Users\kartang\Documents\GitHub\Aspnet\ApplicationInsights-aspnet5\test\Microsoft.ApplicationInsights.AspNet.Tests\JavaScript\ApplicationInsightsJavaScriptTest.cs(32,13): DNX,Version=v4.5.1 error CS0103: The name 'Assert' does not exist in the current context [C:\Users\kartang\Documents\GitHub\Aspnet\ApplicationInsights-aspnet5\test\Microsoft.ApplicationInsights.AspNet.Tests\Microsoft.ApplicationInsights.AspNet.Tests.xproj]
C:\Users\kartang\Documents\GitHub\Aspnet\ApplicationInsights-aspnet5\test\Microsoft.ApplicationInsights.AspNet.Tests\RequestTrackingMiddlewareTest.cs(48,13): DNX,Version=v4.5.1 error CS0103: The name 'Assert' does not exist in the current context [C:\Users\kartang\Documents\GitHub\Aspnet\ApplicationInsights-aspnet5\test\Microsoft.ApplicationInsights.AspNet.Tests\Microsoft.ApplicationInsights.AspNet.Tests.xproj]
C:\Users\kartang\Documents\GitHub\Aspnet\ApplicationInsights-aspnet5\test\Microsoft.ApplicationInsights.AspNet.Tests\RequestTrackingMiddlewareTest.cs(49,13): DNX,Version=v4.5.1 error CS0103: The name 'Assert' does not exist in the current context [C:\Users\kartang\Documents\GitHub\Aspnet\ApplicationInsights-aspnet5\test\Microsoft.ApplicationInsights.AspNet.Tests\Microsoft.ApplicationInsights.AspNet.Tests.xproj]
C:\Users\kartang\Documents\GitHub\Aspnet\ApplicationInsights-aspnet5\test\Microsoft.ApplicationInsights.AspNet.Tests\Extensions\ApplicationInsightsExtensionsTests.cs(275,17): DNX,Version=v4.5.1 error CS0122: 'Assert' is inaccessible due to its protection level [C:\Users\kartang\Documents\GitHub\Aspnet\ApplicationInsights-aspnet5\test\Microsoft.ApplicationInsights.AspNet.Tests\Microsoft.ApplicationInsights.AspNet.Tests.xproj]
C:\Users\kartang\Documents\GitHub\Aspnet\ApplicationInsights-aspnet5\test\Microsoft.ApplicationInsights.AspNet.Tests\Extensions\ApplicationInsightsExtensionsTests.cs(287,17): DNX,Version=v4.5.1 error CS0122: 'Assert' is inaccessible due to its protection level [C:\Users\kartang\Documents\GitHub\Aspnet\ApplicationInsights-aspnet5\test\Microsoft.ApplicationInsights.AspNet.Tests\Microsoft.ApplicationInsights.AspNet.Tests.xproj]
C:\Users\kartang\Documents\GitHub\Aspnet\ApplicationInsights-aspnet5\test\Microsoft.ApplicationInsights.AspNet.Tests\Extensions\ApplicationInsightsExtensionsTests.cs(299,17): DNX,Version=v4.5.1 error CS0122: 'Assert' is inaccessible due to its protection level [C:\Users\kartang\Documents\GitHub\Aspnet\ApplicationInsights-aspnet5\test\Microsoft.ApplicationInsights.AspNet.Tests\Microsoft.ApplicationInsights.AspNet.Tests.xproj]
C:\Users\kartang\Documents\GitHub\Aspnet\ApplicationInsights-aspnet5\test\Microsoft.ApplicationInsights.AspNet.Tests\Extensions\ApplicationInsightsExtensionsTests.cs(52,17): DNX,Version=v4.5.1 error CS0122: 'Assert' is inaccessible due to its protection level [C:\Users\kartang\Documents\GitHub\Aspnet\ApplicationInsights-aspnet5\test\Microsoft.ApplicationInsights.AspNet.Tests\Microsoft.ApplicationInsights.AspNet.Tests.xproj]
C:\Users\kartang\Documents\GitHub\Aspnet\ApplicationInsights-aspnet5\test\Microsoft.ApplicationInsights.AspNet.Tests\RequestTrackingMiddlewareTest.cs(64,13): DNX,Version=v4.5.1 error CS0103: The name 'Assert' does not exist in the current context [C:\Users\kartang\Documents\GitHub\Aspnet\ApplicationInsights-aspnet5\test\Microsoft.ApplicationInsights.AspNet.Tests\Microsoft.ApplicationInsights.AspNet.Tests.xproj]
C:\Users\kartang\Documents\GitHub\Aspnet\ApplicationInsights-aspnet5\test\Microsoft.ApplicationInsights.AspNet.Tests\RequestTrackingMiddlewareTest.cs(66,13): DNX,Version=v4.5.1 error CS0103: The name 'Assert' does not exist in the current context [C:\Users\kartang\Documents\GitHub\Aspnet\ApplicationInsights-aspnet5\test\Microsoft.ApplicationInsights.AspNet.Tests\Microsoft.ApplicationInsights.AspNet.Tests.xproj]
C:\Users\kartang\Documents\GitHub\Aspnet\ApplicationInsights-aspnet5\test\Microsoft.ApplicationInsights.AspNet.Tests\Extensions\ApplicationInsightsExtensionsTests.cs(75,17): DNX,Version=v4.5.1 error CS0122: 'Assert' is inaccessible due to its protection level [C:\Users\kartang\Documents\GitHub\Aspnet\ApplicationInsights-aspnet5\test\Microsoft.ApplicationInsights.AspNet.Tests\Microsoft.ApplicationInsights.AspNet.Tests.xproj]
C:\Users\kartang\Documents\GitHub\Aspnet\ApplicationInsights-aspnet5\test\Microsoft.ApplicationInsights.AspNet.Tests\Extensions\ApplicationInsightsExtensionsTests.cs(88,17): DNX,Version=v4.5.1 error CS0122: 'Assert' is inaccessible due to its protection level [C:\Users\kartang\Documents\GitHub\Aspnet\ApplicationInsights-aspnet5\test\Microsoft.ApplicationInsights.AspNet.Tests\Microsoft.ApplicationInsights.AspNet.Tests.xproj]
C:\Users\kartang\Documents\GitHub\Aspnet\ApplicationInsights-aspnet5\test\Microsoft.ApplicationInsights.AspNet.Tests\Extensions\ApplicationInsightsExtensionsTests.cs(101,17): DNX,Version=v4.5.1 error CS0122: 'Assert' is inaccessible due to its protection level [C:\Users\kartang\Documents\GitHub\Aspnet\ApplicationInsights-aspnet5\test\Microsoft.ApplicationInsights.AspNet.Tests\Microsoft.ApplicationInsights.AspNet.Tests.xproj]
C:\Users\kartang\Documents\GitHub\Aspnet\ApplicationInsights-aspnet5\test\Microsoft.ApplicationInsights.AspNet.Tests\Extensions\ApplicationInsightsExtensionsTests.cs(114,17): DNX,Version=v4.5.1 error CS0122: 'Assert' is inaccessible due to its protection level [C:\Users\kartang\Documents\GitHub\Aspnet\ApplicationInsights-aspnet5\test\Microsoft.ApplicationInsights.AspNet.Tests\Microsoft.ApplicationInsights.AspNet.Tests.xproj]
C:\Users\kartang\Documents\GitHub\Aspnet\ApplicationInsights-aspnet5\test\Microsoft.ApplicationInsights.AspNet.Tests\Extensions\ApplicationInsightsExtensionsTests.cs(130,21): DNX,Version=v4.5.1 error CS0122: 'Assert' is inaccessible due to its protection level [C:\Users\kartang\Documents\GitHub\Aspnet\ApplicationInsights-aspnet5\test\Microsoft.ApplicationInsights.AspNet.Tests\Microsoft.ApplicationInsights.AspNet.Tests.xproj]
C:\Users\kartang\Documents\GitHub\Aspnet\ApplicationInsights-aspnet5\test\Microsoft.ApplicationInsights.AspNet.Tests\Extensions\ApplicationInsightsExtensionsTests.cs(150,21): DNX,Version=v4.5.1 error CS0122: 'Assert' is inaccessible due to its protection level [C:\Users\kartang\Documents\GitHub\Aspnet\ApplicationInsights-aspnet5\test\Microsoft.ApplicationInsights.AspNet.Tests\Microsoft.ApplicationInsights.AspNet.Tests.xproj]
C:\Users\kartang\Documents\GitHub\Aspnet\ApplicationInsights-aspnet5\test\Microsoft.ApplicationInsights.AspNet.Tests\Extensions\ApplicationInsightsExtensionsTests.cs(170,21): DNX,Version=v4.5.1 error CS0122: 'Assert' is inaccessible due to its protection level [C:\Users\kartang\Documents\GitHub\Aspnet\ApplicationInsights-aspnet5\test\Microsoft.ApplicationInsights.AspNet.Tests\Microsoft.ApplicationInsights.AspNet.Tests.xproj]
C:\Users\kartang\Documents\GitHub\Aspnet\ApplicationInsights-aspnet5\test\Microsoft.ApplicationInsights.AspNet.Tests\Extensions\ApplicationInsightsExtensionsTests.cs(189,17): DNX,Version=v4.5.1 error CS0122: 'Assert' is inaccessible due to its protection level [C:\Users\kartang\Documents\GitHub\Aspnet\ApplicationInsights-aspnet5\test\Microsoft.ApplicationInsights.AspNet.Tests\Microsoft.ApplicationInsights.AspNet.Tests.xproj]
C:\Users\kartang\Documents\GitHub\Aspnet\ApplicationInsights-aspnet5\test\Microsoft.ApplicationInsights.AspNet.Tests\Extensions\ApplicationInsightsExtensionsTests.cs(203,17): DNX,Version=v4.5.1 error CS0122: 'Assert' is inaccessible due to its protection level [C:\Users\kartang\Documents\GitHub\Aspnet\ApplicationInsights-aspnet5\test\Microsoft.ApplicationInsights.AspNet.Tests\Microsoft.ApplicationInsights.AspNet.Tests.xproj]
C:\Users\kartang\Documents\GitHub\Aspnet\ApplicationInsights-aspnet5\test\Microsoft.ApplicationInsights.AspNet.Tests\Extensions\ApplicationInsightsExtensionsTests.cs(215,17): DNX,Version=v4.5.1 error CS0122: 'Assert' is inaccessible due to its protection level [C:\Users\kartang\Documents\GitHub\Aspnet\ApplicationInsights-aspnet5\test\Microsoft.ApplicationInsights.AspNet.Tests\Microsoft.ApplicationInsights.AspNet.Tests.xproj]
C:\Users\kartang\Documents\GitHub\Aspnet\ApplicationInsights-aspnet5\test\Microsoft.ApplicationInsights.AspNet.Tests\Extensions\ApplicationInsightsExtensionsTests.cs(238,17): DNX,Version=v4.5.1 error CS0122: 'Assert' is inaccessible due to its protection level [C:\Users\kartang\Documents\GitHub\Aspnet\ApplicationInsights-aspnet5\test\Microsoft.ApplicationInsights.AspNet.Tests\Microsoft.ApplicationInsights.AspNet.Tests.xproj]
C:\Users\kartang\Documents\GitHub\Aspnet\ApplicationInsights-aspnet5\test\Microsoft.ApplicationInsights.AspNet.Tests\ExceptionTrackingMiddlewareTest.cs(22,19): DNX,Version=v4.5.1 error CS0103: The name 'Assert' does not exist in the current context [C:\Users\kartang\Documents\GitHub\Aspnet\ApplicationInsights-aspnet5\test\Microsoft.ApplicationInsights.AspNet.Tests\Microsoft.ApplicationInsights.AspNet.Tests.xproj]
C:\Users\kartang\Documents\GitHub\Aspnet\ApplicationInsights-aspnet5\test\Microsoft.ApplicationInsights.AspNet.Tests\ExceptionTrackingMiddlewareTest.cs(24,13): DNX,Version=v4.5.1 error CS0103: The name 'Assert' does not exist in the current context [C:\Users\kartang\Documents\GitHub\Aspnet\ApplicationInsights-aspnet5\test\Microsoft.ApplicationInsights.AspNet.Tests\Microsoft.ApplicationInsights.AspNet.Tests.xproj]
C:\Users\kartang\Documents\GitHub\Aspnet\ApplicationInsights-aspnet5\test\Microsoft.ApplicationInsights.AspNet.Tests\ExceptionTrackingMiddlewareTest.cs(33,19): DNX,Version=v4.5.1 error CS0103: The name 'Assert' does not exist in the current context [C:\Users\kartang\Documents\GitHub\Aspnet\ApplicationInsights-aspnet5\test\Microsoft.ApplicationInsights.AspNet.Tests\Microsoft.ApplicationInsights.AspNet.Tests.xproj]
C:\Users\kartang\Documents\GitHub\Aspnet\ApplicationInsights-aspnet5\test\Microsoft.ApplicationInsights.AspNet.Tests\ExceptionTrackingMiddlewareTest.cs(35,13): DNX,Version=v4.5.1 error CS0103: The name 'Assert' does not exist in the current context [C:\Users\kartang\Documents\GitHub\Aspnet\ApplicationInsights-aspnet5\test\Microsoft.ApplicationInsights.AspNet.Tests\Microsoft.ApplicationInsights.AspNet.Tests.xproj]
C:\Users\kartang\Documents\GitHub\Aspnet\ApplicationInsights-aspnet5\test\Microsoft.ApplicationInsights.AspNet.Tests\ExceptionTrackingMiddlewareTest.cs(36,13): DNX,Version=v4.5.1 error CS0103: The name 'Assert' does not exist in the current context [C:\Users\kartang\Documents\GitHub\Aspnet\ApplicationInsights-aspnet5\test\Microsoft.ApplicationInsights.AspNet.Tests\Microsoft.ApplicationInsights.AspNet.Tests.xproj]
C:\Users\kartang\Documents\GitHub\Aspnet\ApplicationInsights-aspnet5\test\Microsoft.ApplicationInsights.AspNet.Tests\Extensions\ApplicationInsightsExtensionsTests.cs(251,17): DNX,Version=v4.5.1 error CS0122: 'Assert' is inaccessible due to its protection level [C:\Users\kartang\Documents\GitHub\Aspnet\ApplicationInsights-aspnet5\test\Microsoft.ApplicationInsights.AspNet.Tests\Microsoft.ApplicationInsights.AspNet.Tests.xproj]
C:\Users\kartang\Documents\GitHub\Aspnet\ApplicationInsights-aspnet5\test\Microsoft.ApplicationInsights.AspNet.Tests\Extensions\ApplicationInsightsExtensionsTests.cs(252,17): DNX,Version=v4.5.1 error CS0122: 'Assert' is inaccessible due to its protection level [C:\Users\kartang\Documents\GitHub\Aspnet\ApplicationInsights-aspnet5\test\Microsoft.ApplicationInsights.AspNet.Tests\Microsoft.ApplicationInsights.AspNet.Tests.xproj]
C:\Users\kartang\Documents\GitHub\Aspnet\ApplicationInsights-aspnet5\test\Microsoft.ApplicationInsights.AspNet.Tests\Extensions\ApplicationInsightsExtensionsTests.cs(255,17): DNX,Version=v4.5.1 error CS0122: 'Assert' is inaccessible due to its protection level [C:\Users\kartang\Documents\GitHub\Aspnet\ApplicationInsights-aspnet5\test\Microsoft.ApplicationInsights.AspNet.Tests\Microsoft.ApplicationInsights.AspNet.Tests.xproj]
C:\Users\kartang\Documents\GitHub\Aspnet\ApplicationInsights-aspnet5\test\Microsoft.ApplicationInsights.AspNet.Tests\Extensions\ApplicationInsightsExtensionsTests.cs(258,17): DNX,Version=v4.5.1 error CS0122: 'Assert' is inaccessible due to its protection level [C:\Users\kartang\Documents\GitHub\Aspnet\ApplicationInsights-aspnet5\test\Microsoft.ApplicationInsights.AspNet.Tests\Microsoft.ApplicationInsights.AspNet.Tests.xproj]
C:\Users\kartang\Documents\GitHub\Aspnet\ApplicationInsights-aspnet5\test\Microsoft.ApplicationInsights.AspNet.Tests\Extensions\HttpRequestExtensionsTest.cs(19,13): DNX,Version=v4.5.1 error CS0103: The name 'Assert' does not exist in the current context [C:\Users\kartang\Documents\GitHub\Aspnet\ApplicationInsights-aspnet5\test\Microsoft.ApplicationInsights.AspNet.Tests\Microsoft.ApplicationInsights.AspNet.Tests.xproj]
C:\Users\kartang\Documents\GitHub\Aspnet\ApplicationInsights-aspnet5\test\Microsoft.ApplicationInsights.AspNet.Tests\TelemetryInitializers\DomainNameRoleInstanceTelemetryInitializerTests.cs(20,13): DNX,Version=v4.5.1 error CS0103: The name 'Assert' does not exist in the current context [C:\Users\kartang\Documents\GitHub\Aspnet\ApplicationInsights-aspnet5\test\Microsoft.ApplicationInsights.AspNet.Tests\Microsoft.ApplicationInsights.AspNet.Tests.xproj]
C:\Users\kartang\Documents\GitHub\Aspnet\ApplicationInsights-aspnet5\test\Microsoft.ApplicationInsights.AspNet.Tests\Extensions\HttpRequestExtensionsTest.cs(32,29): DNX,Version=v4.5.1 error CS0103: The name 'Assert' does not exist in the current context [C:\Users\kartang\Documents\GitHub\Aspnet\ApplicationInsights-aspnet5\test\Microsoft.ApplicationInsights.AspNet.Tests\Microsoft.ApplicationInsights.AspNet.Tests.xproj]
C:\Users\kartang\Documents\GitHub\Aspnet\ApplicationInsights-aspnet5\test\Microsoft.ApplicationInsights.AspNet.Tests\Extensions\HttpRequestExtensionsTest.cs(39,13): DNX,Version=v4.5.1 error CS0103: The name 'Assert' does not exist in the current context [C:\Users\kartang\Documents\GitHub\Aspnet\ApplicationInsights-aspnet5\test\Microsoft.ApplicationInsights.AspNet.Tests\Microsoft.ApplicationInsights.AspNet.Tests.xproj]
C:\Users\kartang\Documents\GitHub\Aspnet\ApplicationInsights-aspnet5\test\Microsoft.ApplicationInsights.AspNet.Tests\Extensions\HttpRequestExtensionsTest.cs(48,29): DNX,Version=v4.5.1 error CS0103: The name 'Assert' does not exist in the current context [C:\Users\kartang\Documents\GitHub\Aspnet\ApplicationInsights-aspnet5\test\Microsoft.ApplicationInsights.AspNet.Tests\Microsoft.ApplicationInsights.AspNet.Tests.xproj]
C:\Users\kartang\Documents\GitHub\Aspnet\ApplicationInsights-aspnet5\test\Microsoft.ApplicationInsights.AspNet.Tests\Extensions\HttpRequestExtensionsTest.cs(55,13): DNX,Version=v4.5.1 error CS0103: The name 'Assert' does not exist in the current context [C:\Users\kartang\Documents\GitHub\Aspnet\ApplicationInsights-aspnet5\test\Microsoft.ApplicationInsights.AspNet.Tests\Microsoft.ApplicationInsights.AspNet.Tests.xproj]
C:\Users\kartang\Documents\GitHub\Aspnet\ApplicationInsights-aspnet5\test\Microsoft.ApplicationInsights.AspNet.Tests\Extensions\HttpRequestExtensionsTest.cs(68,13): DNX,Version=v4.5.1 error CS0103: The name 'Assert' does not exist in the current context [C:\Users\kartang\Documents\GitHub\Aspnet\ApplicationInsights-aspnet5\test\Microsoft.ApplicationInsights.AspNet.Tests\Microsoft.ApplicationInsights.AspNet.Tests.xproj]
C:\Users\kartang\Documents\GitHub\Aspnet\ApplicationInsights-aspnet5\test\Microsoft.ApplicationInsights.AspNet.Tests\Extensions\HttpRequestExtensionsTest.cs(84,13): DNX,Version=v4.5.1 error CS0103: The name 'Assert' does not exist in the current context [C:\Users\kartang\Documents\GitHub\Aspnet\ApplicationInsights-aspnet5\test\Microsoft.ApplicationInsights.AspNet.Tests\Microsoft.ApplicationInsights.AspNet.Tests.xproj]
C:\Users\kartang\Documents\GitHub\Aspnet\ApplicationInsights-aspnet5\test\Microsoft.ApplicationInsights.AspNet.Tests\Extensions\HttpRequestExtensionsTest.cs(101,13): DNX,Version=v4.5.1 error CS0103: The name 'Assert' does not exist in the current context [C:\Users\kartang\Documents\GitHub\Aspnet\ApplicationInsights-aspnet5\test\Microsoft.ApplicationInsights.AspNet.Tests\Microsoft.ApplicationInsights.AspNet.Tests.xproj]
C:\Users\kartang\Documents\GitHub\Aspnet\ApplicationInsights-aspnet5\test\Microsoft.ApplicationInsights.AspNet.Tests\TelemetryInitializers\DomainNameRoleInstanceTelemetryInitializerTests.cs(64,13): DNX,Version=v4.5.1 error CS0103: The name 'Assert' does not exist in the current context [C:\Users\kartang\Documents\GitHub\Aspnet\ApplicationInsights-aspnet5\test\Microsoft.ApplicationInsights.AspNet.Tests\Microsoft.ApplicationInsights.AspNet.Tests.xproj]
C:\Users\kartang\Documents\GitHub\Aspnet\ApplicationInsights-aspnet5\test\Microsoft.ApplicationInsights.AspNet.Tests\TelemetryInitializers\DomainNameRoleInstanceTelemetryInitializerTests.cs(77,13): DNX,Version=v4.5.1 error CS0103: The name 'Assert' does not exist in the current context [C:\Users\kartang\Documents\GitHub\Aspnet\ApplicationInsights-aspnet5\test\Microsoft.ApplicationInsights.AspNet.Tests\Microsoft.ApplicationInsights.AspNet.Tests.xproj]
C:\Users\kartang\Documents\GitHub\Aspnet\ApplicationInsights-aspnet5\test\Microsoft.ApplicationInsights.AspNet.Tests\TelemetryInitializers\WebUserTelemetryInitializerTests.cs(17,13): DNX,Version=v4.5.1 error CS0103: The name 'Assert' does not exist in the current context [C:\Users\kartang\Documents\GitHub\Aspnet\ApplicationInsights-aspnet5\test\Microsoft.ApplicationInsights.AspNet.Tests\Microsoft.ApplicationInsights.AspNet.Tests.xproj]
C:\Users\kartang\Documents\GitHub\Aspnet\ApplicationInsights-aspnet5\test\Microsoft.ApplicationInsights.AspNet.Tests\TelemetryInitializers\ClientIpHeaderTelemetryInitializerTests.cs(16,13): DNX,Version=v4.5.1 error CS0103: The name 'Assert' does not exist in the current context [C:\Users\kartang\Documents\GitHub\Aspnet\ApplicationInsights-aspnet5\test\Microsoft.ApplicationInsights.AspNet.Tests\Microsoft.ApplicationInsights.AspNet.Tests.xproj]
C:\Users\kartang\Documents\GitHub\Aspnet\ApplicationInsights-aspnet5\test\Microsoft.ApplicationInsights.AspNet.Tests\TelemetryInitializers\ClientIpHeaderTelemetryInitializerTests.cs(50,13): DNX,Version=v4.5.1 error CS0103: The name 'Assert' does not exist in the current context [C:\Users\kartang\Documents\GitHub\Aspnet\ApplicationInsights-aspnet5\test\Microsoft.ApplicationInsights.AspNet.Tests\Microsoft.ApplicationInsights.AspNet.Tests.xproj]
C:\Users\kartang\Documents\GitHub\Aspnet\ApplicationInsights-aspnet5\test\Microsoft.ApplicationInsights.AspNet.Tests\TelemetryInitializers\ClientIpHeaderTelemetryInitializerTests.cs(66,13): DNX,Version=v4.5.1 error CS0103: The name 'Assert' does not exist in the current context [C:\Users\kartang\Documents\GitHub\Aspnet\ApplicationInsights-aspnet5\test\Microsoft.ApplicationInsights.AspNet.Tests\Microsoft.ApplicationInsights.AspNet.Tests.xproj]
C:\Users\kartang\Documents\GitHub\Aspnet\ApplicationInsights-aspnet5\test\Microsoft.ApplicationInsights.AspNet.Tests\TelemetryInitializers\WebUserTelemetryInitializerTests.cs(50,13): DNX,Version=v4.5.1 error CS0103: The name 'Assert' does not exist in the current context [C:\Users\kartang\Documents\GitHub\Aspnet\ApplicationInsights-aspnet5\test\Microsoft.ApplicationInsights.AspNet.Tests\Microsoft.ApplicationInsights.AspNet.Tests.xproj]
C:\Users\kartang\Documents\GitHub\Aspnet\ApplicationInsights-aspnet5\test\Microsoft.ApplicationInsights.AspNet.Tests\TelemetryInitializers\WebUserTelemetryInitializerTests.cs(51,13): DNX,Version=v4.5.1 error CS0103: The name 'Assert' does not exist in the current context [C:\Users\kartang\Documents\GitHub\Aspnet\ApplicationInsights-aspnet5\test\Microsoft.ApplicationInsights.AspNet.Tests\Microsoft.ApplicationInsights.AspNet.Tests.xproj]
C:\Users\kartang\Documents\GitHub\Aspnet\ApplicationInsights-aspnet5\test\Microsoft.ApplicationInsights.AspNet.Tests\TelemetryInitializers\WebUserTelemetryInitializerTests.cs(65,13): DNX,Version=v4.5.1 error CS0103: The name 'Assert' does not exist in the current context [C:\Users\kartang\Documents\GitHub\Aspnet\ApplicationInsights-aspnet5\test\Microsoft.ApplicationInsights.AspNet.Tests\Microsoft.ApplicationInsights.AspNet.Tests.xproj]
C:\Users\kartang\Documents\GitHub\Aspnet\ApplicationInsights-aspnet5\test\Microsoft.ApplicationInsights.AspNet.Tests\TelemetryInitializers\WebUserTelemetryInitializerTests.cs(78,13): DNX,Version=v4.5.1 error CS0103: The name 'Assert' does not exist in the current context [C:\Users\kartang\Documents\GitHub\Aspnet\ApplicationInsights-aspnet5\test\Microsoft.ApplicationInsights.AspNet.Tests\Microsoft.ApplicationInsights.AspNet.Tests.xproj]
C:\Users\kartang\Documents\GitHub\Aspnet\ApplicationInsights-aspnet5\test\Microsoft.ApplicationInsights.AspNet.Tests\RequestTrackingMiddlewareTest.cs(83,19): DNX,Version=v4.5.1 error CS0103: The name 'Assert' does not exist in the current context [C:\Users\kartang\Documents\GitHub\Aspnet\ApplicationInsights-aspnet5\test\Microsoft.ApplicationInsights.AspNet.Tests\Microsoft.ApplicationInsights.AspNet.Tests.xproj]
C:\Users\kartang\Documents\GitHub\Aspnet\ApplicationInsights-aspnet5\test\Microsoft.ApplicationInsights.AspNet.Tests\RequestTrackingMiddlewareTest.cs(85,13): DNX,Version=v4.5.1 error CS0103: The name 'Assert' does not exist in the current context [C:\Users\kartang\Documents\GitHub\Aspnet\ApplicationInsights-aspnet5\test\Microsoft.ApplicationInsights.AspNet.Tests\Microsoft.ApplicationInsights.AspNet.Tests.xproj]
C:\Users\kartang\Documents\GitHub\Aspnet\ApplicationInsights-aspnet5\test\Microsoft.ApplicationInsights.AspNet.Tests\TelemetryInitializers\WebUserTelemetryInitializerTests.cs(90,13): DNX,Version=v4.5.1 error CS0103: The name 'Assert' does not exist in the current context [C:\Users\kartang\Documents\GitHub\Aspnet\ApplicationInsights-aspnet5\test\Microsoft.ApplicationInsights.AspNet.Tests\Microsoft.ApplicationInsights.AspNet.Tests.xproj]
C:\Users\kartang\Documents\GitHub\Aspnet\ApplicationInsights-aspnet5\test\Microsoft.ApplicationInsights.AspNet.Tests\TelemetryInitializers\WebUserTelemetryInitializerTests.cs(91,13): DNX,Version=v4.5.1 error CS0103: The name 'Assert' does not exist in the current context [C:\Users\kartang\Documents\GitHub\Aspnet\ApplicationInsights-aspnet5\test\Microsoft.ApplicationInsights.AspNet.Tests\Microsoft.ApplicationInsights.AspNet.Tests.xproj]
C:\Users\kartang\Documents\GitHub\Aspnet\ApplicationInsights-aspnet5\test\Microsoft.ApplicationInsights.AspNet.Tests\TelemetryInitializers\WebSessionTelemetryInitializerTests.cs(17,13): DNX,Version=v4.5.1 error CS0103: The name 'Assert' does not exist in the current context [C:\Users\kartang\Documents\GitHub\Aspnet\ApplicationInsights-aspnet5\test\Microsoft.ApplicationInsights.AspNet.Tests\Microsoft.ApplicationInsights.AspNet.Tests.xproj]
C:\Users\kartang\Documents\GitHub\Aspnet\ApplicationInsights-aspnet5\test\Microsoft.ApplicationInsights.AspNet.Tests\TelemetryInitializers\WebSessionTelemetryInitializerTests.cs(50,13): DNX,Version=v4.5.1 error CS0103: The name 'Assert' does not exist in the current context [C:\Users\kartang\Documents\GitHub\Aspnet\ApplicationInsights-aspnet5\test\Microsoft.ApplicationInsights.AspNet.Tests\Microsoft.ApplicationInsights.AspNet.Tests.xproj]
C:\Users\kartang\Documents\GitHub\Aspnet\ApplicationInsights-aspnet5\test\Microsoft.ApplicationInsights.AspNet.Tests\TelemetryInitializers\WebSessionTelemetryInitializerTests.cs(64,13): DNX,Version=v4.5.1 error CS0103: The name 'Assert' does not exist in the current context [C:\Users\kartang\Documents\GitHub\Aspnet\ApplicationInsights-aspnet5\test\Microsoft.ApplicationInsights.AspNet.Tests\Microsoft.ApplicationInsights.AspNet.Tests.xproj]
C:\Users\kartang\Documents\GitHub\Aspnet\ApplicationInsights-aspnet5\test\Microsoft.ApplicationInsights.AspNet.Tests\TelemetryInitializers\UserAgentTelemetryInitializerTests.cs(18,13): DNX,Version=v4.5.1 error CS0103: The name 'Assert' does not exist in the current context [C:\Users\kartang\Documents\GitHub\Aspnet\ApplicationInsights-aspnet5\test\Microsoft.ApplicationInsights.AspNet.Tests\Microsoft.ApplicationInsights.AspNet.Tests.xproj]
C:\Users\kartang\Documents\GitHub\Aspnet\ApplicationInsights-aspnet5\test\Microsoft.ApplicationInsights.AspNet.Tests\TelemetryInitializers\UserAgentTelemetryInitializerTests.cs(51,13): DNX,Version=v4.5.1 error CS0103: The name 'Assert' does not exist in the current context [C:\Users\kartang\Documents\GitHub\Aspnet\ApplicationInsights-aspnet5\test\Microsoft.ApplicationInsights.AspNet.Tests\Microsoft.ApplicationInsights.AspNet.Tests.xproj]
C:\Users\kartang\Documents\GitHub\Aspnet\ApplicationInsights-aspnet5\test\Microsoft.ApplicationInsights.AspNet.Tests\TelemetryInitializers\UserAgentTelemetryInitializerTests.cs(65,13): DNX,Version=v4.5.1 error CS0103: The name 'Assert' does not exist in the current context [C:\Users\kartang\Documents\GitHub\Aspnet\ApplicationInsights-aspnet5\test\Microsoft.ApplicationInsights.AspNet.Tests\Microsoft.ApplicationInsights.AspNet.Tests.xproj]
C:\Users\kartang\Documents\GitHub\Aspnet\ApplicationInsights-aspnet5\test\Microsoft.ApplicationInsights.AspNet.Tests\TelemetryInitializers\ClientIpHeaderTelemetryInitializerTests.cs(82,13): DNX,Version=v4.5.1 error CS0103: The name 'Assert' does not exist in the current context [C:\Users\kartang\Documents\GitHub\Aspnet\ApplicationInsights-aspnet5\test\Microsoft.ApplicationInsights.AspNet.Tests\Microsoft.ApplicationInsights.AspNet.Tests.xproj]
C:\Users\kartang\Documents\GitHub\Aspnet\ApplicationInsights-aspnet5\test\Microsoft.ApplicationInsights.AspNet.Tests\TelemetryInitializers\OperationIdTelemetryInitializerTest.cs(16,13): DNX,Version=v4.5.1 error CS0103: The name 'Assert' does not exist in the current context [C:\Users\kartang\Documents\GitHub\Aspnet\ApplicationInsights-aspnet5\test\Microsoft.ApplicationInsights.AspNet.Tests\Microsoft.ApplicationInsights.AspNet.Tests.xproj]
C:\Users\kartang\Documents\GitHub\Aspnet\ApplicationInsights-aspnet5\test\Microsoft.ApplicationInsights.AspNet.Tests\TelemetryInitializers\OperationIdTelemetryInitializerTest.cs(50,13): DNX,Version=v4.5.1 error CS0103: The name 'Assert' does not exist in the current context [C:\Users\kartang\Documents\GitHub\Aspnet\ApplicationInsights-aspnet5\test\Microsoft.ApplicationInsights.AspNet.Tests\Microsoft.ApplicationInsights.AspNet.Tests.xproj]
C:\Users\kartang\Documents\GitHub\Aspnet\ApplicationInsights-aspnet5\test\Microsoft.ApplicationInsights.AspNet.Tests\TelemetryInitializers\OperationIdTelemetryInitializerTest.cs(64,13): DNX,Version=v4.5.1 error CS0103: The name 'Assert' does not exist in the current context [C:\Users\kartang\Documents\GitHub\Aspnet\ApplicationInsights-aspnet5\test\Microsoft.ApplicationInsights.AspNet.Tests\Microsoft.ApplicationInsights.AspNet.Tests.xproj]
C:\Users\kartang\Documents\GitHub\Aspnet\ApplicationInsights-aspnet5\test\Microsoft.ApplicationInsights.AspNet.Tests\TelemetryInitializers\OperationNameTelemetryInitializerTests.cs(22,13): DNX,Version=v4.5.1 error CS0122: 'Assert' is inaccessible due to its protection level [C:\Users\kartang\Documents\GitHub\Aspnet\ApplicationInsights-aspnet5\test\Microsoft.ApplicationInsights.AspNet.Tests\Microsoft.ApplicationInsights.AspNet.Tests.xproj]
C:\Users\kartang\Documents\GitHub\Aspnet\ApplicationInsights-aspnet5\test\Microsoft.ApplicationInsights.AspNet.Tests\TelemetryInitializers\OperationNameTelemetryInitializerTests.cs(59,13): DNX,Version=v4.5.1 error CS0122: 'Assert' is inaccessible due to its protection level [C:\Users\kartang\Documents\GitHub\Aspnet\ApplicationInsights-aspnet5\test\Microsoft.ApplicationInsights.AspNet.Tests\Microsoft.ApplicationInsights.AspNet.Tests.xproj]
C:\Users\kartang\Documents\GitHub\Aspnet\ApplicationInsights-aspnet5\test\Microsoft.ApplicationInsights.AspNet.Tests\TelemetryInitializers\OperationNameTelemetryInitializerTests.cs(72,13): DNX,Version=v4.5.1 error CS0122: 'Assert' is inaccessible due to its protection level [C:\Users\kartang\Documents\GitHub\Aspnet\ApplicationInsights-aspnet5\test\Microsoft.ApplicationInsights.AspNet.Tests\Microsoft.ApplicationInsights.AspNet.Tests.xproj]
C:\Users\kartang\Documents\GitHub\Aspnet\ApplicationInsights-aspnet5\test\Microsoft.ApplicationInsights.AspNet.Tests\TelemetryInitializers\OperationNameTelemetryInitializerTests.cs(85,13): DNX,Version=v4.5.1 error CS0122: 'Assert' is inaccessible due to its protection level [C:\Users\kartang\Documents\GitHub\Aspnet\ApplicationInsights-aspnet5\test\Microsoft.ApplicationInsights.AspNet.Tests\Microsoft.ApplicationInsights.AspNet.Tests.xproj]
C:\Users\kartang\Documents\GitHub\Aspnet\ApplicationInsights-aspnet5\test\Microsoft.ApplicationInsights.AspNet.Tests\TelemetryInitializers\OperationNameTelemetryInitializerTests.cs(105,13): DNX,Version=v4.5.1 error CS0122: 'Assert' is inaccessible due to its protection level [C:\Users\kartang\Documents\GitHub\Aspnet\ApplicationInsights-aspnet5\test\Microsoft.ApplicationInsights.AspNet.Tests\Microsoft.ApplicationInsights.AspNet.Tests.xproj]
C:\Users\kartang\Documents\GitHub\Aspnet\ApplicationInsights-aspnet5\test\Microsoft.ApplicationInsights.AspNet.Tests\TelemetryInitializers\OperationNameTelemetryInitializerTests.cs(126,13): DNX,Version=v4.5.1 error CS0122: 'Assert' is inaccessible due to its protection level [C:\Users\kartang\Documents\GitHub\Aspnet\ApplicationInsights-aspnet5\test\Microsoft.ApplicationInsights.AspNet.Tests\Microsoft.ApplicationInsights.AspNet.Tests.xproj]
C:\Users\kartang\Documents\GitHub\Aspnet\ApplicationInsights-aspnet5\test\Microsoft.ApplicationInsights.AspNet.Tests\TelemetryInitializers\OperationNameTelemetryInitializerTests.cs(148,13): DNX,Version=v4.5.1 error CS0122: 'Assert' is inaccessible due to its protection level [C:\Users\kartang\Documents\GitHub\Aspnet\ApplicationInsights-aspnet5\test\Microsoft.ApplicationInsights.AspNet.Tests\Microsoft.ApplicationInsights.AspNet.Tests.xproj]
C:\Users\kartang\Documents\GitHub\Aspnet\ApplicationInsights-aspnet5\test\Microsoft.ApplicationInsights.AspNet.Tests\TelemetryInitializers\OperationNameTelemetryInitializerTests.cs(172,13): DNX,Version=v4.5.1 error CS0122: 'Assert' is inaccessible due to its protection level [C:\Users\kartang\Documents\GitHub\Aspnet\ApplicationInsights-aspnet5\test\Microsoft.ApplicationInsights.AspNet.Tests\Microsoft.ApplicationInsights.AspNet.Tests.xproj]
C:\Users\kartang\Documents\GitHub\Aspnet\ApplicationInsights-aspnet5\test\Microsoft.ApplicationInsights.AspNet.Tests\TelemetryInitializers\OperationNameTelemetryInitializerTests.cs(193,13): DNX,Version=v4.5.1 error CS0122: 'Assert' is inaccessible due to its protection level [C:\Users\kartang\Documents\GitHub\Aspnet\ApplicationInsights-aspnet5\test\Microsoft.ApplicationInsights.AspNet.Tests\Microsoft.ApplicationInsights.AspNet.Tests.xproj]
C:\Users\kartang\Documents\GitHub\Aspnet\ApplicationInsights-aspnet5\test\Microsoft.ApplicationInsights.AspNet.Tests\TelemetryInitializers\OperationNameTelemetryInitializerTests.cs(208,13): DNX,Version=v4.5.1 error CS0122: 'Assert' is inaccessible due to its protection level [C:\Users\kartang\Documents\GitHub\Aspnet\ApplicationInsights-aspnet5\test\Microsoft.ApplicationInsights.AspNet.Tests\Microsoft.ApplicationInsights.AspNet.Tests.xproj]
C:\Users\kartang\Documents\GitHub\Aspnet\ApplicationInsights-aspnet5\test\Microsoft.ApplicationInsights.AspNet.Tests\ExceptionTrackingMiddlewareTest.cs(16,10): DNXCore,Version=v5.0 error CS0246: The type or namespace name 'Fact' could not be found (are you missing a using directive or an assembly reference?) [C:\Users\kartang\Documents\GitHub\Aspnet\ApplicationInsights-aspnet5\test\Microsoft.ApplicationInsights.AspNet.Tests\Microsoft.ApplicationInsights.AspNet.Tests.xproj]
C:\Users\kartang\Documents\GitHub\Aspnet\ApplicationInsights-aspnet5\test\Microsoft.ApplicationInsights.AspNet.Tests\ExceptionTrackingMiddlewareTest.cs(27,10): DNXCore,Version=v5.0 error CS0246: The type or namespace name 'Fact' could not be found (are you missing a using directive or an assembly reference?) [C:\Users\kartang\Documents\GitHub\Aspnet\ApplicationInsights-aspnet5\test\Microsoft.ApplicationInsights.AspNet.Tests\Microsoft.ApplicationInsights.AspNet.Tests.xproj]
C:\Users\kartang\Documents\GitHub\Aspnet\ApplicationInsights-aspnet5\test\Microsoft.ApplicationInsights.AspNet.Tests\Extensions\HttpRequestExtensionsTest.cs(16,10): DNXCore,Version=v5.0 error CS0246: The type or namespace name 'Fact' could not be found (are you missing a using directive or an assembly reference?) [C:\Users\kartang\Documents\GitHub\Aspnet\ApplicationInsights-aspnet5\test\Microsoft.ApplicationInsights.AspNet.Tests\Microsoft.ApplicationInsights.AspNet.Tests.xproj]
C:\Users\kartang\Documents\GitHub\Aspnet\ApplicationInsights-aspnet5\test\Microsoft.ApplicationInsights.AspNet.Tests\Extensions\HttpRequestExtensionsTest.cs(27,10): DNXCore,Version=v5.0 error CS0246: The type or namespace name 'Fact' could not be found (are you missing a using directive or an assembly reference?) [C:\Users\kartang\Documents\GitHub\Aspnet\ApplicationInsights-aspnet5\test\Microsoft.ApplicationInsights.AspNet.Tests\Microsoft.ApplicationInsights.AspNet.Tests.xproj]
C:\Users\kartang\Documents\GitHub\Aspnet\ApplicationInsights-aspnet5\test\Microsoft.ApplicationInsights.AspNet.Tests\Extensions\HttpRequestExtensionsTest.cs(42,10): DNXCore,Version=v5.0 error CS0246: The type or namespace name 'Fact' could not be found (are you missing a using directive or an assembly reference?) [C:\Users\kartang\Documents\GitHub\Aspnet\ApplicationInsights-aspnet5\test\Microsoft.ApplicationInsights.AspNet.Tests\Microsoft.ApplicationInsights.AspNet.Tests.xproj]
C:\Users\kartang\Documents\GitHub\Aspnet\ApplicationInsights-aspnet5\test\Microsoft.ApplicationInsights.AspNet.Tests\Extensions\HttpRequestExtensionsTest.cs(58,10): DNXCore,Version=v5.0 error CS0246: The type or namespace name 'Fact' could not be found (are you missing a using directive or an assembly reference?) [C:\Users\kartang\Documents\GitHub\Aspnet\ApplicationInsights-aspnet5\test\Microsoft.ApplicationInsights.AspNet.Tests\Microsoft.ApplicationInsights.AspNet.Tests.xproj]
C:\Users\kartang\Documents\GitHub\Aspnet\ApplicationInsights-aspnet5\test\Microsoft.ApplicationInsights.AspNet.Tests\Extensions\HttpRequestExtensionsTest.cs(73,10): DNXCore,Version=v5.0 error CS0246: The type or namespace name 'Fact' could not be found (are you missing a using directive or an assembly reference?) [C:\Users\kartang\Documents\GitHub\Aspnet\ApplicationInsights-aspnet5\test\Microsoft.ApplicationInsights.AspNet.Tests\Microsoft.ApplicationInsights.AspNet.Tests.xproj]
C:\Users\kartang\Documents\GitHub\Aspnet\ApplicationInsights-aspnet5\test\Microsoft.ApplicationInsights.AspNet.Tests\Extensions\HttpRequestExtensionsTest.cs(89,10): DNXCore,Version=v5.0 error CS0246: The type or namespace name 'Fact' could not be found (are you missing a using directive or an assembly reference?) [C:\Users\kartang\Documents\GitHub\Aspnet\ApplicationInsights-aspnet5\test\Microsoft.ApplicationInsights.AspNet.Tests\Microsoft.ApplicationInsights.AspNet.Tests.xproj]
C:\Users\kartang\Documents\GitHub\Aspnet\ApplicationInsights-aspnet5\test\Microsoft.ApplicationInsights.AspNet.Tests\Extensions\ApplicationInsightsExtensionsTests.cs(35,14): DNXCore,Version=v5.0 error CS0246: The type or namespace name 'Theory' could not be found (are you missing a using directive or an assembly reference?) [C:\Users\kartang\Documents\GitHub\Aspnet\ApplicationInsights-aspnet5\test\Microsoft.ApplicationInsights.AspNet.Tests\Microsoft.ApplicationInsights.AspNet.Tests.xproj]
C:\Users\kartang\Documents\GitHub\Aspnet\ApplicationInsights-aspnet5\test\Microsoft.ApplicationInsights.AspNet.Tests\Extensions\ApplicationInsightsExtensionsTests.cs(36,14): DNXCore,Version=v5.0 error CS0246: The type or namespace name 'InlineData' could not be found (are you missing a using directive or an assembly reference?) [C:\Users\kartang\Documents\GitHub\Aspnet\ApplicationInsights-aspnet5\test\Microsoft.ApplicationInsights.AspNet.Tests\Microsoft.ApplicationInsights.AspNet.Tests.xproj]
C:\Users\kartang\Documents\GitHub\Aspnet\ApplicationInsights-aspnet5\test\Microsoft.ApplicationInsights.AspNet.Tests\Extensions\ApplicationInsightsExtensionsTests.cs(37,14): DNXCore,Version=v5.0 error CS0246: The type or namespace name 'InlineData' could not be found (are you missing a using directive or an assembly reference?) [C:\Users\kartang\Documents\GitHub\Aspnet\ApplicationInsights-aspnet5\test\Microsoft.ApplicationInsights.AspNet.Tests\Microsoft.ApplicationInsights.AspNet.Tests.xproj]
C:\Users\kartang\Documents\GitHub\Aspnet\ApplicationInsights-aspnet5\test\Microsoft.ApplicationInsights.AspNet.Tests\Extensions\ApplicationInsightsExtensionsTests.cs(38,14): DNXCore,Version=v5.0 error CS0246: The type or namespace name 'InlineData' could not be found (are you missing a using directive or an assembly reference?) [C:\Users\kartang\Documents\GitHub\Aspnet\ApplicationInsights-aspnet5\test\Microsoft.ApplicationInsights.AspNet.Tests\Microsoft.ApplicationInsights.AspNet.Tests.xproj]
C:\Users\kartang\Documents\GitHub\Aspnet\ApplicationInsights-aspnet5\test\Microsoft.ApplicationInsights.AspNet.Tests\Extensions\ApplicationInsightsExtensionsTests.cs(39,14): DNXCore,Version=v5.0 error CS0246: The type or namespace name 'InlineData' could not be found (are you missing a using directive or an assembly reference?) [C:\Users\kartang\Documents\GitHub\Aspnet\ApplicationInsights-aspnet5\test\Microsoft.ApplicationInsights.AspNet.Tests\Microsoft.ApplicationInsights.AspNet.Tests.xproj]
C:\Users\kartang\Documents\GitHub\Aspnet\ApplicationInsights-aspnet5\test\Microsoft.ApplicationInsights.AspNet.Tests\Extensions\ApplicationInsightsExtensionsTests.cs(40,14): DNXCore,Version=v5.0 error CS0246: The type or namespace name 'InlineData' could not be found (are you missing a using directive or an assembly reference?) [C:\Users\kartang\Documents\GitHub\Aspnet\ApplicationInsights-aspnet5\test\Microsoft.ApplicationInsights.AspNet.Tests\Microsoft.ApplicationInsights.AspNet.Tests.xproj]
C:\Users\kartang\Documents\GitHub\Aspnet\ApplicationInsights-aspnet5\test\Microsoft.ApplicationInsights.AspNet.Tests\Extensions\ApplicationInsightsExtensionsTests.cs(41,14): DNXCore,Version=v5.0 error CS0246: The type or namespace name 'InlineData' could not be found (are you missing a using directive or an assembly reference?) [C:\Users\kartang\Documents\GitHub\Aspnet\ApplicationInsights-aspnet5\test\Microsoft.ApplicationInsights.AspNet.Tests\Microsoft.ApplicationInsights.AspNet.Tests.xproj]
C:\Users\kartang\Documents\GitHub\Aspnet\ApplicationInsights-aspnet5\test\Microsoft.ApplicationInsights.AspNet.Tests\Extensions\ApplicationInsightsExtensionsTests.cs(42,14): DNXCore,Version=v5.0 error CS0246: The type or namespace name 'InlineData' could not be found (are you missing a using directive or an assembly reference?) [C:\Users\kartang\Documents\GitHub\Aspnet\ApplicationInsights-aspnet5\test\Microsoft.ApplicationInsights.AspNet.Tests\Microsoft.ApplicationInsights.AspNet.Tests.xproj]
C:\Users\kartang\Documents\GitHub\Aspnet\ApplicationInsights-aspnet5\test\Microsoft.ApplicationInsights.AspNet.Tests\Extensions\ApplicationInsightsExtensionsTests.cs(43,14): DNXCore,Version=v5.0 error CS0246: The type or namespace name 'InlineData' could not be found (are you missing a using directive or an assembly reference?) [C:\Users\kartang\Documents\GitHub\Aspnet\ApplicationInsights-aspnet5\test\Microsoft.ApplicationInsights.AspNet.Tests\Microsoft.ApplicationInsights.AspNet.Tests.xproj]
C:\Users\kartang\Documents\GitHub\Aspnet\ApplicationInsights-aspnet5\test\Microsoft.ApplicationInsights.AspNet.Tests\Extensions\ApplicationInsightsExtensionsTests.cs(44,14): DNXCore,Version=v5.0 error CS0246: The type or namespace name 'InlineData' could not be found (are you missing a using directive or an assembly reference?) [C:\Users\kartang\Documents\GitHub\Aspnet\ApplicationInsights-aspnet5\test\Microsoft.ApplicationInsights.AspNet.Tests\Microsoft.ApplicationInsights.AspNet.Tests.xproj]
C:\Users\kartang\Documents\GitHub\Aspnet\ApplicationInsights-aspnet5\test\Microsoft.ApplicationInsights.AspNet.Tests\Extensions\ApplicationInsightsExtensionsTests.cs(55,14): DNXCore,Version=v5.0 error CS0246: The type or namespace name 'Fact' could not be found (are you missing a using directive or an assembly reference?) [C:\Users\kartang\Documents\GitHub\Aspnet\ApplicationInsights-aspnet5\test\Microsoft.ApplicationInsights.AspNet.Tests\Microsoft.ApplicationInsights.AspNet.Tests.xproj]
C:\Users\kartang\Documents\GitHub\Aspnet\ApplicationInsights-aspnet5\test\Microsoft.ApplicationInsights.AspNet.Tests\Extensions\ApplicationInsightsExtensionsTests.cs(66,14): DNXCore,Version=v5.0 error CS0246: The type or namespace name 'Fact' could not be found (are you missing a using directive or an assembly reference?) [C:\Users\kartang\Documents\GitHub\Aspnet\ApplicationInsights-aspnet5\test\Microsoft.ApplicationInsights.AspNet.Tests\Microsoft.ApplicationInsights.AspNet.Tests.xproj]
C:\Users\kartang\Documents\GitHub\Aspnet\ApplicationInsights-aspnet5\test\Microsoft.ApplicationInsights.AspNet.Tests\Extensions\ApplicationInsightsExtensionsTests.cs(78,14): DNXCore,Version=v5.0 error CS0246: The type or namespace name 'Fact' could not be found (are you missing a using directive or an assembly reference?) [C:\Users\kartang\Documents\GitHub\Aspnet\ApplicationInsights-aspnet5\test\Microsoft.ApplicationInsights.AspNet.Tests\Microsoft.ApplicationInsights.AspNet.Tests.xproj]
C:\Users\kartang\Documents\GitHub\Aspnet\ApplicationInsights-aspnet5\test\Microsoft.ApplicationInsights.AspNet.Tests\Extensions\ApplicationInsightsExtensionsTests.cs(91,14): DNXCore,Version=v5.0 error CS0246: The type or namespace name 'Fact' could not be found (are you missing a using directive or an assembly reference?) [C:\Users\kartang\Documents\GitHub\Aspnet\ApplicationInsights-aspnet5\test\Microsoft.ApplicationInsights.AspNet.Tests\Microsoft.ApplicationInsights.AspNet.Tests.xproj]
C:\Users\kartang\Documents\GitHub\Aspnet\ApplicationInsights-aspnet5\test\Microsoft.ApplicationInsights.AspNet.Tests\Extensions\ApplicationInsightsExtensionsTests.cs(104,14): DNXCore,Version=v5.0 error CS0246: The type or namespace name 'Fact' could not be found (are you missing a using directive or an assembly reference?) [C:\Users\kartang\Documents\GitHub\Aspnet\ApplicationInsights-aspnet5\test\Microsoft.ApplicationInsights.AspNet.Tests\Microsoft.ApplicationInsights.AspNet.Tests.xproj]
C:\Users\kartang\Documents\GitHub\Aspnet\ApplicationInsights-aspnet5\test\Microsoft.ApplicationInsights.AspNet.Tests\Extensions\ApplicationInsightsExtensionsTests.cs(117,14): DNXCore,Version=v5.0 error CS0246: The type or namespace name 'Fact' could not be found (are you missing a using directive or an assembly reference?) [C:\Users\kartang\Documents\GitHub\Aspnet\ApplicationInsights-aspnet5\test\Microsoft.ApplicationInsights.AspNet.Tests\Microsoft.ApplicationInsights.AspNet.Tests.xproj]
C:\Users\kartang\Documents\GitHub\Aspnet\ApplicationInsights-aspnet5\test\Microsoft.ApplicationInsights.AspNet.Tests\Extensions\ApplicationInsightsExtensionsTests.cs(138,14): DNXCore,Version=v5.0 error CS0246: The type or namespace name 'Fact' could not be found (are you missing a using directive or an assembly reference?) [C:\Users\kartang\Documents\GitHub\Aspnet\ApplicationInsights-aspnet5\test\Microsoft.ApplicationInsights.AspNet.Tests\Microsoft.ApplicationInsights.AspNet.Tests.xproj]
C:\Users\kartang\Documents\GitHub\Aspnet\ApplicationInsights-aspnet5\test\Microsoft.ApplicationInsights.AspNet.Tests\Extensions\ApplicationInsightsExtensionsTests.cs(158,14): DNXCore,Version=v5.0 error CS0246: The type or namespace name 'Fact' could not be found (are you missing a using directive or an assembly reference?) [C:\Users\kartang\Documents\GitHub\Aspnet\ApplicationInsights-aspnet5\test\Microsoft.ApplicationInsights.AspNet.Tests\Microsoft.ApplicationInsights.AspNet.Tests.xproj]
C:\Users\kartang\Documents\GitHub\Aspnet\ApplicationInsights-aspnet5\test\Microsoft.ApplicationInsights.AspNet.Tests\Extensions\ApplicationInsightsExtensionsTests.cs(178,14): DNXCore,Version=v5.0 error CS0246: The type or namespace name 'Fact' could not be found (are you missing a using directive or an assembly reference?) [C:\Users\kartang\Documents\GitHub\Aspnet\ApplicationInsights-aspnet5\test\Microsoft.ApplicationInsights.AspNet.Tests\Microsoft.ApplicationInsights.AspNet.Tests.xproj]
C:\Users\kartang\Documents\GitHub\Aspnet\ApplicationInsights-aspnet5\test\Microsoft.ApplicationInsights.AspNet.Tests\Extensions\ApplicationInsightsExtensionsTests.cs(192,14): DNXCore,Version=v5.0 error CS0246: The type or namespace name 'Fact' could not be found (are you missing a using directive or an assembly reference?) [C:\Users\kartang\Documents\GitHub\Aspnet\ApplicationInsights-aspnet5\test\Microsoft.ApplicationInsights.AspNet.Tests\Microsoft.ApplicationInsights.AspNet.Tests.xproj]
C:\Users\kartang\Documents\GitHub\Aspnet\ApplicationInsights-aspnet5\test\Microsoft.ApplicationInsights.AspNet.Tests\Extensions\ApplicationInsightsExtensionsTests.cs(206,14): DNXCore,Version=v5.0 error CS0246: The type or namespace name 'Fact' could not be found (are you missing a using directive or an assembly reference?) [C:\Users\kartang\Documents\GitHub\Aspnet\ApplicationInsights-aspnet5\test\Microsoft.ApplicationInsights.AspNet.Tests\Microsoft.ApplicationInsights.AspNet.Tests.xproj]
C:\Users\kartang\Documents\GitHub\Aspnet\ApplicationInsights-aspnet5\test\Microsoft.ApplicationInsights.AspNet.Tests\Extensions\ApplicationInsightsExtensionsTests.cs(218,14): DNXCore,Version=v5.0 error CS0246: The type or namespace name 'Fact' could not be found (are you missing a using directive or an assembly reference?) [C:\Users\kartang\Documents\GitHub\Aspnet\ApplicationInsights-aspnet5\test\Microsoft.ApplicationInsights.AspNet.Tests\Microsoft.ApplicationInsights.AspNet.Tests.xproj]
C:\Users\kartang\Documents\GitHub\Aspnet\ApplicationInsights-aspnet5\test\Microsoft.ApplicationInsights.AspNet.Tests\Extensions\ApplicationInsightsExtensionsTests.cs(265,14): DNXCore,Version=v5.0 error CS0246: The type or namespace name 'Fact' could not be found (are you missing a using directive or an assembly reference?) [C:\Users\kartang\Documents\GitHub\Aspnet\ApplicationInsights-aspnet5\test\Microsoft.ApplicationInsights.AspNet.Tests\Microsoft.ApplicationInsights.AspNet.Tests.xproj]
C:\Users\kartang\Documents\GitHub\Aspnet\ApplicationInsights-aspnet5\test\Microsoft.ApplicationInsights.AspNet.Tests\RequestTrackingMiddlewareTest.cs(39,10): DNXCore,Version=v5.0 error CS0246: The type or namespace name 'Fact' could not be found (are you missing a using directive or an assembly reference?) [C:\Users\kartang\Documents\GitHub\Aspnet\ApplicationInsights-aspnet5\test\Microsoft.ApplicationInsights.AspNet.Tests\Microsoft.ApplicationInsights.AspNet.Tests.xproj]
C:\Users\kartang\Documents\GitHub\Aspnet\ApplicationInsights-aspnet5\test\Microsoft.ApplicationInsights.AspNet.Tests\Extensions\ApplicationInsightsExtensionsTests.cs(278,14): DNXCore,Version=v5.0 error CS0246: The type or namespace name 'Fact' could not be found (are you missing a using directive or an assembly reference?) [C:\Users\kartang\Documents\GitHub\Aspnet\ApplicationInsights-aspnet5\test\Microsoft.ApplicationInsights.AspNet.Tests\Microsoft.ApplicationInsights.AspNet.Tests.xproj]
C:\Users\kartang\Documents\GitHub\Aspnet\ApplicationInsights-aspnet5\test\Microsoft.ApplicationInsights.AspNet.Tests\RequestTrackingMiddlewareTest.cs(52,10): DNXCore,Version=v5.0 error CS0246: The type or namespace name 'Fact' could not be found (are you missing a using directive or an assembly reference?) [C:\Users\kartang\Documents\GitHub\Aspnet\ApplicationInsights-aspnet5\test\Microsoft.ApplicationInsights.AspNet.Tests\Microsoft.ApplicationInsights.AspNet.Tests.xproj]
C:\Users\kartang\Documents\GitHub\Aspnet\ApplicationInsights-aspnet5\test\Microsoft.ApplicationInsights.AspNet.Tests\Extensions\ApplicationInsightsExtensionsTests.cs(290,14): DNXCore,Version=v5.0 error CS0246: The type or namespace name 'Fact' could not be found (are you missing a using directive or an assembly reference?) [C:\Users\kartang\Documents\GitHub\Aspnet\ApplicationInsights-aspnet5\test\Microsoft.ApplicationInsights.AspNet.Tests\Microsoft.ApplicationInsights.AspNet.Tests.xproj]
C:\Users\kartang\Documents\GitHub\Aspnet\ApplicationInsights-aspnet5\test\Microsoft.ApplicationInsights.AspNet.Tests\RequestTrackingMiddlewareTest.cs(71,10): DNXCore,Version=v5.0 error CS0246: The type or namespace name 'Fact' could not be found (are you missing a using directive or an assembly reference?) [C:\Users\kartang\Documents\GitHub\Aspnet\ApplicationInsights-aspnet5\test\Microsoft.ApplicationInsights.AspNet.Tests\Microsoft.ApplicationInsights.AspNet.Tests.xproj]
C:\Users\kartang\Documents\GitHub\Aspnet\ApplicationInsights-aspnet5\test\Microsoft.ApplicationInsights.AspNet.Tests\JavaScript\ApplicationInsightsJavaScriptTest.cs(9,10): DNXCore,Version=v5.0 error CS0246: The type or namespace name 'Fact' could not be found (are you missing a using directive or an assembly reference?) [C:\Users\kartang\Documents\GitHub\Aspnet\ApplicationInsights-aspnet5\test\Microsoft.ApplicationInsights.AspNet.Tests\Microsoft.ApplicationInsights.AspNet.Tests.xproj]
C:\Users\kartang\Documents\GitHub\Aspnet\ApplicationInsights-aspnet5\test\Microsoft.ApplicationInsights.AspNet.Tests\JavaScript\ApplicationInsightsJavaScriptTest.cs(17,10): DNXCore,Version=v5.0 error CS0246: The type or namespace name 'Fact' could not be found (are you missing a using directive or an assembly reference?) [C:\Users\kartang\Documents\GitHub\Aspnet\ApplicationInsights-aspnet5\test\Microsoft.ApplicationInsights.AspNet.Tests\Microsoft.ApplicationInsights.AspNet.Tests.xproj]
C:\Users\kartang\Documents\GitHub\Aspnet\ApplicationInsights-aspnet5\test\Microsoft.ApplicationInsights.AspNet.Tests\JavaScript\ApplicationInsightsJavaScriptTest.cs(26,10): DNXCore,Version=v5.0 error CS0246: The type or namespace name 'Fact' could not be found (are you missing a using directive or an assembly reference?) [C:\Users\kartang\Documents\GitHub\Aspnet\ApplicationInsights-aspnet5\test\Microsoft.ApplicationInsights.AspNet.Tests\Microsoft.ApplicationInsights.AspNet.Tests.xproj]
C:\Users\kartang\Documents\GitHub\Aspnet\ApplicationInsights-aspnet5\test\Microsoft.ApplicationInsights.AspNet.Tests\TelemetryInitializers\ClientIpHeaderTelemetryInitializerTests.cs(13,10): DNXCore,Version=v5.0 error CS0246: The type or namespace name 'Fact' could not be found (are you missing a using directive or an assembly reference?) [C:\Users\kartang\Documents\GitHub\Aspnet\ApplicationInsights-aspnet5\test\Microsoft.ApplicationInsights.AspNet.Tests\Microsoft.ApplicationInsights.AspNet.Tests.xproj]
C:\Users\kartang\Documents\GitHub\Aspnet\ApplicationInsights-aspnet5\test\Microsoft.ApplicationInsights.AspNet.Tests\TelemetryInitializers\ClientIpHeaderTelemetryInitializerTests.cs(19,10): DNXCore,Version=v5.0 error CS0246: The type or namespace name 'Fact' could not be found (are you missing a using directive or an assembly reference?) [C:\Users\kartang\Documents\GitHub\Aspnet\ApplicationInsights-aspnet5\test\Microsoft.ApplicationInsights.AspNet.Tests\Microsoft.ApplicationInsights.AspNet.Tests.xproj]
C:\Users\kartang\Documents\GitHub\Aspnet\ApplicationInsights-aspnet5\test\Microsoft.ApplicationInsights.AspNet.Tests\TelemetryInitializers\ClientIpHeaderTelemetryInitializerTests.cs(29,10): DNXCore,Version=v5.0 error CS0246: The type or namespace name 'Fact' could not be found (are you missing a using directive or an assembly reference?) [C:\Users\kartang\Documents\GitHub\Aspnet\ApplicationInsights-aspnet5\test\Microsoft.ApplicationInsights.AspNet.Tests\Microsoft.ApplicationInsights.AspNet.Tests.xproj]
C:\Users\kartang\Documents\GitHub\Aspnet\ApplicationInsights-aspnet5\test\Microsoft.ApplicationInsights.AspNet.Tests\TelemetryInitializers\ClientIpHeaderTelemetryInitializerTests.cs(39,10): DNXCore,Version=v5.0 error CS0246: The type or namespace name 'Fact' could not be found (are you missing a using directive or an assembly reference?) [C:\Users\kartang\Documents\GitHub\Aspnet\ApplicationInsights-aspnet5\test\Microsoft.ApplicationInsights.AspNet.Tests\Microsoft.ApplicationInsights.AspNet.Tests.xproj]
C:\Users\kartang\Documents\GitHub\Aspnet\ApplicationInsights-aspnet5\test\Microsoft.ApplicationInsights.AspNet.Tests\TelemetryInitializers\ClientIpHeaderTelemetryInitializerTests.cs(53,10): DNXCore,Version=v5.0 error CS0246: The type or namespace name 'Fact' could not be found (are you missing a using directive or an assembly reference?) [C:\Users\kartang\Documents\GitHub\Aspnet\ApplicationInsights-aspnet5\test\Microsoft.ApplicationInsights.AspNet.Tests\Microsoft.ApplicationInsights.AspNet.Tests.xproj]
C:\Users\kartang\Documents\GitHub\Aspnet\ApplicationInsights-aspnet5\test\Microsoft.ApplicationInsights.AspNet.Tests\TelemetryInitializers\ClientIpHeaderTelemetryInitializerTests.cs(69,10): DNXCore,Version=v5.0 error CS0246: The type or namespace name 'Fact' could not be found (are you missing a using directive or an assembly reference?) [C:\Users\kartang\Documents\GitHub\Aspnet\ApplicationInsights-aspnet5\test\Microsoft.ApplicationInsights.AspNet.Tests\Microsoft.ApplicationInsights.AspNet.Tests.xproj]
C:\Users\kartang\Documents\GitHub\Aspnet\ApplicationInsights-aspnet5\test\Microsoft.ApplicationInsights.AspNet.Tests\TelemetryInitializers\OperationIdTelemetryInitializerTest.cs(13,10): DNXCore,Version=v5.0 error CS0246: The type or namespace name 'Fact' could not be found (are you missing a using directive or an assembly reference?) [C:\Users\kartang\Documents\GitHub\Aspnet\ApplicationInsights-aspnet5\test\Microsoft.ApplicationInsights.AspNet.Tests\Microsoft.ApplicationInsights.AspNet.Tests.xproj]
C:\Users\kartang\Documents\GitHub\Aspnet\ApplicationInsights-aspnet5\test\Microsoft.ApplicationInsights.AspNet.Tests\TelemetryInitializers\OperationIdTelemetryInitializerTest.cs(19,10): DNXCore,Version=v5.0 error CS0246: The type or namespace name 'Fact' could not be found (are you missing a using directive or an assembly reference?) [C:\Users\kartang\Documents\GitHub\Aspnet\ApplicationInsights-aspnet5\test\Microsoft.ApplicationInsights.AspNet.Tests\Microsoft.ApplicationInsights.AspNet.Tests.xproj]
C:\Users\kartang\Documents\GitHub\Aspnet\ApplicationInsights-aspnet5\test\Microsoft.ApplicationInsights.AspNet.Tests\TelemetryInitializers\OperationIdTelemetryInitializerTest.cs(29,10): DNXCore,Version=v5.0 error CS0246: The type or namespace name 'Fact' could not be found (are you missing a using directive or an assembly reference?) [C:\Users\kartang\Documents\GitHub\Aspnet\ApplicationInsights-aspnet5\test\Microsoft.ApplicationInsights.AspNet.Tests\Microsoft.ApplicationInsights.AspNet.Tests.xproj]
C:\Users\kartang\Documents\GitHub\Aspnet\ApplicationInsights-aspnet5\test\Microsoft.ApplicationInsights.AspNet.Tests\TelemetryInitializers\OperationIdTelemetryInitializerTest.cs(39,10): DNXCore,Version=v5.0 error CS0246: The type or namespace name 'Fact' could not be found (are you missing a using directive or an assembly reference?) [C:\Users\kartang\Documents\GitHub\Aspnet\ApplicationInsights-aspnet5\test\Microsoft.ApplicationInsights.AspNet.Tests\Microsoft.ApplicationInsights.AspNet.Tests.xproj]
C:\Users\kartang\Documents\GitHub\Aspnet\ApplicationInsights-aspnet5\test\Microsoft.ApplicationInsights.AspNet.Tests\TelemetryInitializers\OperationIdTelemetryInitializerTest.cs(53,10): DNXCore,Version=v5.0 error CS0246: The type or namespace name 'Fact' could not be found (are you missing a using directive or an assembly reference?) [C:\Users\kartang\Documents\GitHub\Aspnet\ApplicationInsights-aspnet5\test\Microsoft.ApplicationInsights.AspNet.Tests\Microsoft.ApplicationInsights.AspNet.Tests.xproj]
C:\Users\kartang\Documents\GitHub\Aspnet\ApplicationInsights-aspnet5\test\Microsoft.ApplicationInsights.AspNet.Tests\TelemetryInitializers\OperationNameTelemetryInitializerTests.cs(19,10): DNXCore,Version=v5.0 error CS0246: The type or namespace name 'Fact' could not be found (are you missing a using directive or an assembly reference?) [C:\Users\kartang\Documents\GitHub\Aspnet\ApplicationInsights-aspnet5\test\Microsoft.ApplicationInsights.AspNet.Tests\Microsoft.ApplicationInsights.AspNet.Tests.xproj]
C:\Users\kartang\Documents\GitHub\Aspnet\ApplicationInsights-aspnet5\test\Microsoft.ApplicationInsights.AspNet.Tests\TelemetryInitializers\OperationNameTelemetryInitializerTests.cs(28,10): DNXCore,Version=v5.0 error CS0246: The type or namespace name 'Fact' could not be found (are you missing a using directive or an assembly reference?) [C:\Users\kartang\Documents\GitHub\Aspnet\ApplicationInsights-aspnet5\test\Microsoft.ApplicationInsights.AspNet.Tests\Microsoft.ApplicationInsights.AspNet.Tests.xproj]
C:\Users\kartang\Documents\GitHub\Aspnet\ApplicationInsights-aspnet5\test\Microsoft.ApplicationInsights.AspNet.Tests\TelemetryInitializers\OperationNameTelemetryInitializerTests.cs(38,10): DNXCore,Version=v5.0 error CS0246: The type or namespace name 'Fact' could not be found (are you missing a using directive or an assembly reference?) [C:\Users\kartang\Documents\GitHub\Aspnet\ApplicationInsights-aspnet5\test\Microsoft.ApplicationInsights.AspNet.Tests\Microsoft.ApplicationInsights.AspNet.Tests.xproj]
C:\Users\kartang\Documents\GitHub\Aspnet\ApplicationInsights-aspnet5\test\Microsoft.ApplicationInsights.AspNet.Tests\TelemetryInitializers\OperationNameTelemetryInitializerTests.cs(48,10): DNXCore,Version=v5.0 error CS0246: The type or namespace name 'Fact' could not be found (are you missing a using directive or an assembly reference?) [C:\Users\kartang\Documents\GitHub\Aspnet\ApplicationInsights-aspnet5\test\Microsoft.ApplicationInsights.AspNet.Tests\Microsoft.ApplicationInsights.AspNet.Tests.xproj]
C:\Users\kartang\Documents\GitHub\Aspnet\ApplicationInsights-aspnet5\test\Microsoft.ApplicationInsights.AspNet.Tests\TelemetryInitializers\OperationNameTelemetryInitializerTests.cs(62,10): DNXCore,Version=v5.0 error CS0246: The type or namespace name 'Fact' could not be found (are you missing a using directive or an assembly reference?) [C:\Users\kartang\Documents\GitHub\Aspnet\ApplicationInsights-aspnet5\test\Microsoft.ApplicationInsights.AspNet.Tests\Microsoft.ApplicationInsights.AspNet.Tests.xproj]
C:\Users\kartang\Documents\GitHub\Aspnet\ApplicationInsights-aspnet5\test\Microsoft.ApplicationInsights.AspNet.Tests\TelemetryInitializers\OperationNameTelemetryInitializerTests.cs(75,10): DNXCore,Version=v5.0 error CS0246: The type or namespace name 'Fact' could not be found (are you missing a using directive or an assembly reference?) [C:\Users\kartang\Documents\GitHub\Aspnet\ApplicationInsights-aspnet5\test\Microsoft.ApplicationInsights.AspNet.Tests\Microsoft.ApplicationInsights.AspNet.Tests.xproj]
C:\Users\kartang\Documents\GitHub\Aspnet\ApplicationInsights-aspnet5\test\Microsoft.ApplicationInsights.AspNet.Tests\TelemetryInitializers\OperationNameTelemetryInitializerTests.cs(88,10): DNXCore,Version=v5.0 error CS0246: The type or namespace name 'Fact' could not be found (are you missing a using directive or an assembly reference?) [C:\Users\kartang\Documents\GitHub\Aspnet\ApplicationInsights-aspnet5\test\Microsoft.ApplicationInsights.AspNet.Tests\Microsoft.ApplicationInsights.AspNet.Tests.xproj]
C:\Users\kartang\Documents\GitHub\Aspnet\ApplicationInsights-aspnet5\test\Microsoft.ApplicationInsights.AspNet.Tests\TelemetryInitializers\OperationNameTelemetryInitializerTests.cs(108,10): DNXCore,Version=v5.0 error CS0246: The type or namespace name 'Fact' could not be found (are you missing a using directive or an assembly reference?) [C:\Users\kartang\Documents\GitHub\Aspnet\ApplicationInsights-aspnet5\test\Microsoft.ApplicationInsights.AspNet.Tests\Microsoft.ApplicationInsights.AspNet.Tests.xproj]
C:\Users\kartang\Documents\GitHub\Aspnet\ApplicationInsights-aspnet5\test\Microsoft.ApplicationInsights.AspNet.Tests\TelemetryInitializers\OperationNameTelemetryInitializerTests.cs(129,10): DNXCore,Version=v5.0 error CS0246: The type or namespace name 'Fact' could not be found (are you missing a using directive or an assembly reference?) [C:\Users\kartang\Documents\GitHub\Aspnet\ApplicationInsights-aspnet5\test\Microsoft.ApplicationInsights.AspNet.Tests\Microsoft.ApplicationInsights.AspNet.Tests.xproj]
C:\Users\kartang\Documents\GitHub\Aspnet\ApplicationInsights-aspnet5\test\Microsoft.ApplicationInsights.AspNet.Tests\TelemetryInitializers\OperationNameTelemetryInitializerTests.cs(151,10): DNXCore,Version=v5.0 error CS0246: The type or namespace name 'Fact' could not be found (are you missing a using directive or an assembly reference?) [C:\Users\kartang\Documents\GitHub\Aspnet\ApplicationInsights-aspnet5\test\Microsoft.ApplicationInsights.AspNet.Tests\Microsoft.ApplicationInsights.AspNet.Tests.xproj]
C:\Users\kartang\Documents\GitHub\Aspnet\ApplicationInsights-aspnet5\test\Microsoft.ApplicationInsights.AspNet.Tests\TelemetryInitializers\OperationNameTelemetryInitializerTests.cs(175,10): DNXCore,Version=v5.0 error CS0246: The type or namespace name 'Fact' could not be found (are you missing a using directive or an assembly reference?) [C:\Users\kartang\Documents\GitHub\Aspnet\ApplicationInsights-aspnet5\test\Microsoft.ApplicationInsights.AspNet.Tests\Microsoft.ApplicationInsights.AspNet.Tests.xproj]
C:\Users\kartang\Documents\GitHub\Aspnet\ApplicationInsights-aspnet5\test\Microsoft.ApplicationInsights.AspNet.Tests\TelemetryInitializers\OperationNameTelemetryInitializerTests.cs(196,10): DNXCore,Version=v5.0 error CS0246: The type or namespace name 'Fact' could not be found (are you missing a using directive or an assembly reference?) [C:\Users\kartang\Documents\GitHub\Aspnet\ApplicationInsights-aspnet5\test\Microsoft.ApplicationInsights.AspNet.Tests\Microsoft.ApplicationInsights.AspNet.Tests.xproj]
C:\Users\kartang\Documents\GitHub\Aspnet\ApplicationInsights-aspnet5\test\Microsoft.ApplicationInsights.AspNet.Tests\TelemetryInitializers\UserAgentTelemetryInitializerTests.cs(15,10): DNXCore,Version=v5.0 error CS0246: The type or namespace name 'Fact' could not be found (are you missing a using directive or an assembly reference?) [C:\Users\kartang\Documents\GitHub\Aspnet\ApplicationInsights-aspnet5\test\Microsoft.ApplicationInsights.AspNet.Tests\Microsoft.ApplicationInsights.AspNet.Tests.xproj]
C:\Users\kartang\Documents\GitHub\Aspnet\ApplicationInsights-aspnet5\test\Microsoft.ApplicationInsights.AspNet.Tests\TelemetryInitializers\UserAgentTelemetryInitializerTests.cs(21,10): DNXCore,Version=v5.0 error CS0246: The type or namespace name 'Fact' could not be found (are you missing a using directive or an assembly reference?) [C:\Users\kartang\Documents\GitHub\Aspnet\ApplicationInsights-aspnet5\test\Microsoft.ApplicationInsights.AspNet.Tests\Microsoft.ApplicationInsights.AspNet.Tests.xproj]
C:\Users\kartang\Documents\GitHub\Aspnet\ApplicationInsights-aspnet5\test\Microsoft.ApplicationInsights.AspNet.Tests\TelemetryInitializers\UserAgentTelemetryInitializerTests.cs(31,10): DNXCore,Version=v5.0 error CS0246: The type or namespace name 'Fact' could not be found (are you missing a using directive or an assembly reference?) [C:\Users\kartang\Documents\GitHub\Aspnet\ApplicationInsights-aspnet5\test\Microsoft.ApplicationInsights.AspNet.Tests\Microsoft.ApplicationInsights.AspNet.Tests.xproj]
C:\Users\kartang\Documents\GitHub\Aspnet\ApplicationInsights-aspnet5\test\Microsoft.ApplicationInsights.AspNet.Tests\TelemetryInitializers\UserAgentTelemetryInitializerTests.cs(41,10): DNXCore,Version=v5.0 error CS0246: The type or namespace name 'Fact' could not be found (are you missing a using directive or an assembly reference?) [C:\Users\kartang\Documents\GitHub\Aspnet\ApplicationInsights-aspnet5\test\Microsoft.ApplicationInsights.AspNet.Tests\Microsoft.ApplicationInsights.AspNet.Tests.xproj]
C:\Users\kartang\Documents\GitHub\Aspnet\ApplicationInsights-aspnet5\test\Microsoft.ApplicationInsights.AspNet.Tests\TelemetryInitializers\UserAgentTelemetryInitializerTests.cs(54,10): DNXCore,Version=v5.0 error CS0246: The type or namespace name 'Fact' could not be found (are you missing a using directive or an assembly reference?) [C:\Users\kartang\Documents\GitHub\Aspnet\ApplicationInsights-aspnet5\test\Microsoft.ApplicationInsights.AspNet.Tests\Microsoft.ApplicationInsights.AspNet.Tests.xproj]
C:\Users\kartang\Documents\GitHub\Aspnet\ApplicationInsights-aspnet5\test\Microsoft.ApplicationInsights.AspNet.Tests\TelemetryInitializers\WebSessionTelemetryInitializerTests.cs(14,10): DNXCore,Version=v5.0 error CS0246: The type or namespace name 'Fact' could not be found (are you missing a using directive or an assembly reference?) [C:\Users\kartang\Documents\GitHub\Aspnet\ApplicationInsights-aspnet5\test\Microsoft.ApplicationInsights.AspNet.Tests\Microsoft.ApplicationInsights.AspNet.Tests.xproj]
C:\Users\kartang\Documents\GitHub\Aspnet\ApplicationInsights-aspnet5\test\Microsoft.ApplicationInsights.AspNet.Tests\TelemetryInitializers\WebSessionTelemetryInitializerTests.cs(20,10): DNXCore,Version=v5.0 error CS0246: The type or namespace name 'Fact' could not be found (are you missing a using directive or an assembly reference?) [C:\Users\kartang\Documents\GitHub\Aspnet\ApplicationInsights-aspnet5\test\Microsoft.ApplicationInsights.AspNet.Tests\Microsoft.ApplicationInsights.AspNet.Tests.xproj]
C:\Users\kartang\Documents\GitHub\Aspnet\ApplicationInsights-aspnet5\test\Microsoft.ApplicationInsights.AspNet.Tests\TelemetryInitializers\WebSessionTelemetryInitializerTests.cs(30,10): DNXCore,Version=v5.0 error CS0246: The type or namespace name 'Fact' could not be found (are you missing a using directive or an assembly reference?) [C:\Users\kartang\Documents\GitHub\Aspnet\ApplicationInsights-aspnet5\test\Microsoft.ApplicationInsights.AspNet.Tests\Microsoft.ApplicationInsights.AspNet.Tests.xproj]
C:\Users\kartang\Documents\GitHub\Aspnet\ApplicationInsights-aspnet5\test\Microsoft.ApplicationInsights.AspNet.Tests\TelemetryInitializers\WebSessionTelemetryInitializerTests.cs(40,10): DNXCore,Version=v5.0 error CS0246: The type or namespace name 'Fact' could not be found (are you missing a using directive or an assembly reference?) [C:\Users\kartang\Documents\GitHub\Aspnet\ApplicationInsights-aspnet5\test\Microsoft.ApplicationInsights.AspNet.Tests\Microsoft.ApplicationInsights.AspNet.Tests.xproj]
C:\Users\kartang\Documents\GitHub\Aspnet\ApplicationInsights-aspnet5\test\Microsoft.ApplicationInsights.AspNet.Tests\TelemetryInitializers\WebSessionTelemetryInitializerTests.cs(53,10): DNXCore,Version=v5.0 error CS0246: The type or namespace name 'Fact' could not be found (are you missing a using directive or an assembly reference?) [C:\Users\kartang\Documents\GitHub\Aspnet\ApplicationInsights-aspnet5\test\Microsoft.ApplicationInsights.AspNet.Tests\Microsoft.ApplicationInsights.AspNet.Tests.xproj]
C:\Users\kartang\Documents\GitHub\Aspnet\ApplicationInsights-aspnet5\test\Microsoft.ApplicationInsights.AspNet.Tests\TelemetryInitializers\WebUserTelemetryInitializerTests.cs(14,10): DNXCore,Version=v5.0 error CS0246: The type or namespace name 'Fact' could not be found (are you missing a using directive or an assembly reference?) [C:\Users\kartang\Documents\GitHub\Aspnet\ApplicationInsights-aspnet5\test\Microsoft.ApplicationInsights.AspNet.Tests\Microsoft.ApplicationInsights.AspNet.Tests.xproj]
C:\Users\kartang\Documents\GitHub\Aspnet\ApplicationInsights-aspnet5\test\Microsoft.ApplicationInsights.AspNet.Tests\TelemetryInitializers\WebUserTelemetryInitializerTests.cs(20,10): DNXCore,Version=v5.0 error CS0246: The type or namespace name 'Fact' could not be found (are you missing a using directive or an assembly reference?) [C:\Users\kartang\Documents\GitHub\Aspnet\ApplicationInsights-aspnet5\test\Microsoft.ApplicationInsights.AspNet.Tests\Microsoft.ApplicationInsights.AspNet.Tests.xproj]
C:\Users\kartang\Documents\GitHub\Aspnet\ApplicationInsights-aspnet5\test\Microsoft.ApplicationInsights.AspNet.Tests\TelemetryInitializers\WebUserTelemetryInitializerTests.cs(30,10): DNXCore,Version=v5.0 error CS0246: The type or namespace name 'Fact' could not be found (are you missing a using directive or an assembly reference?) [C:\Users\kartang\Documents\GitHub\Aspnet\ApplicationInsights-aspnet5\test\Microsoft.ApplicationInsights.AspNet.Tests\Microsoft.ApplicationInsights.AspNet.Tests.xproj]
C:\Users\kartang\Documents\GitHub\Aspnet\ApplicationInsights-aspnet5\test\Microsoft.ApplicationInsights.AspNet.Tests\TelemetryInitializers\WebUserTelemetryInitializerTests.cs(40,10): DNXCore,Version=v5.0 error CS0246: The type or namespace name 'Fact' could not be found (are you missing a using directive or an assembly reference?) [C:\Users\kartang\Documents\GitHub\Aspnet\ApplicationInsights-aspnet5\test\Microsoft.ApplicationInsights.AspNet.Tests\Microsoft.ApplicationInsights.AspNet.Tests.xproj]
C:\Users\kartang\Documents\GitHub\Aspnet\ApplicationInsights-aspnet5\test\Microsoft.ApplicationInsights.AspNet.Tests\TelemetryInitializers\WebUserTelemetryInitializerTests.cs(54,10): DNXCore,Version=v5.0 error CS0246: The type or namespace name 'Fact' could not be found (are you missing a using directive or an assembly reference?) [C:\Users\kartang\Documents\GitHub\Aspnet\ApplicationInsights-aspnet5\test\Microsoft.ApplicationInsights.AspNet.Tests\Microsoft.ApplicationInsights.AspNet.Tests.xproj]
C:\Users\kartang\Documents\GitHub\Aspnet\ApplicationInsights-aspnet5\test\Microsoft.ApplicationInsights.AspNet.Tests\TelemetryInitializers\WebUserTelemetryInitializerTests.cs(68,10): DNXCore,Version=v5.0 error CS0246: The type or namespace name 'Fact' could not be found (are you missing a using directive or an assembly reference?) [C:\Users\kartang\Documents\GitHub\Aspnet\ApplicationInsights-aspnet5\test\Microsoft.ApplicationInsights.AspNet.Tests\Microsoft.ApplicationInsights.AspNet.Tests.xproj]
C:\Users\kartang\Documents\GitHub\Aspnet\ApplicationInsights-aspnet5\test\Microsoft.ApplicationInsights.AspNet.Tests\TelemetryInitializers\WebUserTelemetryInitializerTests.cs(81,10): DNXCore,Version=v5.0 error CS0246: The type or namespace name 'Fact' could not be found (are you missing a using directive or an assembly reference?) [C:\Users\kartang\Documents\GitHub\Aspnet\ApplicationInsights-aspnet5\test\Microsoft.ApplicationInsights.AspNet.Tests\Microsoft.ApplicationInsights.AspNet.Tests.xproj]
C:\Users\kartang\Documents\GitHub\Aspnet\ApplicationInsights-aspnet5\test\Microsoft.ApplicationInsights.AspNet.Tests\TelemetryInitializers\DomainNameRoleInstanceTelemetryInitializerTests.cs(17,10): DNXCore,Version=v5.0 error CS0246: The type or namespace name 'Fact' could not be found (are you missing a using directive or an assembly reference?) [C:\Users\kartang\Documents\GitHub\Aspnet\ApplicationInsights-aspnet5\test\Microsoft.ApplicationInsights.AspNet.Tests\Microsoft.ApplicationInsights.AspNet.Tests.xproj]
C:\Users\kartang\Documents\GitHub\Aspnet\ApplicationInsights-aspnet5\test\Microsoft.ApplicationInsights.AspNet.Tests\TelemetryInitializers\DomainNameRoleInstanceTelemetryInitializerTests.cs(26,10): DNXCore,Version=v5.0 error CS0246: The type or namespace name 'Fact' could not be found (are you missing a using directive or an assembly reference?) [C:\Users\kartang\Documents\GitHub\Aspnet\ApplicationInsights-aspnet5\test\Microsoft.ApplicationInsights.AspNet.Tests\Microsoft.ApplicationInsights.AspNet.Tests.xproj]
C:\Users\kartang\Documents\GitHub\Aspnet\ApplicationInsights-aspnet5\test\Microsoft.ApplicationInsights.AspNet.Tests\TelemetryInitializers\DomainNameRoleInstanceTelemetryInitializerTests.cs(36,10): DNXCore,Version=v5.0 error CS0246: The type or namespace name 'Fact' could not be found (are you missing a using directive or an assembly reference?) [C:\Users\kartang\Documents\GitHub\Aspnet\ApplicationInsights-aspnet5\test\Microsoft.ApplicationInsights.AspNet.Tests\Microsoft.ApplicationInsights.AspNet.Tests.xproj]
C:\Users\kartang\Documents\GitHub\Aspnet\ApplicationInsights-aspnet5\test\Microsoft.ApplicationInsights.AspNet.Tests\TelemetryInitializers\DomainNameRoleInstanceTelemetryInitializerTests.cs(46,10): DNXCore,Version=v5.0 error CS0246: The type or namespace name 'Fact' could not be found (are you missing a using directive or an assembly reference?) [C:\Users\kartang\Documents\GitHub\Aspnet\ApplicationInsights-aspnet5\test\Microsoft.ApplicationInsights.AspNet.Tests\Microsoft.ApplicationInsights.AspNet.Tests.xproj]
C:\Users\kartang\Documents\GitHub\Aspnet\ApplicationInsights-aspnet5\test\Microsoft.ApplicationInsights.AspNet.Tests\TelemetryInitializers\DomainNameRoleInstanceTelemetryInitializerTests.cs(67,10): DNXCore,Version=v5.0 error CS0246: The type or namespace name 'Fact' could not be found (are you missing a using directive or an assembly reference?) [C:\Users\kartang\Documents\GitHub\Aspnet\ApplicationInsights-aspnet5\test\Microsoft.ApplicationInsights.AspNet.Tests\Microsoft.ApplicationInsights.AspNet.Tests.xproj]
C:\Users\kartang\Documents\GitHub\Aspnet\ApplicationInsights-aspnet5\test\Microsoft.ApplicationInsights.AspNet.Tests\JavaScript\ApplicationInsightsJavaScriptTest.cs(14,13): DNXCore,Version=v5.0 error CS0103: The name 'Assert' does not exist in the current context [C:\Users\kartang\Documents\GitHub\Aspnet\ApplicationInsights-aspnet5\test\Microsoft.ApplicationInsights.AspNet.Tests\Microsoft.ApplicationInsights.AspNet.Tests.xproj]
C:\Users\kartang\Documents\GitHub\Aspnet\ApplicationInsights-aspnet5\test\Microsoft.ApplicationInsights.AspNet.Tests\JavaScript\ApplicationInsightsJavaScriptTest.cs(22,13): DNXCore,Version=v5.0 error CS0103: The name 'Assert' does not exist in the current context [C:\Users\kartang\Documents\GitHub\Aspnet\ApplicationInsights-aspnet5\test\Microsoft.ApplicationInsights.AspNet.Tests\Microsoft.ApplicationInsights.AspNet.Tests.xproj]
C:\Users\kartang\Documents\GitHub\Aspnet\ApplicationInsights-aspnet5\test\Microsoft.ApplicationInsights.AspNet.Tests\JavaScript\ApplicationInsightsJavaScriptTest.cs(32,13): DNXCore,Version=v5.0 error CS0103: The name 'Assert' does not exist in the current context [C:\Users\kartang\Documents\GitHub\Aspnet\ApplicationInsights-aspnet5\test\Microsoft.ApplicationInsights.AspNet.Tests\Microsoft.ApplicationInsights.AspNet.Tests.xproj]
C:\Users\kartang\Documents\GitHub\Aspnet\ApplicationInsights-aspnet5\test\Microsoft.ApplicationInsights.AspNet.Tests\Extensions\ApplicationInsightsExtensionsTests.cs(275,17): DNXCore,Version=v5.0 error CS0103: The name 'Assert' does not exist in the current context [C:\Users\kartang\Documents\GitHub\Aspnet\ApplicationInsights-aspnet5\test\Microsoft.ApplicationInsights.AspNet.Tests\Microsoft.ApplicationInsights.AspNet.Tests.xproj]
C:\Users\kartang\Documents\GitHub\Aspnet\ApplicationInsights-aspnet5\test\Microsoft.ApplicationInsights.AspNet.Tests\RequestTrackingMiddlewareTest.cs(48,13): DNXCore,Version=v5.0 error CS0103: The name 'Assert' does not exist in the current context [C:\Users\kartang\Documents\GitHub\Aspnet\ApplicationInsights-aspnet5\test\Microsoft.ApplicationInsights.AspNet.Tests\Microsoft.ApplicationInsights.AspNet.Tests.xproj]
C:\Users\kartang\Documents\GitHub\Aspnet\ApplicationInsights-aspnet5\test\Microsoft.ApplicationInsights.AspNet.Tests\RequestTrackingMiddlewareTest.cs(49,13): DNXCore,Version=v5.0 error CS0103: The name 'Assert' does not exist in the current context [C:\Users\kartang\Documents\GitHub\Aspnet\ApplicationInsights-aspnet5\test\Microsoft.ApplicationInsights.AspNet.Tests\Microsoft.ApplicationInsights.AspNet.Tests.xproj]
C:\Users\kartang\Documents\GitHub\Aspnet\ApplicationInsights-aspnet5\test\Microsoft.ApplicationInsights.AspNet.Tests\Extensions\ApplicationInsightsExtensionsTests.cs(287,17): DNXCore,Version=v5.0 error CS0103: The name 'Assert' does not exist in the current context [C:\Users\kartang\Documents\GitHub\Aspnet\ApplicationInsights-aspnet5\test\Microsoft.ApplicationInsights.AspNet.Tests\Microsoft.ApplicationInsights.AspNet.Tests.xproj]
C:\Users\kartang\Documents\GitHub\Aspnet\ApplicationInsights-aspnet5\test\Microsoft.ApplicationInsights.AspNet.Tests\Extensions\ApplicationInsightsExtensionsTests.cs(299,17): DNXCore,Version=v5.0 error CS0103: The name 'Assert' does not exist in the current context [C:\Users\kartang\Documents\GitHub\Aspnet\ApplicationInsights-aspnet5\test\Microsoft.ApplicationInsights.AspNet.Tests\Microsoft.ApplicationInsights.AspNet.Tests.xproj]
C:\Users\kartang\Documents\GitHub\Aspnet\ApplicationInsights-aspnet5\test\Microsoft.ApplicationInsights.AspNet.Tests\RequestTrackingMiddlewareTest.cs(64,13): DNXCore,Version=v5.0 error CS0103: The name 'Assert' does not exist in the current context [C:\Users\kartang\Documents\GitHub\Aspnet\ApplicationInsights-aspnet5\test\Microsoft.ApplicationInsights.AspNet.Tests\Microsoft.ApplicationInsights.AspNet.Tests.xproj]
C:\Users\kartang\Documents\GitHub\Aspnet\ApplicationInsights-aspnet5\test\Microsoft.ApplicationInsights.AspNet.Tests\RequestTrackingMiddlewareTest.cs(66,13): DNXCore,Version=v5.0 error CS0103: The name 'Assert' does not exist in the current context [C:\Users\kartang\Documents\GitHub\Aspnet\ApplicationInsights-aspnet5\test\Microsoft.ApplicationInsights.AspNet.Tests\Microsoft.ApplicationInsights.AspNet.Tests.xproj]
C:\Users\kartang\Documents\GitHub\Aspnet\ApplicationInsights-aspnet5\test\Microsoft.ApplicationInsights.AspNet.Tests\RequestTrackingMiddlewareTest.cs(83,19): DNXCore,Version=v5.0 error CS0103: The name 'Assert' does not exist in the current context [C:\Users\kartang\Documents\GitHub\Aspnet\ApplicationInsights-aspnet5\test\Microsoft.ApplicationInsights.AspNet.Tests\Microsoft.ApplicationInsights.AspNet.Tests.xproj]
C:\Users\kartang\Documents\GitHub\Aspnet\ApplicationInsights-aspnet5\test\Microsoft.ApplicationInsights.AspNet.Tests\RequestTrackingMiddlewareTest.cs(85,13): DNXCore,Version=v5.0 error CS0103: The name 'Assert' does not exist in the current context [C:\Users\kartang\Documents\GitHub\Aspnet\ApplicationInsights-aspnet5\test\Microsoft.ApplicationInsights.AspNet.Tests\Microsoft.ApplicationInsights.AspNet.Tests.xproj]
C:\Users\kartang\Documents\GitHub\Aspnet\ApplicationInsights-aspnet5\test\Microsoft.ApplicationInsights.AspNet.Tests\Extensions\ApplicationInsightsExtensionsTests.cs(52,17): DNXCore,Version=v5.0 error CS0103: The name 'Assert' does not exist in the current context [C:\Users\kartang\Documents\GitHub\Aspnet\ApplicationInsights-aspnet5\test\Microsoft.ApplicationInsights.AspNet.Tests\Microsoft.ApplicationInsights.AspNet.Tests.xproj]
C:\Users\kartang\Documents\GitHub\Aspnet\ApplicationInsights-aspnet5\test\Microsoft.ApplicationInsights.AspNet.Tests\TelemetryInitializers\DomainNameRoleInstanceTelemetryInitializerTests.cs(20,13): DNXCore,Version=v5.0 error CS0103: The name 'Assert' does not exist in the current context [C:\Users\kartang\Documents\GitHub\Aspnet\ApplicationInsights-aspnet5\test\Microsoft.ApplicationInsights.AspNet.Tests\Microsoft.ApplicationInsights.AspNet.Tests.xproj]
C:\Users\kartang\Documents\GitHub\Aspnet\ApplicationInsights-aspnet5\test\Microsoft.ApplicationInsights.AspNet.Tests\Extensions\ApplicationInsightsExtensionsTests.cs(75,17): DNXCore,Version=v5.0 error CS0103: The name 'Assert' does not exist in the current context [C:\Users\kartang\Documents\GitHub\Aspnet\ApplicationInsights-aspnet5\test\Microsoft.ApplicationInsights.AspNet.Tests\Microsoft.ApplicationInsights.AspNet.Tests.xproj]
C:\Users\kartang\Documents\GitHub\Aspnet\ApplicationInsights-aspnet5\test\Microsoft.ApplicationInsights.AspNet.Tests\TelemetryInitializers\DomainNameRoleInstanceTelemetryInitializerTests.cs(64,13): DNXCore,Version=v5.0 error CS0103: The name 'Assert' does not exist in the current context [C:\Users\kartang\Documents\GitHub\Aspnet\ApplicationInsights-aspnet5\test\Microsoft.ApplicationInsights.AspNet.Tests\Microsoft.ApplicationInsights.AspNet.Tests.xproj]
C:\Users\kartang\Documents\GitHub\Aspnet\ApplicationInsights-aspnet5\test\Microsoft.ApplicationInsights.AspNet.Tests\Extensions\ApplicationInsightsExtensionsTests.cs(88,17): DNXCore,Version=v5.0 error CS0103: The name 'Assert' does not exist in the current context [C:\Users\kartang\Documents\GitHub\Aspnet\ApplicationInsights-aspnet5\test\Microsoft.ApplicationInsights.AspNet.Tests\Microsoft.ApplicationInsights.AspNet.Tests.xproj]
C:\Users\kartang\Documents\GitHub\Aspnet\ApplicationInsights-aspnet5\test\Microsoft.ApplicationInsights.AspNet.Tests\TelemetryInitializers\DomainNameRoleInstanceTelemetryInitializerTests.cs(77,13): DNXCore,Version=v5.0 error CS0103: The name 'Assert' does not exist in the current context [C:\Users\kartang\Documents\GitHub\Aspnet\ApplicationInsights-aspnet5\test\Microsoft.ApplicationInsights.AspNet.Tests\Microsoft.ApplicationInsights.AspNet.Tests.xproj]
C:\Users\kartang\Documents\GitHub\Aspnet\ApplicationInsights-aspnet5\test\Microsoft.ApplicationInsights.AspNet.Tests\Extensions\ApplicationInsightsExtensionsTests.cs(101,17): DNXCore,Version=v5.0 error CS0103: The name 'Assert' does not exist in the current context [C:\Users\kartang\Documents\GitHub\Aspnet\ApplicationInsights-aspnet5\test\Microsoft.ApplicationInsights.AspNet.Tests\Microsoft.ApplicationInsights.AspNet.Tests.xproj]
C:\Users\kartang\Documents\GitHub\Aspnet\ApplicationInsights-aspnet5\test\Microsoft.ApplicationInsights.AspNet.Tests\TelemetryInitializers\WebUserTelemetryInitializerTests.cs(17,13): DNXCore,Version=v5.0 error CS0103: The name 'Assert' does not exist in the current context [C:\Users\kartang\Documents\GitHub\Aspnet\ApplicationInsights-aspnet5\test\Microsoft.ApplicationInsights.AspNet.Tests\Microsoft.ApplicationInsights.AspNet.Tests.xproj]
C:\Users\kartang\Documents\GitHub\Aspnet\ApplicationInsights-aspnet5\test\Microsoft.ApplicationInsights.AspNet.Tests\Extensions\ApplicationInsightsExtensionsTests.cs(114,17): DNXCore,Version=v5.0 error CS0103: The name 'Assert' does not exist in the current context [C:\Users\kartang\Documents\GitHub\Aspnet\ApplicationInsights-aspnet5\test\Microsoft.ApplicationInsights.AspNet.Tests\Microsoft.ApplicationInsights.AspNet.Tests.xproj]
C:\Users\kartang\Documents\GitHub\Aspnet\ApplicationInsights-aspnet5\test\Microsoft.ApplicationInsights.AspNet.Tests\Extensions\ApplicationInsightsExtensionsTests.cs(130,21): DNXCore,Version=v5.0 error CS0103: The name 'Assert' does not exist in the current context [C:\Users\kartang\Documents\GitHub\Aspnet\ApplicationInsights-aspnet5\test\Microsoft.ApplicationInsights.AspNet.Tests\Microsoft.ApplicationInsights.AspNet.Tests.xproj]
C:\Users\kartang\Documents\GitHub\Aspnet\ApplicationInsights-aspnet5\test\Microsoft.ApplicationInsights.AspNet.Tests\Extensions\ApplicationInsightsExtensionsTests.cs(150,21): DNXCore,Version=v5.0 error CS0103: The name 'Assert' does not exist in the current context [C:\Users\kartang\Documents\GitHub\Aspnet\ApplicationInsights-aspnet5\test\Microsoft.ApplicationInsights.AspNet.Tests\Microsoft.ApplicationInsights.AspNet.Tests.xproj]
C:\Users\kartang\Documents\GitHub\Aspnet\ApplicationInsights-aspnet5\test\Microsoft.ApplicationInsights.AspNet.Tests\Extensions\ApplicationInsightsExtensionsTests.cs(170,21): DNXCore,Version=v5.0 error CS0103: The name 'Assert' does not exist in the current context [C:\Users\kartang\Documents\GitHub\Aspnet\ApplicationInsights-aspnet5\test\Microsoft.ApplicationInsights.AspNet.Tests\Microsoft.ApplicationInsights.AspNet.Tests.xproj]
C:\Users\kartang\Documents\GitHub\Aspnet\ApplicationInsights-aspnet5\test\Microsoft.ApplicationInsights.AspNet.Tests\TelemetryInitializers\WebUserTelemetryInitializerTests.cs(50,13): DNXCore,Version=v5.0 error CS0103: The name 'Assert' does not exist in the current context [C:\Users\kartang\Documents\GitHub\Aspnet\ApplicationInsights-aspnet5\test\Microsoft.ApplicationInsights.AspNet.Tests\Microsoft.ApplicationInsights.AspNet.Tests.xproj]
C:\Users\kartang\Documents\GitHub\Aspnet\ApplicationInsights-aspnet5\test\Microsoft.ApplicationInsights.AspNet.Tests\TelemetryInitializers\WebUserTelemetryInitializerTests.cs(51,13): DNXCore,Version=v5.0 error CS0103: The name 'Assert' does not exist in the current context [C:\Users\kartang\Documents\GitHub\Aspnet\ApplicationInsights-aspnet5\test\Microsoft.ApplicationInsights.AspNet.Tests\Microsoft.ApplicationInsights.AspNet.Tests.xproj]
C:\Users\kartang\Documents\GitHub\Aspnet\ApplicationInsights-aspnet5\test\Microsoft.ApplicationInsights.AspNet.Tests\Extensions\ApplicationInsightsExtensionsTests.cs(189,17): DNXCore,Version=v5.0 error CS0103: The name 'Assert' does not exist in the current context [C:\Users\kartang\Documents\GitHub\Aspnet\ApplicationInsights-aspnet5\test\Microsoft.ApplicationInsights.AspNet.Tests\Microsoft.ApplicationInsights.AspNet.Tests.xproj]
C:\Users\kartang\Documents\GitHub\Aspnet\ApplicationInsights-aspnet5\test\Microsoft.ApplicationInsights.AspNet.Tests\TelemetryInitializers\WebUserTelemetryInitializerTests.cs(65,13): DNXCore,Version=v5.0 error CS0103: The name 'Assert' does not exist in the current context [C:\Users\kartang\Documents\GitHub\Aspnet\ApplicationInsights-aspnet5\test\Microsoft.ApplicationInsights.AspNet.Tests\Microsoft.ApplicationInsights.AspNet.Tests.xproj]
C:\Users\kartang\Documents\GitHub\Aspnet\ApplicationInsights-aspnet5\test\Microsoft.ApplicationInsights.AspNet.Tests\TelemetryInitializers\WebUserTelemetryInitializerTests.cs(78,13): DNXCore,Version=v5.0 error CS0103: The name 'Assert' does not exist in the current context [C:\Users\kartang\Documents\GitHub\Aspnet\ApplicationInsights-aspnet5\test\Microsoft.ApplicationInsights.AspNet.Tests\Microsoft.ApplicationInsights.AspNet.Tests.xproj]
C:\Users\kartang\Documents\GitHub\Aspnet\ApplicationInsights-aspnet5\test\Microsoft.ApplicationInsights.AspNet.Tests\Extensions\ApplicationInsightsExtensionsTests.cs(203,17): DNXCore,Version=v5.0 error CS0103: The name 'Assert' does not exist in the current context [C:\Users\kartang\Documents\GitHub\Aspnet\ApplicationInsights-aspnet5\test\Microsoft.ApplicationInsights.AspNet.Tests\Microsoft.ApplicationInsights.AspNet.Tests.xproj]
C:\Users\kartang\Documents\GitHub\Aspnet\ApplicationInsights-aspnet5\test\Microsoft.ApplicationInsights.AspNet.Tests\Extensions\ApplicationInsightsExtensionsTests.cs(215,17): DNXCore,Version=v5.0 error CS0103: The name 'Assert' does not exist in the current context [C:\Users\kartang\Documents\GitHub\Aspnet\ApplicationInsights-aspnet5\test\Microsoft.ApplicationInsights.AspNet.Tests\Microsoft.ApplicationInsights.AspNet.Tests.xproj]
C:\Users\kartang\Documents\GitHub\Aspnet\ApplicationInsights-aspnet5\test\Microsoft.ApplicationInsights.AspNet.Tests\TelemetryInitializers\WebUserTelemetryInitializerTests.cs(90,13): DNXCore,Version=v5.0 error CS0103: The name 'Assert' does not exist in the current context [C:\Users\kartang\Documents\GitHub\Aspnet\ApplicationInsights-aspnet5\test\Microsoft.ApplicationInsights.AspNet.Tests\Microsoft.ApplicationInsights.AspNet.Tests.xproj]
C:\Users\kartang\Documents\GitHub\Aspnet\ApplicationInsights-aspnet5\test\Microsoft.ApplicationInsights.AspNet.Tests\TelemetryInitializers\WebUserTelemetryInitializerTests.cs(91,13): DNXCore,Version=v5.0 error CS0103: The name 'Assert' does not exist in the current context [C:\Users\kartang\Documents\GitHub\Aspnet\ApplicationInsights-aspnet5\test\Microsoft.ApplicationInsights.AspNet.Tests\Microsoft.ApplicationInsights.AspNet.Tests.xproj]
C:\Users\kartang\Documents\GitHub\Aspnet\ApplicationInsights-aspnet5\test\Microsoft.ApplicationInsights.AspNet.Tests\TelemetryInitializers\WebSessionTelemetryInitializerTests.cs(17,13): DNXCore,Version=v5.0 error CS0103: The name 'Assert' does not exist in the current context [C:\Users\kartang\Documents\GitHub\Aspnet\ApplicationInsights-aspnet5\test\Microsoft.ApplicationInsights.AspNet.Tests\Microsoft.ApplicationInsights.AspNet.Tests.xproj]
C:\Users\kartang\Documents\GitHub\Aspnet\ApplicationInsights-aspnet5\test\Microsoft.ApplicationInsights.AspNet.Tests\TelemetryInitializers\WebSessionTelemetryInitializerTests.cs(50,13): DNXCore,Version=v5.0 error CS0103: The name 'Assert' does not exist in the current context [C:\Users\kartang\Documents\GitHub\Aspnet\ApplicationInsights-aspnet5\test\Microsoft.ApplicationInsights.AspNet.Tests\Microsoft.ApplicationInsights.AspNet.Tests.xproj]
C:\Users\kartang\Documents\GitHub\Aspnet\ApplicationInsights-aspnet5\test\Microsoft.ApplicationInsights.AspNet.Tests\Extensions\ApplicationInsightsExtensionsTests.cs(238,17): DNXCore,Version=v5.0 error CS0103: The name 'Assert' does not exist in the current context [C:\Users\kartang\Documents\GitHub\Aspnet\ApplicationInsights-aspnet5\test\Microsoft.ApplicationInsights.AspNet.Tests\Microsoft.ApplicationInsights.AspNet.Tests.xproj]
C:\Users\kartang\Documents\GitHub\Aspnet\ApplicationInsights-aspnet5\test\Microsoft.ApplicationInsights.AspNet.Tests\TelemetryInitializers\WebSessionTelemetryInitializerTests.cs(64,13): DNXCore,Version=v5.0 error CS0103: The name 'Assert' does not exist in the current context [C:\Users\kartang\Documents\GitHub\Aspnet\ApplicationInsights-aspnet5\test\Microsoft.ApplicationInsights.AspNet.Tests\Microsoft.ApplicationInsights.AspNet.Tests.xproj]
C:\Users\kartang\Documents\GitHub\Aspnet\ApplicationInsights-aspnet5\test\Microsoft.ApplicationInsights.AspNet.Tests\TelemetryInitializers\UserAgentTelemetryInitializerTests.cs(18,13): DNXCore,Version=v5.0 error CS0103: The name 'Assert' does not exist in the current context [C:\Users\kartang\Documents\GitHub\Aspnet\ApplicationInsights-aspnet5\test\Microsoft.ApplicationInsights.AspNet.Tests\Microsoft.ApplicationInsights.AspNet.Tests.xproj]
C:\Users\kartang\Documents\GitHub\Aspnet\ApplicationInsights-aspnet5\test\Microsoft.ApplicationInsights.AspNet.Tests\ExceptionTrackingMiddlewareTest.cs(22,19): DNXCore,Version=v5.0 error CS0103: The name 'Assert' does not exist in the current context [C:\Users\kartang\Documents\GitHub\Aspnet\ApplicationInsights-aspnet5\test\Microsoft.ApplicationInsights.AspNet.Tests\Microsoft.ApplicationInsights.AspNet.Tests.xproj]
C:\Users\kartang\Documents\GitHub\Aspnet\ApplicationInsights-aspnet5\test\Microsoft.ApplicationInsights.AspNet.Tests\ExceptionTrackingMiddlewareTest.cs(24,13): DNXCore,Version=v5.0 error CS0103: The name 'Assert' does not exist in the current context [C:\Users\kartang\Documents\GitHub\Aspnet\ApplicationInsights-aspnet5\test\Microsoft.ApplicationInsights.AspNet.Tests\Microsoft.ApplicationInsights.AspNet.Tests.xproj]
C:\Users\kartang\Documents\GitHub\Aspnet\ApplicationInsights-aspnet5\test\Microsoft.ApplicationInsights.AspNet.Tests\ExceptionTrackingMiddlewareTest.cs(33,19): DNXCore,Version=v5.0 error CS0103: The name 'Assert' does not exist in the current context [C:\Users\kartang\Documents\GitHub\Aspnet\ApplicationInsights-aspnet5\test\Microsoft.ApplicationInsights.AspNet.Tests\Microsoft.ApplicationInsights.AspNet.Tests.xproj]
C:\Users\kartang\Documents\GitHub\Aspnet\ApplicationInsights-aspnet5\test\Microsoft.ApplicationInsights.AspNet.Tests\ExceptionTrackingMiddlewareTest.cs(35,13): DNXCore,Version=v5.0 error CS0103: The name 'Assert' does not exist in the current context [C:\Users\kartang\Documents\GitHub\Aspnet\ApplicationInsights-aspnet5\test\Microsoft.ApplicationInsights.AspNet.Tests\Microsoft.ApplicationInsights.AspNet.Tests.xproj]
C:\Users\kartang\Documents\GitHub\Aspnet\ApplicationInsights-aspnet5\test\Microsoft.ApplicationInsights.AspNet.Tests\ExceptionTrackingMiddlewareTest.cs(36,13): DNXCore,Version=v5.0 error CS0103: The name 'Assert' does not exist in the current context [C:\Users\kartang\Documents\GitHub\Aspnet\ApplicationInsights-aspnet5\test\Microsoft.ApplicationInsights.AspNet.Tests\Microsoft.ApplicationInsights.AspNet.Tests.xproj]
C:\Users\kartang\Documents\GitHub\Aspnet\ApplicationInsights-aspnet5\test\Microsoft.ApplicationInsights.AspNet.Tests\TelemetryInitializers\UserAgentTelemetryInitializerTests.cs(51,13): DNXCore,Version=v5.0 error CS0103: The name 'Assert' does not exist in the current context [C:\Users\kartang\Documents\GitHub\Aspnet\ApplicationInsights-aspnet5\test\Microsoft.ApplicationInsights.AspNet.Tests\Microsoft.ApplicationInsights.AspNet.Tests.xproj]
C:\Users\kartang\Documents\GitHub\Aspnet\ApplicationInsights-aspnet5\test\Microsoft.ApplicationInsights.AspNet.Tests\TelemetryInitializers\UserAgentTelemetryInitializerTests.cs(65,13): DNXCore,Version=v5.0 error CS0103: The name 'Assert' does not exist in the current context [C:\Users\kartang\Documents\GitHub\Aspnet\ApplicationInsights-aspnet5\test\Microsoft.ApplicationInsights.AspNet.Tests\Microsoft.ApplicationInsights.AspNet.Tests.xproj]
C:\Users\kartang\Documents\GitHub\Aspnet\ApplicationInsights-aspnet5\test\Microsoft.ApplicationInsights.AspNet.Tests\Extensions\HttpRequestExtensionsTest.cs(19,13): DNXCore,Version=v5.0 error CS0103: The name 'Assert' does not exist in the current context [C:\Users\kartang\Documents\GitHub\Aspnet\ApplicationInsights-aspnet5\test\Microsoft.ApplicationInsights.AspNet.Tests\Microsoft.ApplicationInsights.AspNet.Tests.xproj]
C:\Users\kartang\Documents\GitHub\Aspnet\ApplicationInsights-aspnet5\test\Microsoft.ApplicationInsights.AspNet.Tests\Extensions\HttpRequestExtensionsTest.cs(32,29): DNXCore,Version=v5.0 error CS0103: The name 'Assert' does not exist in the current context [C:\Users\kartang\Documents\GitHub\Aspnet\ApplicationInsights-aspnet5\test\Microsoft.ApplicationInsights.AspNet.Tests\Microsoft.ApplicationInsights.AspNet.Tests.xproj]
C:\Users\kartang\Documents\GitHub\Aspnet\ApplicationInsights-aspnet5\test\Microsoft.ApplicationInsights.AspNet.Tests\Extensions\HttpRequestExtensionsTest.cs(39,13): DNXCore,Version=v5.0 error CS0103: The name 'Assert' does not exist in the current context [C:\Users\kartang\Documents\GitHub\Aspnet\ApplicationInsights-aspnet5\test\Microsoft.ApplicationInsights.AspNet.Tests\Microsoft.ApplicationInsights.AspNet.Tests.xproj]
C:\Users\kartang\Documents\GitHub\Aspnet\ApplicationInsights-aspnet5\test\Microsoft.ApplicationInsights.AspNet.Tests\Extensions\HttpRequestExtensionsTest.cs(48,29): DNXCore,Version=v5.0 error CS0103: The name 'Assert' does not exist in the current context [C:\Users\kartang\Documents\GitHub\Aspnet\ApplicationInsights-aspnet5\test\Microsoft.ApplicationInsights.AspNet.Tests\Microsoft.ApplicationInsights.AspNet.Tests.xproj]
C:\Users\kartang\Documents\GitHub\Aspnet\ApplicationInsights-aspnet5\test\Microsoft.ApplicationInsights.AspNet.Tests\Extensions\HttpRequestExtensionsTest.cs(55,13): DNXCore,Version=v5.0 error CS0103: The name 'Assert' does not exist in the current context [C:\Users\kartang\Documents\GitHub\Aspnet\ApplicationInsights-aspnet5\test\Microsoft.ApplicationInsights.AspNet.Tests\Microsoft.ApplicationInsights.AspNet.Tests.xproj]
C:\Users\kartang\Documents\GitHub\Aspnet\ApplicationInsights-aspnet5\test\Microsoft.ApplicationInsights.AspNet.Tests\Extensions\HttpRequestExtensionsTest.cs(68,13): DNXCore,Version=v5.0 error CS0103: The name 'Assert' does not exist in the current context [C:\Users\kartang\Documents\GitHub\Aspnet\ApplicationInsights-aspnet5\test\Microsoft.ApplicationInsights.AspNet.Tests\Microsoft.ApplicationInsights.AspNet.Tests.xproj]
C:\Users\kartang\Documents\GitHub\Aspnet\ApplicationInsights-aspnet5\test\Microsoft.ApplicationInsights.AspNet.Tests\Extensions\HttpRequestExtensionsTest.cs(84,13): DNXCore,Version=v5.0 error CS0103: The name 'Assert' does not exist in the current context [C:\Users\kartang\Documents\GitHub\Aspnet\ApplicationInsights-aspnet5\test\Microsoft.ApplicationInsights.AspNet.Tests\Microsoft.ApplicationInsights.AspNet.Tests.xproj]
C:\Users\kartang\Documents\GitHub\Aspnet\ApplicationInsights-aspnet5\test\Microsoft.ApplicationInsights.AspNet.Tests\Extensions\HttpRequestExtensionsTest.cs(101,13): DNXCore,Version=v5.0 error CS0103: The name 'Assert' does not exist in the current context [C:\Users\kartang\Documents\GitHub\Aspnet\ApplicationInsights-aspnet5\test\Microsoft.ApplicationInsights.AspNet.Tests\Microsoft.ApplicationInsights.AspNet.Tests.xproj]
C:\Users\kartang\Documents\GitHub\Aspnet\ApplicationInsights-aspnet5\test\Microsoft.ApplicationInsights.AspNet.Tests\TelemetryInitializers\OperationIdTelemetryInitializerTest.cs(16,13): DNXCore,Version=v5.0 error CS0103: The name 'Assert' does not exist in the current context [C:\Users\kartang\Documents\GitHub\Aspnet\ApplicationInsights-aspnet5\test\Microsoft.ApplicationInsights.AspNet.Tests\Microsoft.ApplicationInsights.AspNet.Tests.xproj]
C:\Users\kartang\Documents\GitHub\Aspnet\ApplicationInsights-aspnet5\test\Microsoft.ApplicationInsights.AspNet.Tests\TelemetryInitializers\ClientIpHeaderTelemetryInitializerTests.cs(16,13): DNXCore,Version=v5.0 error CS0103: The name 'Assert' does not exist in the current context [C:\Users\kartang\Documents\GitHub\Aspnet\ApplicationInsights-aspnet5\test\Microsoft.ApplicationInsights.AspNet.Tests\Microsoft.ApplicationInsights.AspNet.Tests.xproj]
C:\Users\kartang\Documents\GitHub\Aspnet\ApplicationInsights-aspnet5\test\Microsoft.ApplicationInsights.AspNet.Tests\TelemetryInitializers\OperationIdTelemetryInitializerTest.cs(50,13): DNXCore,Version=v5.0 error CS0103: The name 'Assert' does not exist in the current context [C:\Users\kartang\Documents\GitHub\Aspnet\ApplicationInsights-aspnet5\test\Microsoft.ApplicationInsights.AspNet.Tests\Microsoft.ApplicationInsights.AspNet.Tests.xproj]
C:\Users\kartang\Documents\GitHub\Aspnet\ApplicationInsights-aspnet5\test\Microsoft.ApplicationInsights.AspNet.Tests\TelemetryInitializers\OperationIdTelemetryInitializerTest.cs(64,13): DNXCore,Version=v5.0 error CS0103: The name 'Assert' does not exist in the current context [C:\Users\kartang\Documents\GitHub\Aspnet\ApplicationInsights-aspnet5\test\Microsoft.ApplicationInsights.AspNet.Tests\Microsoft.ApplicationInsights.AspNet.Tests.xproj]
C:\Users\kartang\Documents\GitHub\Aspnet\ApplicationInsights-aspnet5\test\Microsoft.ApplicationInsights.AspNet.Tests\TelemetryInitializers\ClientIpHeaderTelemetryInitializerTests.cs(50,13): DNXCore,Version=v5.0 error CS0103: The name 'Assert' does not exist in the current context [C:\Users\kartang\Documents\GitHub\Aspnet\ApplicationInsights-aspnet5\test\Microsoft.ApplicationInsights.AspNet.Tests\Microsoft.ApplicationInsights.AspNet.Tests.xproj]
C:\Users\kartang\Documents\GitHub\Aspnet\ApplicationInsights-aspnet5\test\Microsoft.ApplicationInsights.AspNet.Tests\TelemetryInitializers\ClientIpHeaderTelemetryInitializerTests.cs(66,13): DNXCore,Version=v5.0 error CS0103: The name 'Assert' does not exist in the current context [C:\Users\kartang\Documents\GitHub\Aspnet\ApplicationInsights-aspnet5\test\Microsoft.ApplicationInsights.AspNet.Tests\Microsoft.ApplicationInsights.AspNet.Tests.xproj]
C:\Users\kartang\Documents\GitHub\Aspnet\ApplicationInsights-aspnet5\test\Microsoft.ApplicationInsights.AspNet.Tests\TelemetryInitializers\ClientIpHeaderTelemetryInitializerTests.cs(82,13): DNXCore,Version=v5.0 error CS0103: The name 'Assert' does not exist in the current context [C:\Users\kartang\Documents\GitHub\Aspnet\ApplicationInsights-aspnet5\test\Microsoft.ApplicationInsights.AspNet.Tests\Microsoft.ApplicationInsights.AspNet.Tests.xproj]
C:\Users\kartang\Documents\GitHub\Aspnet\ApplicationInsights-aspnet5\test\Microsoft.ApplicationInsights.AspNet.Tests\TelemetryInitializers\OperationNameTelemetryInitializerTests.cs(22,13): DNXCore,Version=v5.0 error CS0103: The name 'Assert' does not exist in the current context [C:\Users\kartang\Documents\GitHub\Aspnet\ApplicationInsights-aspnet5\test\Microsoft.ApplicationInsights.AspNet.Tests\Microsoft.ApplicationInsights.AspNet.Tests.xproj]
C:\Users\kartang\Documents\GitHub\Aspnet\ApplicationInsights-aspnet5\test\Microsoft.ApplicationInsights.AspNet.Tests\TelemetryInitializers\OperationNameTelemetryInitializerTests.cs(59,13): DNXCore,Version=v5.0 error CS0103: The name 'Assert' does not exist in the current context [C:\Users\kartang\Documents\GitHub\Aspnet\ApplicationInsights-aspnet5\test\Microsoft.ApplicationInsights.AspNet.Tests\Microsoft.ApplicationInsights.AspNet.Tests.xproj]
C:\Users\kartang\Documents\GitHub\Aspnet\ApplicationInsights-aspnet5\test\Microsoft.ApplicationInsights.AspNet.Tests\TelemetryInitializers\OperationNameTelemetryInitializerTests.cs(72,13): DNXCore,Version=v5.0 error CS0103: The name 'Assert' does not exist in the current context [C:\Users\kartang\Documents\GitHub\Aspnet\ApplicationInsights-aspnet5\test\Microsoft.ApplicationInsights.AspNet.Tests\Microsoft.ApplicationInsights.AspNet.Tests.xproj]
C:\Users\kartang\Documents\GitHub\Aspnet\ApplicationInsights-aspnet5\test\Microsoft.ApplicationInsights.AspNet.Tests\TelemetryInitializers\OperationNameTelemetryInitializerTests.cs(85,13): DNXCore,Version=v5.0 error CS0103: The name 'Assert' does not exist in the current context [C:\Users\kartang\Documents\GitHub\Aspnet\ApplicationInsights-aspnet5\test\Microsoft.ApplicationInsights.AspNet.Tests\Microsoft.ApplicationInsights.AspNet.Tests.xproj]
C:\Users\kartang\Documents\GitHub\Aspnet\ApplicationInsights-aspnet5\test\Microsoft.ApplicationInsights.AspNet.Tests\TelemetryInitializers\OperationNameTelemetryInitializerTests.cs(105,13): DNXCore,Version=v5.0 error CS0103: The name 'Assert' does not exist in the current context [C:\Users\kartang\Documents\GitHub\Aspnet\ApplicationInsights-aspnet5\test\Microsoft.ApplicationInsights.AspNet.Tests\Microsoft.ApplicationInsights.AspNet.Tests.xproj]
C:\Users\kartang\Documents\GitHub\Aspnet\ApplicationInsights-aspnet5\test\Microsoft.ApplicationInsights.AspNet.Tests\TelemetryInitializers\OperationNameTelemetryInitializerTests.cs(126,13): DNXCore,Version=v5.0 error CS0103: The name 'Assert' does not exist in the current context [C:\Users\kartang\Documents\GitHub\Aspnet\ApplicationInsights-aspnet5\test\Microsoft.ApplicationInsights.AspNet.Tests\Microsoft.ApplicationInsights.AspNet.Tests.xproj]
C:\Users\kartang\Documents\GitHub\Aspnet\ApplicationInsights-aspnet5\test\Microsoft.ApplicationInsights.AspNet.Tests\TelemetryInitializers\OperationNameTelemetryInitializerTests.cs(148,13): DNXCore,Version=v5.0 error CS0103: The name 'Assert' does not exist in the current context [C:\Users\kartang\Documents\GitHub\Aspnet\ApplicationInsights-aspnet5\test\Microsoft.ApplicationInsights.AspNet.Tests\Microsoft.ApplicationInsights.AspNet.Tests.xproj]
C:\Users\kartang\Documents\GitHub\Aspnet\ApplicationInsights-aspnet5\test\Microsoft.ApplicationInsights.AspNet.Tests\TelemetryInitializers\OperationNameTelemetryInitializerTests.cs(172,13): DNXCore,Version=v5.0 error CS0103: The name 'Assert' does not exist in the current context [C:\Users\kartang\Documents\GitHub\Aspnet\ApplicationInsights-aspnet5\test\Microsoft.ApplicationInsights.AspNet.Tests\Microsoft.ApplicationInsights.AspNet.Tests.xproj]
C:\Users\kartang\Documents\GitHub\Aspnet\ApplicationInsights-aspnet5\test\Microsoft.ApplicationInsights.AspNet.Tests\TelemetryInitializers\OperationNameTelemetryInitializerTests.cs(193,13): DNXCore,Version=v5.0 error CS0103: The name 'Assert' does not exist in the current context [C:\Users\kartang\Documents\GitHub\Aspnet\ApplicationInsights-aspnet5\test\Microsoft.ApplicationInsights.AspNet.Tests\Microsoft.ApplicationInsights.AspNet.Tests.xproj]
C:\Users\kartang\Documents\GitHub\Aspnet\ApplicationInsights-aspnet5\test\Microsoft.ApplicationInsights.AspNet.Tests\TelemetryInitializers\OperationNameTelemetryInitializerTests.cs(208,13): DNXCore,Version=v5.0 error CS0103: The name 'Assert' does not exist in the current context [C:\Users\kartang\Documents\GitHub\Aspnet\ApplicationInsights-aspnet5\test\Microsoft.ApplicationInsights.AspNet.Tests\Microsoft.ApplicationInsights.AspNet.Tests.xproj]
C:\Program Files (x86)\MSBuild\Microsoft\VisualStudio\v14.0\DNX\Microsoft.DNX.targets(158,5): error : Build failed. [C:\Users\kartang\Documents\GitHub\Aspnet\ApplicationInsights-aspnet5\test\Microsoft.ApplicationInsights.AspNet.Tests\Microsoft.ApplicationInsights.AspNet.Tests.xproj]
C:\Users\kartang\Documents\GitHub\Aspnet\ApplicationInsights-aspnet5\test\Mvc6Framework45.FunctionalTests\FunctionalTest\ExceptionTelemetryTests.cs(12,10): DNX,Version=v4.5.1 error CS0246: The type or namespace name 'Fact' could not be found (are you missing a using directive or an assembly reference?) [C:\Users\kartang\Documents\GitHub\Aspnet\ApplicationInsights-aspnet5\test\Mvc6Framework45.FunctionalTests\Mvc6Framework45.FunctionalTests.xproj]
C:\Users\kartang\Documents\GitHub\Aspnet\ApplicationInsights-aspnet5\test\Mvc6Framework45.FunctionalTests\FunctionalTest\ExceptionTelemetryTests.cs(31,10): DNX,Version=v4.5.1 error CS0246: The type or namespace name 'Fact' could not be found (are you missing a using directive or an assembly reference?) [C:\Users\kartang\Documents\GitHub\Aspnet\ApplicationInsights-aspnet5\test\Mvc6Framework45.FunctionalTests\Mvc6Framework45.FunctionalTests.xproj]
C:\Users\kartang\Documents\GitHub\Aspnet\ApplicationInsights-aspnet5\test\Mvc6Framework45.FunctionalTests\FunctionalTest\RequestTelemetryTests.cs(13,10): DNX,Version=v4.5.1 error CS0246: The type or namespace name 'Fact' could not be found (are you missing a using directive or an assembly reference?) [C:\Users\kartang\Documents\GitHub\Aspnet\ApplicationInsights-aspnet5\test\Mvc6Framework45.FunctionalTests\Mvc6Framework45.FunctionalTests.xproj]
C:\Users\kartang\Documents\GitHub\Aspnet\ApplicationInsights-aspnet5\test\Mvc6Framework45.FunctionalTests\FunctionalTest\RequestTelemetryTests.cs(31,10): DNX,Version=v4.5.1 error CS0246: The type or namespace name 'Fact' could not be found (are you missing a using directive or an assembly reference?) [C:\Users\kartang\Documents\GitHub\Aspnet\ApplicationInsights-aspnet5\test\Mvc6Framework45.FunctionalTests\Mvc6Framework45.FunctionalTests.xproj]
C:\Users\kartang\Documents\GitHub\Aspnet\ApplicationInsights-aspnet5\test\Mvc6Framework45.FunctionalTests\FunctionalTest\RequestTelemetryTests.cs(49,10): DNX,Version=v4.5.1 error CS0246: The type or namespace name 'Fact' could not be found (are you missing a using directive or an assembly reference?) [C:\Users\kartang\Documents\GitHub\Aspnet\ApplicationInsights-aspnet5\test\Mvc6Framework45.FunctionalTests\Mvc6Framework45.FunctionalTests.xproj]
C:\Users\kartang\Documents\GitHub\Aspnet\ApplicationInsights-aspnet5\test\Mvc6Framework45.FunctionalTests\FunctionalTest\RequestTelemetryTests.cs(67,10): DNX,Version=v4.5.1 error CS0246: The type or namespace name 'Fact' could not be found (are you missing a using directive or an assembly reference?) [C:\Users\kartang\Documents\GitHub\Aspnet\ApplicationInsights-aspnet5\test\Mvc6Framework45.FunctionalTests\Mvc6Framework45.FunctionalTests.xproj]
C:\Users\kartang\Documents\GitHub\Aspnet\ApplicationInsights-aspnet5\test\Mvc6Framework45.FunctionalTests\FunctionalTest\DependencyTelemetryTests.cs(13,10): DNX,Version=v4.5.1 error CS0246: The type or namespace name 'Fact' could not be found (are you missing a using directive or an assembly reference?) [C:\Users\kartang\Documents\GitHub\Aspnet\ApplicationInsights-aspnet5\test\Mvc6Framework45.FunctionalTests\Mvc6Framework45.FunctionalTests.xproj]
C:\Users\kartang\Documents\GitHub\Aspnet\ApplicationInsights-aspnet5\test\Mvc6Framework45.FunctionalTests\FunctionalTest\RequestTelemetryTests.cs(81,17): DNX,Version=v4.5.1 error CS0103: The name 'Assert' does not exist in the current context [C:\Users\kartang\Documents\GitHub\Aspnet\ApplicationInsights-aspnet5\test\Mvc6Framework45.FunctionalTests\Mvc6Framework45.FunctionalTests.xproj]
C:\Users\kartang\Documents\GitHub\Aspnet\ApplicationInsights-aspnet5\test\Mvc6Framework45.FunctionalTests\FunctionalTest\RequestTelemetryTests.cs(82,17): DNX,Version=v4.5.1 error CS0103: The name 'Assert' does not exist in the current context [C:\Users\kartang\Documents\GitHub\Aspnet\ApplicationInsights-aspnet5\test\Mvc6Framework45.FunctionalTests\Mvc6Framework45.FunctionalTests.xproj]
C:\Users\kartang\Documents\GitHub\Aspnet\ApplicationInsights-aspnet5\test\Mvc6Framework45.FunctionalTests\FunctionalTest\RequestTelemetryTests.cs(83,17): DNX,Version=v4.5.1 error CS0103: The name 'Assert' does not exist in the current context [C:\Users\kartang\Documents\GitHub\Aspnet\ApplicationInsights-aspnet5\test\Mvc6Framework45.FunctionalTests\Mvc6Framework45.FunctionalTests.xproj]
C:\Users\kartang\Documents\GitHub\Aspnet\ApplicationInsights-aspnet5\test\Mvc6Framework45.FunctionalTests\FunctionalTest\RequestTelemetryTests.cs(84,17): DNX,Version=v4.5.1 error CS0103: The name 'Assert' does not exist in the current context [C:\Users\kartang\Documents\GitHub\Aspnet\ApplicationInsights-aspnet5\test\Mvc6Framework45.FunctionalTests\Mvc6Framework45.FunctionalTests.xproj]
C:\Users\kartang\Documents\GitHub\Aspnet\ApplicationInsights-aspnet5\test\Mvc6Framework45.FunctionalTests\FunctionalTest\RequestTelemetryTests.cs(85,17): DNX,Version=v4.5.1 error CS0103: The name 'Assert' does not exist in the current context [C:\Users\kartang\Documents\GitHub\Aspnet\ApplicationInsights-aspnet5\test\Mvc6Framework45.FunctionalTests\Mvc6Framework45.FunctionalTests.xproj]
C:\Users\kartang\Documents\GitHub\Aspnet\ApplicationInsights-aspnet5\test\Mvc6Framework45.FunctionalTests\FunctionalTest\DependencyTelemetryTests.cs(13,10): DNXCore,Version=v5.0 error CS0246: The type or namespace name 'Fact' could not be found (are you missing a using directive or an assembly reference?) [C:\Users\kartang\Documents\GitHub\Aspnet\ApplicationInsights-aspnet5\test\Mvc6Framework45.FunctionalTests\Mvc6Framework45.FunctionalTests.xproj]
C:\Users\kartang\Documents\GitHub\Aspnet\ApplicationInsights-aspnet5\test\Mvc6Framework45.FunctionalTests\FunctionalTest\ExceptionTelemetryTests.cs(12,10): DNXCore,Version=v5.0 error CS0246: The type or namespace name 'Fact' could not be found (are you missing a using directive or an assembly reference?) [C:\Users\kartang\Documents\GitHub\Aspnet\ApplicationInsights-aspnet5\test\Mvc6Framework45.FunctionalTests\Mvc6Framework45.FunctionalTests.xproj]
C:\Users\kartang\Documents\GitHub\Aspnet\ApplicationInsights-aspnet5\test\Mvc6Framework45.FunctionalTests\FunctionalTest\ExceptionTelemetryTests.cs(31,10): DNXCore,Version=v5.0 error CS0246: The type or namespace name 'Fact' could not be found (are you missing a using directive or an assembly reference?) [C:\Users\kartang\Documents\GitHub\Aspnet\ApplicationInsights-aspnet5\test\Mvc6Framework45.FunctionalTests\Mvc6Framework45.FunctionalTests.xproj]
C:\Users\kartang\Documents\GitHub\Aspnet\ApplicationInsights-aspnet5\test\Mvc6Framework45.FunctionalTests\FunctionalTest\RequestTelemetryTests.cs(13,10): DNXCore,Version=v5.0 error CS0246: The type or namespace name 'Fact' could not be found (are you missing a using directive or an assembly reference?) [C:\Users\kartang\Documents\GitHub\Aspnet\ApplicationInsights-aspnet5\test\Mvc6Framework45.FunctionalTests\Mvc6Framework45.FunctionalTests.xproj]
C:\Users\kartang\Documents\GitHub\Aspnet\ApplicationInsights-aspnet5\test\Mvc6Framework45.FunctionalTests\FunctionalTest\RequestTelemetryTests.cs(31,10): DNXCore,Version=v5.0 error CS0246: The type or namespace name 'Fact' could not be found (are you missing a using directive or an assembly reference?) [C:\Users\kartang\Documents\GitHub\Aspnet\ApplicationInsights-aspnet5\test\Mvc6Framework45.FunctionalTests\Mvc6Framework45.FunctionalTests.xproj]
C:\Users\kartang\Documents\GitHub\Aspnet\ApplicationInsights-aspnet5\test\Mvc6Framework45.FunctionalTests\FunctionalTest\RequestTelemetryTests.cs(49,10): DNXCore,Version=v5.0 error CS0246: The type or namespace name 'Fact' could not be found (are you missing a using directive or an assembly reference?) [C:\Users\kartang\Documents\GitHub\Aspnet\ApplicationInsights-aspnet5\test\Mvc6Framework45.FunctionalTests\Mvc6Framework45.FunctionalTests.xproj]
C:\Users\kartang\Documents\GitHub\Aspnet\ApplicationInsights-aspnet5\test\Mvc6Framework45.FunctionalTests\FunctionalTest\RequestTelemetryTests.cs(67,10): DNXCore,Version=v5.0 error CS0246: The type or namespace name 'Fact' could not be found (are you missing a using directive or an assembly reference?) [C:\Users\kartang\Documents\GitHub\Aspnet\ApplicationInsights-aspnet5\test\Mvc6Framework45.FunctionalTests\Mvc6Framework45.FunctionalTests.xproj]
C:\Users\kartang\Documents\GitHub\Aspnet\ApplicationInsights-aspnet5\test\Mvc6Framework45.FunctionalTests\FunctionalTest\RequestTelemetryTests.cs(81,17): DNXCore,Version=v5.0 error CS0103: The name 'Assert' does not exist in the current context [C:\Users\kartang\Documents\GitHub\Aspnet\ApplicationInsights-aspnet5\test\Mvc6Framework45.FunctionalTests\Mvc6Framework45.FunctionalTests.xproj]
C:\Users\kartang\Documents\GitHub\Aspnet\ApplicationInsights-aspnet5\test\Mvc6Framework45.FunctionalTests\FunctionalTest\RequestTelemetryTests.cs(82,17): DNXCore,Version=v5.0 error CS0103: The name 'Assert' does not exist in the current context [C:\Users\kartang\Documents\GitHub\Aspnet\ApplicationInsights-aspnet5\test\Mvc6Framework45.FunctionalTests\Mvc6Framework45.FunctionalTests.xproj]
C:\Users\kartang\Documents\GitHub\Aspnet\ApplicationInsights-aspnet5\test\Mvc6Framework45.FunctionalTests\FunctionalTest\RequestTelemetryTests.cs(83,17): DNXCore,Version=v5.0 error CS0103: The name 'Assert' does not exist in the current context [C:\Users\kartang\Documents\GitHub\Aspnet\ApplicationInsights-aspnet5\test\Mvc6Framework45.FunctionalTests\Mvc6Framework45.FunctionalTests.xproj]
C:\Users\kartang\Documents\GitHub\Aspnet\ApplicationInsights-aspnet5\test\Mvc6Framework45.FunctionalTests\FunctionalTest\RequestTelemetryTests.cs(84,17): DNXCore,Version=v5.0 error CS0103: The name 'Assert' does not exist in the current context [C:\Users\kartang\Documents\GitHub\Aspnet\ApplicationInsights-aspnet5\test\Mvc6Framework45.FunctionalTests\Mvc6Framework45.FunctionalTests.xproj]
C:\Users\kartang\Documents\GitHub\Aspnet\ApplicationInsights-aspnet5\test\Mvc6Framework45.FunctionalTests\FunctionalTest\RequestTelemetryTests.cs(85,17): DNXCore,Version=v5.0 error CS0103: The name 'Assert' does not exist in the current context [C:\Users\kartang\Documents\GitHub\Aspnet\ApplicationInsights-aspnet5\test\Mvc6Framework45.FunctionalTests\Mvc6Framework45.FunctionalTests.xproj]
C:\Program Files (x86)\MSBuild\Microsoft\VisualStudio\v14.0\DNX\Microsoft.DNX.targets(158,5): error : Build failed. [C:\Users\kartang\Documents\GitHub\Aspnet\ApplicationInsights-aspnet5\test\Mvc6Framework45.FunctionalTests\Mvc6Framework45.FunctionalTests.xproj]
C:\Users\kartang\Documents\GitHub\Aspnet\ApplicationInsights-aspnet5\test\FunctionalTestUtils\TelemetryTestsBase.cs(30,13): DNX,Version=v4.5.1 error CS0122: 'Assert' is inaccessible due to its protection level [C:\Users\kartang\Documents\GitHub\Aspnet\ApplicationInsights-aspnet5\test\FunctionalTestUtils\FunctionalTestUtils.xproj]
C:\Users\kartang\Documents\GitHub\Aspnet\ApplicationInsights-aspnet5\test\FunctionalTestUtils\TelemetryTestsBase.cs(31,13): DNX,Version=v4.5.1 error CS0122: 'Assert' is inaccessible due to its protection level [C:\Users\kartang\Documents\GitHub\Aspnet\ApplicationInsights-aspnet5\test\FunctionalTestUtils\FunctionalTestUtils.xproj]
C:\Users\kartang\Documents\GitHub\Aspnet\ApplicationInsights-aspnet5\test\FunctionalTestUtils\TelemetryTestsBase.cs(32,13): DNX,Version=v4.5.1 error CS0122: 'Assert' is inaccessible due to its protection level [C:\Users\kartang\Documents\GitHub\Aspnet\ApplicationInsights-aspnet5\test\FunctionalTestUtils\FunctionalTestUtils.xproj]
C:\Users\kartang\Documents\GitHub\Aspnet\ApplicationInsights-aspnet5\test\FunctionalTestUtils\TelemetryTestsBase.cs(33,13): DNX,Version=v4.5.1 error CS0122: 'Assert' is inaccessible due to its protection level [C:\Users\kartang\Documents\GitHub\Aspnet\ApplicationInsights-aspnet5\test\FunctionalTestUtils\FunctionalTestUtils.xproj]
C:\Users\kartang\Documents\GitHub\Aspnet\ApplicationInsights-aspnet5\test\FunctionalTestUtils\TelemetryTestsBase.cs(34,13): DNX,Version=v4.5.1 error CS0122: 'Assert' is inaccessible due to its protection level [C:\Users\kartang\Documents\GitHub\Aspnet\ApplicationInsights-aspnet5\test\FunctionalTestUtils\FunctionalTestUtils.xproj]
C:\Users\kartang\Documents\GitHub\Aspnet\ApplicationInsights-aspnet5\test\FunctionalTestUtils\TelemetryTestsBase.cs(35,13): DNX,Version=v4.5.1 error CS0122: 'Assert' is inaccessible due to its protection level [C:\Users\kartang\Documents\GitHub\Aspnet\ApplicationInsights-aspnet5\test\FunctionalTestUtils\FunctionalTestUtils.xproj]
C:\Users\kartang\Documents\GitHub\Aspnet\ApplicationInsights-aspnet5\test\FunctionalTestUtils\TelemetryTestsBase.cs(36,13): DNX,Version=v4.5.1 error CS0122: 'Assert' is inaccessible due to its protection level [C:\Users\kartang\Documents\GitHub\Aspnet\ApplicationInsights-aspnet5\test\FunctionalTestUtils\FunctionalTestUtils.xproj]
C:\Users\kartang\Documents\GitHub\Aspnet\ApplicationInsights-aspnet5\test\FunctionalTestUtils\TelemetryTestsBase.cs(49,13): DNX,Version=v4.5.1 error CS0122: 'Assert' is inaccessible due to its protection level [C:\Users\kartang\Documents\GitHub\Aspnet\ApplicationInsights-aspnet5\test\FunctionalTestUtils\FunctionalTestUtils.xproj]
C:\Users\kartang\Documents\GitHub\Aspnet\ApplicationInsights-aspnet5\test\FunctionalTestUtils\TelemetryTestsBase.cs(50,13): DNX,Version=v4.5.1 error CS0122: 'Assert' is inaccessible due to its protection level [C:\Users\kartang\Documents\GitHub\Aspnet\ApplicationInsights-aspnet5\test\FunctionalTestUtils\FunctionalTestUtils.xproj]
C:\Users\kartang\Documents\GitHub\Aspnet\ApplicationInsights-aspnet5\test\FunctionalTestUtils\TelemetryTestsBase.cs(51,13): DNX,Version=v4.5.1 error CS0122: 'Assert' is inaccessible due to its protection level [C:\Users\kartang\Documents\GitHub\Aspnet\ApplicationInsights-aspnet5\test\FunctionalTestUtils\FunctionalTestUtils.xproj]
C:\Users\kartang\Documents\GitHub\Aspnet\ApplicationInsights-aspnet5\test\FunctionalTestUtils\TelemetryTestsBase.cs(52,13): DNX,Version=v4.5.1 error CS0122: 'Assert' is inaccessible due to its protection level [C:\Users\kartang\Documents\GitHub\Aspnet\ApplicationInsights-aspnet5\test\FunctionalTestUtils\FunctionalTestUtils.xproj]
C:\Users\kartang\Documents\GitHub\Aspnet\ApplicationInsights-aspnet5\test\FunctionalTestUtils\TelemetryTestsBase.cs(53,13): DNX,Version=v4.5.1 error CS0122: 'Assert' is inaccessible due to its protection level [C:\Users\kartang\Documents\GitHub\Aspnet\ApplicationInsights-aspnet5\test\FunctionalTestUtils\FunctionalTestUtils.xproj]
C:\Users\kartang\Documents\GitHub\Aspnet\ApplicationInsights-aspnet5\test\FunctionalTestUtils\TelemetryTestsBase.cs(78,13): DNX,Version=v4.5.1 error CS0122: 'Assert' is inaccessible due to its protection level [C:\Users\kartang\Documents\GitHub\Aspnet\ApplicationInsights-aspnet5\test\FunctionalTestUtils\FunctionalTestUtils.xproj]
C:\Users\kartang\Documents\GitHub\Aspnet\ApplicationInsights-aspnet5\test\FunctionalTestUtils\TelemetryTestsBase.cs(79,13): DNX,Version=v4.5.1 error CS0122: 'Assert' is inaccessible due to its protection level [C:\Users\kartang\Documents\GitHub\Aspnet\ApplicationInsights-aspnet5\test\FunctionalTestUtils\FunctionalTestUtils.xproj]
C:\Users\kartang\Documents\GitHub\Aspnet\ApplicationInsights-aspnet5\test\FunctionalTestUtils\TelemetryTestsBase.cs(80,13): DNX,Version=v4.5.1 error CS0122: 'Assert' is inaccessible due to its protection level [C:\Users\kartang\Documents\GitHub\Aspnet\ApplicationInsights-aspnet5\test\FunctionalTestUtils\FunctionalTestUtils.xproj]
C:\Users\kartang\Documents\GitHub\Aspnet\ApplicationInsights-aspnet5\test\FunctionalTestUtils\TelemetryTestsBase.cs(82,13): DNX,Version=v4.5.1 error CS0122: 'Assert' is inaccessible due to its protection level [C:\Users\kartang\Documents\GitHub\Aspnet\ApplicationInsights-aspnet5\test\FunctionalTestUtils\FunctionalTestUtils.xproj]
C:\Users\kartang\Documents\GitHub\Aspnet\ApplicationInsights-aspnet5\test\FunctionalTestUtils\InProcessServer.cs(57,35): DNX,Version=v4.5.1 error CS0104: 'IApplicationEnvironment' is an ambiguous reference between 'Microsoft.Extensions.PlatformAbstractions.IApplicationEnvironment' and 'Microsoft.Dnx.Runtime.IApplicationEnvironment' [C:\Users\kartang\Documents\GitHub\Aspnet\ApplicationInsights-aspnet5\test\FunctionalTestUtils\FunctionalTestUtils.xproj]
C:\Users\kartang\Documents\GitHub\Aspnet\ApplicationInsights-aspnet5\test\FunctionalTestUtils\InProcessServer.cs(57,13): DNX,Version=v4.5.1 error CS0311: The type 'Microsoft.Dnx.Runtime.ApplicationEnvironment' cannot be used as type parameter 'TImplementation' in the generic type or method 'ServiceCollectionExtensions.AddTransient<TService, TImplementation>(IServiceCollection)'. There is no implicit reference conversion from 'Microsoft.Dnx.Runtime.ApplicationEnvironment' to 'Microsoft.Extensions.PlatformAbstractions.IApplicationEnvironment'. [C:\Users\kartang\Documents\GitHub\Aspnet\ApplicationInsights-aspnet5\test\FunctionalTestUtils\FunctionalTestUtils.xproj]
C:\Users\kartang\Documents\GitHub\Aspnet\ApplicationInsights-aspnet5\test\FunctionalTestUtils\InProcessServer.cs(57,35): DNXCore,Version=v5.0 error CS0104: 'IApplicationEnvironment' is an ambiguous reference between 'Microsoft.Extensions.PlatformAbstractions.IApplicationEnvironment' and 'Microsoft.Dnx.Runtime.IApplicationEnvironment' [C:\Users\kartang\Documents\GitHub\Aspnet\ApplicationInsights-aspnet5\test\FunctionalTestUtils\FunctionalTestUtils.xproj]
C:\Users\kartang\Documents\GitHub\Aspnet\ApplicationInsights-aspnet5\test\FunctionalTestUtils\InProcessServer.cs(57,13): DNXCore,Version=v5.0 error CS0311: The type 'Microsoft.Dnx.Runtime.ApplicationEnvironment' cannot be used as type parameter 'TImplementation' in the generic type or method 'ServiceCollectionExtensions.AddTransient<TService, TImplementation>(IServiceCollection)'. There is no implicit reference conversion from 'Microsoft.Dnx.Runtime.ApplicationEnvironment' to 'Microsoft.Extensions.PlatformAbstractions.IApplicationEnvironment'. [C:\Users\kartang\Documents\GitHub\Aspnet\ApplicationInsights-aspnet5\test\FunctionalTestUtils\FunctionalTestUtils.xproj]
C:\Users\kartang\Documents\GitHub\Aspnet\ApplicationInsights-aspnet5\test\FunctionalTestUtils\TelemetryTestsBase.cs(30,13): DNXCore,Version=v5.0 error CS0103: The name 'Assert' does not exist in the current context [C:\Users\kartang\Documents\GitHub\Aspnet\ApplicationInsights-aspnet5\test\FunctionalTestUtils\FunctionalTestUtils.xproj]
C:\Users\kartang\Documents\GitHub\Aspnet\ApplicationInsights-aspnet5\test\FunctionalTestUtils\TelemetryTestsBase.cs(31,13): DNXCore,Version=v5.0 error CS0103: The name 'Assert' does not exist in the current context [C:\Users\kartang\Documents\GitHub\Aspnet\ApplicationInsights-aspnet5\test\FunctionalTestUtils\FunctionalTestUtils.xproj]
C:\Users\kartang\Documents\GitHub\Aspnet\ApplicationInsights-aspnet5\test\FunctionalTestUtils\TelemetryTestsBase.cs(32,13): DNXCore,Version=v5.0 error CS0103: The name 'Assert' does not exist in the current context [C:\Users\kartang\Documents\GitHub\Aspnet\ApplicationInsights-aspnet5\test\FunctionalTestUtils\FunctionalTestUtils.xproj]
C:\Users\kartang\Documents\GitHub\Aspnet\ApplicationInsights-aspnet5\test\FunctionalTestUtils\TelemetryTestsBase.cs(33,13): DNXCore,Version=v5.0 error CS0103: The name 'Assert' does not exist in the current context [C:\Users\kartang\Documents\GitHub\Aspnet\ApplicationInsights-aspnet5\test\FunctionalTestUtils\FunctionalTestUtils.xproj]
C:\Users\kartang\Documents\GitHub\Aspnet\ApplicationInsights-aspnet5\test\FunctionalTestUtils\TelemetryTestsBase.cs(34,13): DNXCore,Version=v5.0 error CS0103: The name 'Assert' does not exist in the current context [C:\Users\kartang\Documents\GitHub\Aspnet\ApplicationInsights-aspnet5\test\FunctionalTestUtils\FunctionalTestUtils.xproj]
C:\Users\kartang\Documents\GitHub\Aspnet\ApplicationInsights-aspnet5\test\FunctionalTestUtils\TelemetryTestsBase.cs(35,13): DNXCore,Version=v5.0 error CS0103: The name 'Assert' does not exist in the current context [C:\Users\kartang\Documents\GitHub\Aspnet\ApplicationInsights-aspnet5\test\FunctionalTestUtils\FunctionalTestUtils.xproj]
C:\Users\kartang\Documents\GitHub\Aspnet\ApplicationInsights-aspnet5\test\FunctionalTestUtils\TelemetryTestsBase.cs(36,13): DNXCore,Version=v5.0 error CS0103: The name 'Assert' does not exist in the current context [C:\Users\kartang\Documents\GitHub\Aspnet\ApplicationInsights-aspnet5\test\FunctionalTestUtils\FunctionalTestUtils.xproj]
C:\Users\kartang\Documents\GitHub\Aspnet\ApplicationInsights-aspnet5\test\FunctionalTestUtils\TelemetryTestsBase.cs(49,13): DNXCore,Version=v5.0 error CS0103: The name 'Assert' does not exist in the current context [C:\Users\kartang\Documents\GitHub\Aspnet\ApplicationInsights-aspnet5\test\FunctionalTestUtils\FunctionalTestUtils.xproj]
C:\Users\kartang\Documents\GitHub\Aspnet\ApplicationInsights-aspnet5\test\FunctionalTestUtils\TelemetryTestsBase.cs(50,13): DNXCore,Version=v5.0 error CS0103: The name 'Assert' does not exist in the current context [C:\Users\kartang\Documents\GitHub\Aspnet\ApplicationInsights-aspnet5\test\FunctionalTestUtils\FunctionalTestUtils.xproj]
C:\Users\kartang\Documents\GitHub\Aspnet\ApplicationInsights-aspnet5\test\FunctionalTestUtils\TelemetryTestsBase.cs(51,13): DNXCore,Version=v5.0 error CS0103: The name 'Assert' does not exist in the current context [C:\Users\kartang\Documents\GitHub\Aspnet\ApplicationInsights-aspnet5\test\FunctionalTestUtils\FunctionalTestUtils.xproj]
C:\Users\kartang\Documents\GitHub\Aspnet\ApplicationInsights-aspnet5\test\FunctionalTestUtils\TelemetryTestsBase.cs(52,13): DNXCore,Version=v5.0 error CS0103: The name 'Assert' does not exist in the current context [C:\Users\kartang\Documents\GitHub\Aspnet\ApplicationInsights-aspnet5\test\FunctionalTestUtils\FunctionalTestUtils.xproj]
C:\Users\kartang\Documents\GitHub\Aspnet\ApplicationInsights-aspnet5\test\FunctionalTestUtils\TelemetryTestsBase.cs(53,13): DNXCore,Version=v5.0 error CS0103: The name 'Assert' does not exist in the current context [C:\Users\kartang\Documents\GitHub\Aspnet\ApplicationInsights-aspnet5\test\FunctionalTestUtils\FunctionalTestUtils.xproj]
C:\Program Files (x86)\MSBuild\Microsoft\VisualStudio\v14.0\DNX\Microsoft.DNX.targets(158,5): error : Build failed. [C:\Users\kartang\Documents\GitHub\Aspnet\ApplicationInsights-aspnet5\test\FunctionalTestUtils\FunctionalTestUtils.xproj]
C:\Users\kartang\Documents\GitHub\Aspnet\ApplicationInsights-aspnet5\test\WebApiShimFw46.FunctionalTests\FunctionalTest\DependencyTelemetryTests.cs(13,10): DNX,Version=v4.5.1 error CS0246: The type or namespace name 'Fact' could not be found (are you missing a using directive or an assembly reference?) [C:\Users\kartang\Documents\GitHub\Aspnet\ApplicationInsights-aspnet5\test\WebApiShimFw46.FunctionalTests\WebApiShimFw46.FunctionalTests.xproj]
C:\Users\kartang\Documents\GitHub\Aspnet\ApplicationInsights-aspnet5\test\WebApiShimFw46.FunctionalTests\FunctionalTest\ExceptionTelemetryTests.cs(15,10): DNX,Version=v4.5.1 error CS0246: The type or namespace name 'Fact' could not be found (are you missing a using directive or an assembly reference?) [C:\Users\kartang\Documents\GitHub\Aspnet\ApplicationInsights-aspnet5\test\WebApiShimFw46.FunctionalTests\WebApiShimFw46.FunctionalTests.xproj]
C:\Users\kartang\Documents\GitHub\Aspnet\ApplicationInsights-aspnet5\test\WebApiShimFw46.FunctionalTests\FunctionalTest\ExceptionTelemetryTests.cs(35,10): DNX,Version=v4.5.1 error CS0246: The type or namespace name 'Fact' could not be found (are you missing a using directive or an assembly reference?) [C:\Users\kartang\Documents\GitHub\Aspnet\ApplicationInsights-aspnet5\test\WebApiShimFw46.FunctionalTests\WebApiShimFw46.FunctionalTests.xproj]
C:\Users\kartang\Documents\GitHub\Aspnet\ApplicationInsights-aspnet5\test\WebApiShimFw46.FunctionalTests\FunctionalTest\RequestTelemetryTests.cs(11,10): DNX,Version=v4.5.1 error CS0246: The type or namespace name 'Fact' could not be found (are you missing a using directive or an assembly reference?) [C:\Users\kartang\Documents\GitHub\Aspnet\ApplicationInsights-aspnet5\test\WebApiShimFw46.FunctionalTests\WebApiShimFw46.FunctionalTests.xproj]
C:\Users\kartang\Documents\GitHub\Aspnet\ApplicationInsights-aspnet5\test\WebApiShimFw46.FunctionalTests\FunctionalTest\RequestTelemetryTests.cs(29,10): DNX,Version=v4.5.1 error CS0246: The type or namespace name 'Fact' could not be found (are you missing a using directive or an assembly reference?) [C:\Users\kartang\Documents\GitHub\Aspnet\ApplicationInsights-aspnet5\test\WebApiShimFw46.FunctionalTests\WebApiShimFw46.FunctionalTests.xproj]
C:\Users\kartang\Documents\GitHub\Aspnet\ApplicationInsights-aspnet5\test\WebApiShimFw46.FunctionalTests\FunctionalTest\RequestTelemetryTests.cs(47,10): DNX,Version=v4.5.1 error CS0246: The type or namespace name 'Fact' could not be found (are you missing a using directive or an assembly reference?) [C:\Users\kartang\Documents\GitHub\Aspnet\ApplicationInsights-aspnet5\test\WebApiShimFw46.FunctionalTests\WebApiShimFw46.FunctionalTests.xproj]
C:\Users\kartang\Documents\GitHub\Aspnet\ApplicationInsights-aspnet5\test\WebApiShimFw46.FunctionalTests\Startup.cs(28,54): DNX,Version=v4.5.1 error CS1503: Argument 2: cannot convert from 'FunctionalTestUtils.BackTelemetryChannel' to 'System.Func<System.IServiceProvider, Microsoft.ApplicationInsights.Channel.ITelemetryChannel>' [C:\Users\kartang\Documents\GitHub\Aspnet\ApplicationInsights-aspnet5\test\WebApiShimFw46.FunctionalTests\WebApiShimFw46.FunctionalTests.xproj]
C:\Users\kartang\Documents\GitHub\Aspnet\ApplicationInsights-aspnet5\test\WebApiShimFw46.FunctionalTests\FunctionalTest\DependencyTelemetryTests.cs(13,10): DNXCore,Version=v5.0 error CS0246: The type or namespace name 'Fact' could not be found (are you missing a using directive or an assembly reference?) [C:\Users\kartang\Documents\GitHub\Aspnet\ApplicationInsights-aspnet5\test\WebApiShimFw46.FunctionalTests\WebApiShimFw46.FunctionalTests.xproj]
C:\Users\kartang\Documents\GitHub\Aspnet\ApplicationInsights-aspnet5\test\WebApiShimFw46.FunctionalTests\FunctionalTest\ExceptionTelemetryTests.cs(15,10): DNXCore,Version=v5.0 error CS0246: The type or namespace name 'Fact' could not be found (are you missing a using directive or an assembly reference?) [C:\Users\kartang\Documents\GitHub\Aspnet\ApplicationInsights-aspnet5\test\WebApiShimFw46.FunctionalTests\WebApiShimFw46.FunctionalTests.xproj]
C:\Users\kartang\Documents\GitHub\Aspnet\ApplicationInsights-aspnet5\test\WebApiShimFw46.FunctionalTests\FunctionalTest\ExceptionTelemetryTests.cs(35,10): DNXCore,Version=v5.0 error CS0246: The type or namespace name 'Fact' could not be found (are you missing a using directive or an assembly reference?) [C:\Users\kartang\Documents\GitHub\Aspnet\ApplicationInsights-aspnet5\test\WebApiShimFw46.FunctionalTests\WebApiShimFw46.FunctionalTests.xproj]
C:\Users\kartang\Documents\GitHub\Aspnet\ApplicationInsights-aspnet5\test\WebApiShimFw46.FunctionalTests\FunctionalTest\RequestTelemetryTests.cs(11,10): DNXCore,Version=v5.0 error CS0246: The type or namespace name 'Fact' could not be found (are you missing a using directive or an assembly reference?) [C:\Users\kartang\Documents\GitHub\Aspnet\ApplicationInsights-aspnet5\test\WebApiShimFw46.FunctionalTests\WebApiShimFw46.FunctionalTests.xproj]
C:\Users\kartang\Documents\GitHub\Aspnet\ApplicationInsights-aspnet5\test\WebApiShimFw46.FunctionalTests\FunctionalTest\RequestTelemetryTests.cs(29,10): DNXCore,Version=v5.0 error CS0246: The type or namespace name 'Fact' could not be found (are you missing a using directive or an assembly reference?) [C:\Users\kartang\Documents\GitHub\Aspnet\ApplicationInsights-aspnet5\test\WebApiShimFw46.FunctionalTests\WebApiShimFw46.FunctionalTests.xproj]
C:\Users\kartang\Documents\GitHub\Aspnet\ApplicationInsights-aspnet5\test\WebApiShimFw46.FunctionalTests\FunctionalTest\RequestTelemetryTests.cs(47,10): DNXCore,Version=v5.0 error CS0246: The type or namespace name 'Fact' could not be found (are you missing a using directive or an assembly reference?) [C:\Users\kartang\Documents\GitHub\Aspnet\ApplicationInsights-aspnet5\test\WebApiShimFw46.FunctionalTests\WebApiShimFw46.FunctionalTests.xproj]
C:\Users\kartang\Documents\GitHub\Aspnet\ApplicationInsights-aspnet5\test\WebApiShimFw46.FunctionalTests\Startup.cs(28,54): DNXCore,Version=v5.0 error CS1503: Argument 2: cannot convert from 'FunctionalTestUtils.BackTelemetryChannel' to 'System.Func<System.IServiceProvider, Microsoft.ApplicationInsights.Channel.ITelemetryChannel>' [C:\Users\kartang\Documents\GitHub\Aspnet\ApplicationInsights-aspnet5\test\WebApiShimFw46.FunctionalTests\WebApiShimFw46.FunctionalTests.xproj]
C:\Program Files (x86)\MSBuild\Microsoft\VisualStudio\v14.0\DNX\Microsoft.DNX.targets(158,5): error : Build failed. [C:\Users\kartang\Documents\GitHub\Aspnet\ApplicationInsights-aspnet5\test\WebApiShimFw46.FunctionalTests\WebApiShimFw46.FunctionalTests.xproj]
C:\Users\kartang\Documents\GitHub\Aspnet\ApplicationInsights-aspnet5\test\EmptyApp.FunctionalTests\FunctionalTest\DependencyTelemetryTests.cs(14,10): DNX,Version=v4.5.1 error CS0246: The type or namespace name 'Fact' could not be found (are you missing a using directive or an assembly reference?) [C:\Users\kartang\Documents\GitHub\Aspnet\ApplicationInsights-aspnet5\test\EmptyApp.FunctionalTests\EmptyApp.FunctionalTests.xproj]
C:\Users\kartang\Documents\GitHub\Aspnet\ApplicationInsights-aspnet5\test\EmptyApp.FunctionalTests\FunctionalTest\ExceptionTelemetryTests.cs(12,10): DNX,Version=v4.5.1 error CS0246: The type or namespace name 'Fact' could not be found (are you missing a using directive or an assembly reference?) [C:\Users\kartang\Documents\GitHub\Aspnet\ApplicationInsights-aspnet5\test\EmptyApp.FunctionalTests\EmptyApp.FunctionalTests.xproj]
C:\Users\kartang\Documents\GitHub\Aspnet\ApplicationInsights-aspnet5\test\EmptyApp.FunctionalTests\FunctionalTest\ExceptionTelemetryTests.cs(31,10): DNX,Version=v4.5.1 error CS0246: The type or namespace name 'Fact' could not be found (are you missing a using directive or an assembly reference?) [C:\Users\kartang\Documents\GitHub\Aspnet\ApplicationInsights-aspnet5\test\EmptyApp.FunctionalTests\EmptyApp.FunctionalTests.xproj]
C:\Users\kartang\Documents\GitHub\Aspnet\ApplicationInsights-aspnet5\test\EmptyApp.FunctionalTests\FunctionalTest\RequestTelemetryTests.cs(13,10): DNX,Version=v4.5.1 error CS0246: The type or namespace name 'Fact' could not be found (are you missing a using directive or an assembly reference?) [C:\Users\kartang\Documents\GitHub\Aspnet\ApplicationInsights-aspnet5\test\EmptyApp.FunctionalTests\EmptyApp.FunctionalTests.xproj]
C:\Users\kartang\Documents\GitHub\Aspnet\ApplicationInsights-aspnet5\test\EmptyApp.FunctionalTests\FunctionalTest\RequestTelemetryTests.cs(31,10): DNX,Version=v4.5.1 error CS0246: The type or namespace name 'Fact' could not be found (are you missing a using directive or an assembly reference?) [C:\Users\kartang\Documents\GitHub\Aspnet\ApplicationInsights-aspnet5\test\EmptyApp.FunctionalTests\EmptyApp.FunctionalTests.xproj]
C:\Users\kartang\Documents\GitHub\Aspnet\ApplicationInsights-aspnet5\test\EmptyApp.FunctionalTests\FunctionalTest\RequestTelemetryTests.cs(49,10): DNX,Version=v4.5.1 error CS0246: The type or namespace name 'Fact' could not be found (are you missing a using directive or an assembly reference?) [C:\Users\kartang\Documents\GitHub\Aspnet\ApplicationInsights-aspnet5\test\EmptyApp.FunctionalTests\EmptyApp.FunctionalTests.xproj]
C:\Users\kartang\Documents\GitHub\Aspnet\ApplicationInsights-aspnet5\test\EmptyApp.FunctionalTests\Startup.cs(24,54): DNX,Version=v4.5.1 error CS1503: Argument 2: cannot convert from 'FunctionalTestUtils.BackTelemetryChannel' to 'System.Func<System.IServiceProvider, Microsoft.ApplicationInsights.Channel.ITelemetryChannel>' [C:\Users\kartang\Documents\GitHub\Aspnet\ApplicationInsights-aspnet5\test\EmptyApp.FunctionalTests\EmptyApp.FunctionalTests.xproj]
C:\Users\kartang\Documents\GitHub\Aspnet\ApplicationInsights-aspnet5\test\EmptyApp.FunctionalTests\FunctionalTest\RequestTelemetryTests.cs(63,17): DNX,Version=v4.5.1 error CS0103: The name 'Assert' does not exist in the current context [C:\Users\kartang\Documents\GitHub\Aspnet\ApplicationInsights-aspnet5\test\EmptyApp.FunctionalTests\EmptyApp.FunctionalTests.xproj]
C:\Users\kartang\Documents\GitHub\Aspnet\ApplicationInsights-aspnet5\test\EmptyApp.FunctionalTests\FunctionalTest\RequestTelemetryTests.cs(64,17): DNX,Version=v4.5.1 error CS0103: The name 'Assert' does not exist in the current context [C:\Users\kartang\Documents\GitHub\Aspnet\ApplicationInsights-aspnet5\test\EmptyApp.FunctionalTests\EmptyApp.FunctionalTests.xproj]
C:\Users\kartang\Documents\GitHub\Aspnet\ApplicationInsights-aspnet5\test\EmptyApp.FunctionalTests\FunctionalTest\RequestTelemetryTests.cs(65,17): DNX,Version=v4.5.1 error CS0103: The name 'Assert' does not exist in the current context [C:\Users\kartang\Documents\GitHub\Aspnet\ApplicationInsights-aspnet5\test\EmptyApp.FunctionalTests\EmptyApp.FunctionalTests.xproj]
C:\Users\kartang\Documents\GitHub\Aspnet\ApplicationInsights-aspnet5\test\EmptyApp.FunctionalTests\FunctionalTest\RequestTelemetryTests.cs(66,17): DNX,Version=v4.5.1 error CS0103: The name 'Assert' does not exist in the current context [C:\Users\kartang\Documents\GitHub\Aspnet\ApplicationInsights-aspnet5\test\EmptyApp.FunctionalTests\EmptyApp.FunctionalTests.xproj]
C:\Users\kartang\Documents\GitHub\Aspnet\ApplicationInsights-aspnet5\test\EmptyApp.FunctionalTests\FunctionalTest\RequestTelemetryTests.cs(67,17): DNX,Version=v4.5.1 error CS0103: The name 'Assert' does not exist in the current context [C:\Users\kartang\Documents\GitHub\Aspnet\ApplicationInsights-aspnet5\test\EmptyApp.FunctionalTests\EmptyApp.FunctionalTests.xproj]
C:\Users\kartang\Documents\GitHub\Aspnet\ApplicationInsights-aspnet5\test\EmptyApp.FunctionalTests\FunctionalTest\DependencyTelemetryTests.cs(14,10): DNXCore,Version=v5.0 error CS0246: The type or namespace name 'Fact' could not be found (are you missing a using directive or an assembly reference?) [C:\Users\kartang\Documents\GitHub\Aspnet\ApplicationInsights-aspnet5\test\EmptyApp.FunctionalTests\EmptyApp.FunctionalTests.xproj]
C:\Users\kartang\Documents\GitHub\Aspnet\ApplicationInsights-aspnet5\test\EmptyApp.FunctionalTests\FunctionalTest\ExceptionTelemetryTests.cs(12,10): DNXCore,Version=v5.0 error CS0246: The type or namespace name 'Fact' could not be found (are you missing a using directive or an assembly reference?) [C:\Users\kartang\Documents\GitHub\Aspnet\ApplicationInsights-aspnet5\test\EmptyApp.FunctionalTests\EmptyApp.FunctionalTests.xproj]
C:\Users\kartang\Documents\GitHub\Aspnet\ApplicationInsights-aspnet5\test\EmptyApp.FunctionalTests\FunctionalTest\ExceptionTelemetryTests.cs(31,10): DNXCore,Version=v5.0 error CS0246: The type or namespace name 'Fact' could not be found (are you missing a using directive or an assembly reference?) [C:\Users\kartang\Documents\GitHub\Aspnet\ApplicationInsights-aspnet5\test\EmptyApp.FunctionalTests\EmptyApp.FunctionalTests.xproj]
C:\Users\kartang\Documents\GitHub\Aspnet\ApplicationInsights-aspnet5\test\EmptyApp.FunctionalTests\FunctionalTest\RequestTelemetryTests.cs(13,10): DNXCore,Version=v5.0 error CS0246: The type or namespace name 'Fact' could not be found (are you missing a using directive or an assembly reference?) [C:\Users\kartang\Documents\GitHub\Aspnet\ApplicationInsights-aspnet5\test\EmptyApp.FunctionalTests\EmptyApp.FunctionalTests.xproj]
C:\Users\kartang\Documents\GitHub\Aspnet\ApplicationInsights-aspnet5\test\EmptyApp.FunctionalTests\FunctionalTest\RequestTelemetryTests.cs(31,10): DNXCore,Version=v5.0 error CS0246: The type or namespace name 'Fact' could not be found (are you missing a using directive or an assembly reference?) [C:\Users\kartang\Documents\GitHub\Aspnet\ApplicationInsights-aspnet5\test\EmptyApp.FunctionalTests\EmptyApp.FunctionalTests.xproj]
C:\Users\kartang\Documents\GitHub\Aspnet\ApplicationInsights-aspnet5\test\EmptyApp.FunctionalTests\FunctionalTest\RequestTelemetryTests.cs(49,10): DNXCore,Version=v5.0 error CS0246: The type or namespace name 'Fact' could not be found (are you missing a using directive or an assembly reference?) [C:\Users\kartang\Documents\GitHub\Aspnet\ApplicationInsights-aspnet5\test\EmptyApp.FunctionalTests\EmptyApp.FunctionalTests.xproj]
C:\Users\kartang\Documents\GitHub\Aspnet\ApplicationInsights-aspnet5\test\EmptyApp.FunctionalTests\Startup.cs(24,54): DNXCore,Version=v5.0 error CS1503: Argument 2: cannot convert from 'FunctionalTestUtils.BackTelemetryChannel' to 'System.Func<System.IServiceProvider, Microsoft.ApplicationInsights.Channel.ITelemetryChannel>' [C:\Users\kartang\Documents\GitHub\Aspnet\ApplicationInsights-aspnet5\test\EmptyApp.FunctionalTests\EmptyApp.FunctionalTests.xproj]
C:\Users\kartang\Documents\GitHub\Aspnet\ApplicationInsights-aspnet5\test\EmptyApp.FunctionalTests\FunctionalTest\RequestTelemetryTests.cs(63,17): DNXCore,Version=v5.0 error CS0103: The name 'Assert' does not exist in the current context [C:\Users\kartang\Documents\GitHub\Aspnet\ApplicationInsights-aspnet5\test\EmptyApp.FunctionalTests\EmptyApp.FunctionalTests.xproj]
C:\Users\kartang\Documents\GitHub\Aspnet\ApplicationInsights-aspnet5\test\EmptyApp.FunctionalTests\FunctionalTest\RequestTelemetryTests.cs(64,17): DNXCore,Version=v5.0 error CS0103: The name 'Assert' does not exist in the current context [C:\Users\kartang\Documents\GitHub\Aspnet\ApplicationInsights-aspnet5\test\EmptyApp.FunctionalTests\EmptyApp.FunctionalTests.xproj]
C:\Users\kartang\Documents\GitHub\Aspnet\ApplicationInsights-aspnet5\test\EmptyApp.FunctionalTests\FunctionalTest\RequestTelemetryTests.cs(65,17): DNXCore,Version=v5.0 error CS0103: The name 'Assert' does not exist in the current context [C:\Users\kartang\Documents\GitHub\Aspnet\ApplicationInsights-aspnet5\test\EmptyApp.FunctionalTests\EmptyApp.FunctionalTests.xproj]
C:\Users\kartang\Documents\GitHub\Aspnet\ApplicationInsights-aspnet5\test\EmptyApp.FunctionalTests\FunctionalTest\RequestTelemetryTests.cs(66,17): DNXCore,Version=v5.0 error CS0103: The name 'Assert' does not exist in the current context [C:\Users\kartang\Documents\GitHub\Aspnet\ApplicationInsights-aspnet5\test\EmptyApp.FunctionalTests\EmptyApp.FunctionalTests.xproj]
C:\Users\kartang\Documents\GitHub\Aspnet\ApplicationInsights-aspnet5\test\EmptyApp.FunctionalTests\FunctionalTest\RequestTelemetryTests.cs(67,17): DNXCore,Version=v5.0 error CS0103: The name 'Assert' does not exist in the current context [C:\Users\kartang\Documents\GitHub\Aspnet\ApplicationInsights-aspnet5\test\EmptyApp.FunctionalTests\EmptyApp.FunctionalTests.xproj]
C:\Program Files (x86)\MSBuild\Microsoft\VisualStudio\v14.0\DNX\Microsoft.DNX.targets(158,5): error : Build failed. [C:\Users\kartang\Documents\GitHub\Aspnet\ApplicationInsights-aspnet5\test\EmptyApp.FunctionalTests\EmptyApp.FunctionalTests.xproj]
